2018-03-15 10:25:10 root         DEBUG    ** Executing def __init__(self):
2018-03-15 10:25:10 database     DEBUG    SELECT * FROM `airfields` WHERE 1
2018-03-15 10:25:10 root         INFO     Serial port initialised
2018-03-15 10:25:14 root         INFO     Serial port initialised
2018-03-15 10:25:14 root         DEBUG    Raw             :001816184 @@ALERT F180301004 KYAB4 G&SC1 TREE FIRE BEHIND CALLERS ADDRESS 12 CROW CR KYABRAM /MELLIS ST SVNE 8362 E5 (243803) LAT/LON:-36.3059159, 145.0437140 DISP520 AIRSHP CKYAB CMGUM CTGAL HEL331
2018-03-15 10:25:14 database     DEBUG    SELECT * FROM `airfields` WHERE capcode = '001816184';
2018-03-15 10:25:14 root         DEBUG    Priority        :EMERGENCY
2018-03-15 10:25:14 root         DEBUG    Message         :ALERT F180301004 KYAB4 G&SC1 TREE FIRE BEHIND CALLERS ADDRESS 12 CROW CR KYABRAM /MELLIS ST SVNE 8362 E5 (243803) LAT/LON:-36.3059159, 145.0437140 DISP520 AIRSHP CKYAB CMGUM CTGAL HEL331
2018-03-15 10:25:14 root         DEBUG    Alert           :ALERT
2018-03-15 10:25:14 root         DEBUG    Fnumber         :F180301004
2018-03-15 10:25:14 root         DEBUG    IncidentType    :G&SC1
2018-03-15 10:25:14 root         DEBUG    AssignmentArea  :KYAB4
2018-03-15 10:25:14 root         DEBUG    Dispatch channel:520 
2018-03-15 10:25:14 root         DEBUG    Map ref         :SVNE 8362 E5
2018-03-15 10:25:14 root         DEBUG    Latitude        :-36.3059159
2018-03-15 10:25:14 root         DEBUG    Longitude       :145.0437140
2018-03-15 10:25:14 root         DEBUG    Remaining msg   :TREE FIRE BEHIND CALLERS ADDRESS 12 CROW CR KYABRAM /MELLIS ST (243803) AIRSHP CKYAB CMGUM CTGAL HEL331
2018-03-15 10:25:14 root         DEBUG    parse_alert            :True
2018-03-15 10:25:14 root         DEBUG    parse_f_number         :True
2018-03-15 10:25:14 root         DEBUG    parse_incident_type    :True
2018-03-15 10:25:14 root         DEBUG    parse_assignment_area  :True
2018-03-15 10:25:14 root         DEBUG    parse_dispatch_channel :True
2018-03-15 10:25:14 root         DEBUG    parse_mapbook          :True
2018-03-15 10:25:14 root         DEBUG    parse_lat_long         :True
2018-03-15 10:25:14 database     DEBUG    SELECT * FROM `airfield_bomber_reloading` ORDER BY `name`
2018-03-15 10:25:14 database     DEBUG    SELECT * FROM `airfield_aws` WHERE short_name = 'AIRSHP';
2018-03-15 10:25:16 weather      DEBUG    AWS for parsing is Shepparton
2018-03-15 10:25:16 weather      DEBUG    1013 EDT on Thursday, 15 March 2018
2018-03-15 10:25:17 weather      DEBUG    Shepparton at 13
2018-03-15 10:25:17 weather      DEBUG    FFDI: 16
2018-03-15 10:25:17 weather      DEBUG    GFDI: 9
