2018-02-24 09:56:55 root         DEBUG    Alert           :ALERT
2018-02-24 09:56:55 root         DEBUG    Fnumber         :F180209113
2018-02-24 09:56:55 root         DEBUG    IncidentType    :G&SC1
2018-02-24 09:56:55 root         DEBUG    AssignmentArea  :DIAM2
2018-02-24 09:56:55 root         DEBUG    Map ref         :M 11 E7
2018-02-24 09:56:55 root         DEBUG    Lat/Lon         :-37.6780952, 145.1290808
2018-02-24 09:56:55 root         DEBUG    Remaining msg   :FIRE IN BACK YARD 69 DAVID HOCKNEY DR DIAMOND CREEK /MONOMEATH AV //OLD AQUEDUCT RD (350282) DISP61 AIROLN CDIAM CEHAMS CPLEN HEL331
2018-02-24 15:30:22 root         DEBUG    Alert           :ALERT
2018-02-24 15:30:22 root         DEBUG    Fnumber         :F180209198
2018-02-24 15:30:22 root         DEBUG    IncidentType    :G&SC1
2018-02-24 15:30:22 root         DEBUG    AssignmentArea  :WATT3
2018-02-24 15:30:22 root         DEBUG    Map ref         :M 271 A5
2018-02-24 15:30:22 root         DEBUG    Lat/Lon         :-37.6697589, 145.1998918
2018-02-24 15:30:22 root         DEBUG    Remaining msg   :UNDEFINED FIRE WATERY GULLY RD KANGAROO GROUND (412293) DISP61 AIROLN CKANG CWATT HEL331
2018-02-24 16:05:11 root         DEBUG    Alert           :ALERT
2018-02-24 16:05:11 root         DEBUG    Fnumber         :F180209208
2018-02-24 16:05:11 root         DEBUG    IncidentType    :G&SC1
2018-02-24 16:05:11 root         DEBUG    AssignmentArea  :NEWM1
2018-02-24 16:05:11 root         DEBUG    Map ref         :SVSE 6561 D14
2018-02-24 16:05:11 root         DEBUG    Lat/Lon         :-37.7427844, 148.4005658
2018-02-24 16:05:11 root         DEBUG    Remaining msg   :GRASS FIRE IN PADDOCK 179 JOINERS RD NEWMERELLA /ROBINSONS RD //COLLIS RD (233217) DISP511 AIRBNS BOM361 BOM362 CNEWM CORBO FBD304
2018-02-24 16:08:30 root         DEBUG    Alert           :ALERT
2018-02-24 16:08:30 root         DEBUG    Fnumber         :F180209209
2018-02-24 16:08:30 root         DEBUG    IncidentType    :G&SC1
2018-02-24 16:08:30 root         DEBUG    AssignmentArea  :MERT3
2018-02-24 16:08:30 root         DEBUG    Map ref         :SVNE 8368 A6
2018-02-24 16:08:30 root         DEBUG    Lat/Lon         :-36.9847365, 145.7010156
2018-02-24 16:08:30 root         DEBUG    Remaining msg   :GRASS FIRE SPREADING AT SOURGOURN AT CNR MAROONDAH HWY/OLD GOBUR RD MERTON (843060) DISP523 AIRMFD BOM358 CBONN CMERT CYARK FBD311 HEL348
2018-02-24 16:31:38 root         DEBUG    Not a FIRECALL
2018-02-24 18:27:06 root         DEBUG    Alert           :ALERT
2018-02-24 18:27:06 root         DEBUG    Fnumber         :F180209244
2018-02-24 18:27:06 root         DEBUG    IncidentType    :G&SC1
2018-02-24 18:27:06 root         DEBUG    AssignmentArea  :MTBU1
2018-02-24 18:27:06 root         DEBUG    Map ref         :SVC 6520 J4
2018-02-24 18:27:06 root         DEBUG    Lat/Lon         :-37.6298657, 143.9328001
2018-02-24 18:27:06 root         DEBUG    Remaining msg   :UNDEFINED FIRE 188 POUND CREEK RD NAVIGATORS /TED LYONS RD //YENDON NO ONE RD (588312) DISP515 AIRBLT CBRATS CMTBU CMWAR FBD307 HEL347
2018-02-24 18:39:15 root         DEBUG    Alert           :ALERT
2018-02-24 18:39:15 root         DEBUG    Fnumber         :F180209247
2018-02-24 18:39:15 root         DEBUG    IncidentType    :G&SC1
2018-02-24 18:39:15 root         DEBUG    AssignmentArea  :MURC1
2018-02-24 18:39:15 root         DEBUG    Map ref         :SVNE 291 D10
2018-02-24 18:39:15 root         DEBUG    Lat/Lon         :-36.5794328, 145.1682936
2018-02-24 18:39:15 root         DEBUG    Remaining msg   :GRASS FIRE SPREADING CNR CAMP RD/ANGLE RD MURCHISON (361502) DISP522 AIRMGL CMURC CTATU CTOBA HEL339
2018-02-24 18:52:53 root         DEBUG    Not a FIRECALL
