2018-03-04 00:12:47 database     DEBUG    SELECT * FROM `airfields` WHERE capcode = '000571896';
2018-03-04 00:12:51 database     DEBUG    SELECT * FROM `airfields` WHERE capcode = '000571840';
2018-03-04 00:12:54 database     DEBUG    SELECT * FROM `airfields` WHERE capcode = '000672096';
2018-03-04 00:12:57 database     DEBUG    SELECT * FROM `airfields` WHERE capcode = '000571896';
2018-03-04 00:13:00 database     DEBUG    SELECT * FROM `airfields` WHERE capcode = '000571840';
2018-03-04 00:13:03 database     DEBUG    SELECT * FROM `airfields` WHERE capcode = '000672096';
2018-03-04 00:14:48 database     DEBUG    SELECT * FROM `airfields` WHERE capcode = '000568216';
2018-03-04 00:14:52 database     DEBUG    SELECT * FROM `airfields` WHERE capcode = '000672064';
2018-03-04 00:14:56 database     DEBUG    SELECT * FROM `airfields` WHERE capcode = '001845560';
2018-03-04 00:15:00 database     DEBUG    SELECT * FROM `airfields` WHERE capcode = '000568848';
2018-03-04 00:28:53 database     DEBUG    SELECT * FROM `airfields` WHERE capcode = '000568488';
2018-03-04 00:28:56 database     DEBUG    SELECT * FROM `airfields` WHERE capcode = '000568384';
2018-03-04 00:28:59 database     DEBUG    SELECT * FROM `airfields` WHERE capcode = '000672064';
2018-03-04 00:29:02 database     DEBUG    SELECT * FROM `airfields` WHERE capcode = '001845560';
2018-03-04 00:36:21 database     DEBUG    SELECT * FROM `airfields` WHERE capcode = '002085338';
2018-03-04 00:36:21 database     DEBUG    SELECT * FROM `airfields` WHERE capcode = '000130995';
2018-03-04 00:36:21 database     DEBUG    SELECT * FROM `airfields` WHERE capcode = '001868621';
2018-03-04 01:25:47 database     DEBUG    SELECT * FROM `airfields` WHERE capcode = '001097272';
2018-03-04 01:25:47 database     DEBUG    SELECT * FROM `airfields` WHERE capcode = '001340113';
2018-03-04 01:25:47 database     DEBUG    SELECT * FROM `airfields` WHERE capcode = '001561794';
2018-03-04 01:25:47 database     DEBUG    SELECT * FROM `airfields` WHERE capcode = '001211067';
2018-03-04 01:25:47 database     DEBUG    SELECT * FROM `airfields` WHERE capcode = '001340876';
2018-03-04 01:36:46 database     DEBUG    SELECT * FROM `airfields` WHERE capcode = '001287498';
2018-03-04 01:36:47 database     DEBUG    SELECT * FROM `airfields` WHERE capcode = '000963299';
2018-03-04 01:36:47 database     DEBUG    SELECT * FROM `airfields` WHERE capcode = '001870087';
2018-03-04 02:07:15 database     DEBUG    SELECT * FROM `airfields` WHERE capcode = '000971801';
2018-03-04 02:07:15 database     DEBUG    SELECT * FROM `airfields` WHERE capcode = '000680699';
2018-03-04 02:07:15 database     DEBUG    SELECT * FROM `airfields` WHERE capcode = '001241046';
2018-03-04 02:49:05 database     DEBUG    SELECT * FROM `airfields` WHERE capcode = '001171636';
2018-03-04 02:49:05 database     DEBUG    SELECT * FROM `airfields` WHERE capcode = '.40_ABCDE';
2018-03-04 03:36:29 database     DEBUG    SELECT * FROM `airfields` WHERE capcode = '000579064';
2018-03-04 03:36:33 database     DEBUG    SELECT * FROM `airfields` WHERE capcode = '000579016';
2018-03-04 03:36:34 database     DEBUG    SELECT * FROM `airfields` WHERE capcode = '001664153';
2018-03-04 03:36:40 database     DEBUG    SELECT * FROM `airfields` WHERE capcode = '000579376';
2018-03-04 03:36:45 database     DEBUG    SELECT * FROM `airfields` WHERE capcode = '000672144';
2018-03-04 03:36:50 database     DEBUG    SELECT * FROM `airfields` WHERE capcode = '000578928';
2018-03-04 04:10:51 database     DEBUG    SELECT * FROM `airfields` WHERE capcode = '000566960';
2018-03-04 04:10:54 database     DEBUG    SELECT * FROM `airfields` WHERE capcode = '000672048';
2018-03-04 04:24:09 database     DEBUG    SELECT * FROM `airfields` WHERE capcode = '001856916';
2018-03-04 04:33:54 database     DEBUG    SELECT * FROM `airfields` WHERE capcode = '001048689';
2018-03-04 04:33:54 database     DEBUG    SELECT * FROM `airfields` WHERE capcode = '001261299';
2018-03-04 04:33:54 database     DEBUG    SELECT * FROM `airfields` WHERE capcode = '000502615';
2018-03-04 04:35:38 database     DEBUG    SELECT * FROM `airfields` WHERE capcode = '001322312';
2018-03-04 04:35:38 database     DEBUG    SELECT * FROM `airfields` WHERE capcode = '001003842';
2018-03-04 04:35:38 database     DEBUG    SELECT * FROM `airfields` WHERE capcode = '001544460';
2018-03-04 04:35:38 database     DEBUG    SELECT * FROM `airfields` WHERE capcode = '002018014';
2018-03-04 04:35:38 database     DEBUG    SELECT * FROM `airfields` WHERE capcode = '001417911';
2018-03-04 04:55:17 database     DEBUG    SELECT * FROM `airfields` WHERE capcode = '001353040';
2018-03-04 05:00:09 database     DEBUG    SELECT * FROM `airfields` WHERE capcode = '001856916';
2018-03-04 05:06:42 database     DEBUG    SELECT * FROM `airfields` WHERE capcode = '000839868';
2018-03-04 05:12:09 database     DEBUG    SELECT * FROM `airfields` WHERE capcode = '001856916';
2018-03-04 05:31:44 database     DEBUG    SELECT * FROM `airfields` WHERE capcode = '001953849';
2018-03-04 05:31:44 database     DEBUG    SELECT * FROM `airfields` WHERE capcode = '000253027';
2018-03-04 05:31:44 database     DEBUG    SELECT * FROM `airfields` WHERE capcode = '001084885';
2018-03-04 05:31:44 database     DEBUG    SELECT * FROM `airfields` WHERE capcode = '000627830';
2018-03-04 05:48:09 database     DEBUG    SELECT * FROM `airfields` WHERE capcode = '001856916';
2018-03-04 05:57:47 database     DEBUG    SELECT * FROM `airfields` WHERE capcode = '000571864';
2018-03-04 05:57:50 database     DEBUG    SELECT * FROM `airfields` WHERE capcode = '000571840';
2018-03-04 05:57:53 database     DEBUG    SELECT * FROM `airfields` WHERE capcode = '000672096';
2018-03-04 06:00:09 database     DEBUG    SELECT * FROM `airfields` WHERE capcode = '001856916';
2018-03-04 06:21:44 database     DEBUG    SELECT * FROM `airfields` WHERE capcode = '000833737';
2018-03-04 06:21:44 database     DEBUG    SELECT * FROM `airfields` WHERE capcode = '001643132';
2018-03-04 06:21:44 database     DEBUG    SELECT * FROM `airfields` WHERE capcode = '000271478';
2018-03-04 06:22:03 database     DEBUG    SELECT * FROM `airfields` WHERE capcode = '000307904';
2018-03-04 06:22:03 database     DEBUG    SELECT * FROM `airfields` WHERE capcode = '001161922';
2018-03-04 06:22:03 database     DEBUG    SELECT * FROM `airfields` WHERE capcode = '000396844';
2018-03-04 06:22:04 database     DEBUG    SELECT * FROM `airfields` WHERE capcode = '000289061';
2018-03-04 06:34:19 database     DEBUG    SELECT * FROM `airfields` WHERE capcode = '001368464';
2018-03-04 06:34:23 database     DEBUG    SELECT * FROM `airfields` WHERE capcode = '000572504';
2018-03-04 06:36:09 database     DEBUG    SELECT * FROM `airfields` WHERE capcode = '001856916';
2018-03-04 06:48:09 database     DEBUG    SELECT * FROM `airfields` WHERE capcode = '001856916';
2018-03-04 07:24:09 database     DEBUG    SELECT * FROM `airfields` WHERE capcode = '001856916';
2018-03-04 07:27:50 database     DEBUG    SELECT * FROM `airfields` WHERE capcode = '000183073';
2018-03-04 07:27:50 database     DEBUG    SELECT * FROM `airfields` WHERE capcode = '000783229';
2018-03-04 07:27:50 database     DEBUG    SELECT * FROM `airfields` WHERE capcode = '001820334';
2018-03-04 07:36:09 database     DEBUG    SELECT * FROM `airfields` WHERE capcode = '001856916';
2018-03-04 07:40:41 database     DEBUG    SELECT * FROM `airfields` WHERE capcode = '001674489';
2018-03-04 07:40:42 database     DEBUG    SELECT * FROM `airfields` WHERE capcode = '001959620';
2018-03-04 07:44:03 database     DEBUG    SELECT * FROM `airfields` WHERE capcode = '001845640';
2018-03-04 08:10:12 database     DEBUG    SELECT * FROM `airfields` WHERE capcode = '000579624';
2018-03-04 08:11:19 database     DEBUG    SELECT * FROM `airfields` WHERE capcode = '000581976';
2018-03-04 08:11:47 database     DEBUG    SELECT * FROM `airfields` WHERE capcode = '000240193';
2018-03-04 08:22:33 database     DEBUG    SELECT * FROM `airfields` WHERE capcode = '000577648';
2018-03-04 08:24:37 database     DEBUG    SELECT * FROM `airfields` WHERE capcode = '000560496';
2018-03-04 08:24:42 database     DEBUG    SELECT * FROM `airfields` WHERE capcode = '000560704';
2018-03-04 08:24:46 database     DEBUG    SELECT * FROM `airfields` WHERE capcode = '001075256';
2018-03-04 08:24:50 database     DEBUG    SELECT * FROM `airfields` WHERE capcode = '001075056';
2018-03-04 08:24:54 database     DEBUG    SELECT * FROM `airfields` WHERE capcode = '001075224';
2018-03-04 08:24:59 database     DEBUG    SELECT * FROM `airfields` WHERE capcode = '001075096';
2018-03-04 08:25:03 database     DEBUG    SELECT * FROM `airfields` WHERE capcode = '001075176';
2018-03-04 08:26:14 database     DEBUG    SELECT * FROM `airfields` WHERE capcode = '000725368';
2018-03-04 08:30:08 database     DEBUG    SELECT * FROM `airfields` WHERE capcode = '000240193';
2018-03-04 08:54:00 database     DEBUG    SELECT * FROM `airfields` WHERE capcode = '001541760';
2018-03-04 08:55:34 database     DEBUG    SELECT * FROM `airfields` WHERE capcode = '000241185';
2018-03-04 08:56:24 database     DEBUG    SELECT * FROM `airfields` WHERE capcode = '000577504';
2018-03-04 08:57:52 database     DEBUG    SELECT * FROM `airfields` WHERE capcode = '000563136';
2018-03-04 09:00:03 database     DEBUG    SELECT * FROM `airfields` WHERE capcode = '000570976';
2018-03-04 09:01:03 database     DEBUG    SELECT * FROM `airfields` WHERE capcode = '000573056';
2018-03-04 09:08:18 database     DEBUG    SELECT * FROM `airfields` WHERE capcode = '000588752';
2018-03-04 09:11:21 database     DEBUG    SELECT * FROM `airfields` WHERE capcode = '000560928';
2018-03-04 09:15:16 database     DEBUG    SELECT * FROM `airfields` WHERE capcode = '001618840';
2018-03-04 09:17:22 database     DEBUG    SELECT * FROM `airfields` WHERE capcode = '000563136';
2018-03-04 09:17:41 database     DEBUG    SELECT * FROM `airfields` WHERE capcode = '000560832';
2018-03-04 09:21:45 database     DEBUG    SELECT * FROM `airfields` WHERE capcode = '000573264';
2018-03-04 09:22:16 database     DEBUG    SELECT * FROM `airfields` WHERE capcode = '001591024';
2018-03-04 09:22:36 database     DEBUG    SELECT * FROM `airfields` WHERE capcode = '000560912';
2018-03-04 09:45:35 database     DEBUG    SELECT * FROM `airfields` WHERE capcode = '000567840';
2018-03-04 09:45:56 database     DEBUG    SELECT * FROM `airfields` WHERE capcode = '000565400';
2018-03-04 09:46:44 database     DEBUG    SELECT * FROM `airfields` WHERE capcode = '000577872';
2018-03-04 09:47:15 database     DEBUG    SELECT * FROM `airfields` WHERE capcode = '001993784';
2018-03-04 09:47:15 database     DEBUG    SELECT * FROM `airfields` WHERE capcode = '001487659';
2018-03-04 09:47:15 database     DEBUG    SELECT * FROM `airfields` WHERE capcode = '001039693';
2018-03-04 09:48:05 database     DEBUG    SELECT * FROM `airfields` WHERE capcode = '000590216';
2018-03-04 09:59:25 database     DEBUG    SELECT * FROM `airfields` WHERE capcode = '000576472';
2018-03-04 10:04:35 database     DEBUG    SELECT * FROM `airfields` WHERE capcode = '000566184';
2018-03-04 10:04:36 database     DEBUG    SELECT * FROM `airfields` WHERE capcode = '000571392';
2018-03-04 10:07:25 database     DEBUG    SELECT * FROM `airfields` WHERE capcode = '001213672';
2018-03-04 10:07:41 database     DEBUG    SELECT * FROM `airfields` WHERE capcode = '000566856';
2018-03-04 10:07:49 database     DEBUG    SELECT * FROM `airfields` WHERE capcode = '000566792';
2018-03-04 10:07:54 database     DEBUG    SELECT * FROM `airfields` WHERE capcode = '000240713';
2018-03-04 10:07:57 database     DEBUG    SELECT * FROM `airfields` WHERE capcode = '000566160';
2018-03-04 10:07:59 database     DEBUG    SELECT * FROM `airfields` WHERE capcode = '000003236';
2018-03-04 10:08:03 database     DEBUG    SELECT * FROM `airfields` WHERE capcode = '000672048';
2018-03-04 10:08:07 database     DEBUG    SELECT * FROM `airfields` WHERE capcode = '000566736';
2018-03-04 10:08:23 database     DEBUG    SELECT * FROM `airfields` WHERE capcode = '000573264';
2018-03-04 10:08:26 database     DEBUG    SELECT * FROM `airfields` WHERE capcode = '001100436';
2018-03-04 10:08:31 database     DEBUG    SELECT * FROM `airfields` WHERE capcode = '000573232';
2018-03-04 10:08:35 database     DEBUG    SELECT * FROM `airfields` WHERE capcode = '000572952';
2018-03-04 10:08:39 database     DEBUG    SELECT * FROM `airfields` WHERE capcode = '000672104';
2018-03-04 10:08:43 database     DEBUG    SELECT * FROM `airfields` WHERE capcode = '000573224';
2018-03-04 10:12:04 database     DEBUG    SELECT * FROM `airfields` WHERE capcode = '000570312';
2018-03-04 10:12:07 database     DEBUG    SELECT * FROM `airfields` WHERE capcode = '000003200';
2018-03-04 10:12:11 database     DEBUG    SELECT * FROM `airfields` WHERE capcode = '000570288';
2018-03-04 10:12:14 database     DEBUG    SELECT * FROM `airfields` WHERE capcode = '000672080';
2018-03-04 10:40:14 database     DEBUG    SELECT * FROM `airfields` WHERE capcode = '000676232';
2018-03-04 11:00:01 database     DEBUG    SELECT * FROM `airfields` WHERE capcode = '000672088';
2018-03-04 11:00:02 database     DEBUG    SELECT * FROM `airfields` WHERE capcode = '001605897';
2018-03-04 11:04:39 database     DEBUG    SELECT * FROM `airfields` WHERE capcode = '000578360';
2018-03-04 11:04:42 database     DEBUG    SELECT * FROM `airfields` WHERE capcode = '000578376';
2018-03-04 11:04:45 database     DEBUG    SELECT * FROM `airfields` WHERE capcode = '000578392';
2018-03-04 11:04:48 database     DEBUG    SELECT * FROM `airfields` WHERE capcode = '000578312';
2018-03-04 11:04:51 database     DEBUG    SELECT * FROM `airfields` WHERE capcode = '000578408';
2018-03-04 11:04:55 database     DEBUG    SELECT * FROM `airfields` WHERE capcode = '000578424';
2018-03-04 11:04:56 database     DEBUG    SELECT * FROM `airfields` WHERE capcode = '000761624';
2018-03-04 11:05:00 database     DEBUG    SELECT * FROM `airfields` WHERE capcode = '000578328';
2018-03-04 11:19:34 database     DEBUG    SELECT * FROM `airfields` WHERE capcode = '000567288';
2018-03-04 11:19:37 database     DEBUG    SELECT * FROM `airfields` WHERE capcode = '000566592';
2018-03-04 11:19:40 database     DEBUG    SELECT * FROM `airfields` WHERE capcode = '000566592';
2018-03-04 11:19:43 database     DEBUG    SELECT * FROM `airfields` WHERE capcode = '000672048';
2018-03-04 11:19:47 database     DEBUG    SELECT * FROM `airfields` WHERE capcode = '000672048';
2018-03-04 11:20:30 database     DEBUG    SELECT * FROM `airfields` WHERE capcode = '000822449';
2018-03-04 11:20:30 database     DEBUG    SELECT * FROM `airfields` WHERE capcode = '000990716';
2018-03-04 11:25:31 database     DEBUG    SELECT * FROM `airfields` WHERE capcode = '001352976';
2018-03-04 11:25:34 database     DEBUG    SELECT * FROM `airfields` WHERE capcode = '000672096';
2018-03-04 11:51:06 database     DEBUG    SELECT * FROM `airfields` WHERE capcode = '001036648';
2018-03-04 11:54:43 database     DEBUG    SELECT * FROM `airfields` WHERE capcode = '000575152';
2018-03-04 11:54:47 database     DEBUG    SELECT * FROM `airfields` WHERE capcode = '000575112';
2018-03-04 11:54:51 database     DEBUG    SELECT * FROM `airfields` WHERE capcode = '000672120';
2018-03-04 12:06:32 database     DEBUG    SELECT * FROM `airfields` WHERE capcode = '000575112';
2018-03-04 12:06:35 database     DEBUG    SELECT * FROM `airfields` WHERE capcode = '000672120';
2018-03-04 12:06:55 database     DEBUG    SELECT * FROM `airfields` WHERE capcode = '000575896';
2018-03-04 12:06:58 database     DEBUG    SELECT * FROM `airfields` WHERE capcode = '000672120';
2018-03-04 12:18:07 database     DEBUG    SELECT * FROM `airfields` WHERE capcode = '000575896';
2018-03-04 12:18:10 database     DEBUG    SELECT * FROM `airfields` WHERE capcode = '000672120';
2018-03-04 12:18:39 database     DEBUG    SELECT * FROM `airfields` WHERE capcode = '000569360';
2018-03-04 12:18:45 database     DEBUG    SELECT * FROM `airfields` WHERE capcode = '001816048';
2018-03-04 12:18:45 root         DEBUG    b_return: True
2018-03-04 12:18:45 root         DEBUG    row     : {'lat': -37.882694, 'short_name': 'AIRBNS', 'capcode': '001816048', 'lng': 147.567429, 'name': 'PDD - Bairnsdale'}
2018-03-04 12:18:45 root         DEBUG    count   : 1
2018-03-04 12:18:45 root         DEBUG    Alert           :ALERT
2018-03-04 12:18:45 root         DEBUG    Fnumber         :F180301240
2018-03-04 12:18:46 root         DEBUG    IncidentType    :G&SC1
2018-03-04 12:18:46 root         DEBUG    AssignmentArea  :BDAM2
2018-03-04 12:18:46 root         DEBUG    Dispatch channel:511 
2018-03-04 12:18:46 root         DEBUG    Map ref         :SVSE 8502 A6
2018-03-04 12:18:46 root         DEBUG    Latitude        :-37.8151079
2018-03-04 12:18:46 root         DEBUG    Longitude       :147.6346901
2018-03-04 12:18:46 root         DEBUG    Remaining msg   :COLUMN OF SMOKE SIGHTED GATEHOUSE DR EASTWOOD (558145) AIRBNS BOM361 BOM362 CBDAL CMTAY
2018-03-04 12:18:46 root         DEBUG    parseOK         :True
2018-03-04 12:18:46 root         DEBUG    firecall        :True
2018-03-04 12:18:46 database     DEBUG    SELECT * FROM `airfield_bomber_reloading` ORDER BY `name`
2018-03-04 12:18:46 database     DEBUG    SELECT * FROM `airfield_aws` WHERE short_name = 'AIRBNS';
2018-03-04 12:18:48 weather      DEBUG    AWS for parsing is Bairnsdale Ap
2018-03-04 12:18:48 weather      DEBUG    Bairnsdale Ap at 2144
2018-03-04 12:18:48 weather      DEBUG    FFDI: 5
2018-03-04 12:18:48 weather      DEBUG    GFDI: 2
2018-03-04 12:18:50 database     DEBUG    SELECT * FROM `airfields` WHERE capcode = '000569240';
2018-03-04 12:18:52 database     DEBUG    SELECT * FROM `airfields` WHERE capcode = '000672072';
2018-03-04 12:18:55 database     DEBUG    SELECT * FROM `airfields` WHERE capcode = '000080192';
2018-03-04 12:23:06 database     DEBUG    SELECT * FROM `airfields` WHERE capcode = '000574416';
2018-03-04 12:23:10 database     DEBUG    SELECT * FROM `airfields` WHERE capcode = '000672112';
2018-03-04 12:23:14 database     DEBUG    SELECT * FROM `airfields` WHERE capcode = '000080496';
2018-03-04 12:34:02 database     DEBUG    SELECT * FROM `airfields` WHERE capcode = '000672104';
2018-03-04 12:36:41 database     DEBUG    SELECT * FROM `airfields` WHERE capcode = '001353008';
2018-03-04 12:36:44 database     DEBUG    SELECT * FROM `airfields` WHERE capcode = '000566736';
2018-03-04 12:36:47 database     DEBUG    SELECT * FROM `airfields` WHERE capcode = '000672048';
2018-03-04 12:37:32 database     DEBUG    SELECT * FROM `airfields` WHERE capcode = '000571768';
2018-03-04 12:37:35 database     DEBUG    SELECT * FROM `airfields` WHERE capcode = '000571728';
2018-03-04 12:37:38 database     DEBUG    SELECT * FROM `airfields` WHERE capcode = '000672104';
2018-03-04 12:40:08 database     DEBUG    SELECT * FROM `airfields` WHERE capcode = '001017576';
2018-03-04 12:43:16 database     DEBUG    SELECT * FROM `airfields` WHERE capcode = '001618840';
2018-03-04 12:50:33 database     DEBUG    SELECT * FROM `airfields` WHERE capcode = '000579768';
2018-03-04 12:50:36 database     DEBUG    SELECT * FROM `airfields` WHERE capcode = '000672152';
2018-03-04 13:20:47 database     DEBUG    SELECT * FROM `airfields` WHERE capcode = '000241625';
2018-03-04 13:21:28 database     DEBUG    SELECT * FROM `airfields` WHERE capcode = '000240449';
2018-03-04 13:21:31 database     DEBUG    SELECT * FROM `airfields` WHERE capcode = '000565840';
2018-03-04 13:40:03 database     DEBUG    SELECT * FROM `airfields` WHERE capcode = '000568848';
2018-03-04 13:40:06 database     DEBUG    SELECT * FROM `airfields` WHERE capcode = '000672064';
2018-03-04 13:40:09 database     DEBUG    SELECT * FROM `airfields` WHERE capcode = '001845560';
2018-03-04 13:44:53 database     DEBUG    SELECT * FROM `airfields` WHERE capcode = '000672088';
2018-03-04 13:48:19 database     DEBUG    SELECT * FROM `airfields` WHERE capcode = '000566792';
2018-03-04 13:48:24 database     DEBUG    SELECT * FROM `airfields` WHERE capcode = '001353000';
2018-03-04 13:48:29 database     DEBUG    SELECT * FROM `airfields` WHERE capcode = '000566792';
2018-03-04 13:48:34 database     DEBUG    SELECT * FROM `airfields` WHERE capcode = '001353000';
2018-03-04 13:48:39 database     DEBUG    SELECT * FROM `airfields` WHERE capcode = '000566736';
2018-03-04 13:48:45 database     DEBUG    SELECT * FROM `airfields` WHERE capcode = '000672048';
2018-03-04 13:48:50 database     DEBUG    SELECT * FROM `airfields` WHERE capcode = '000566736';
2018-03-04 13:48:55 database     DEBUG    SELECT * FROM `airfields` WHERE capcode = '000672048';
2018-03-04 14:00:08 database     DEBUG    SELECT * FROM `airfields` WHERE capcode = '000566840';
2018-03-04 14:00:13 database     DEBUG    SELECT * FROM `airfields` WHERE capcode = '000566160';
2018-03-04 14:00:19 database     DEBUG    SELECT * FROM `airfields` WHERE capcode = '000672048';
2018-03-04 14:00:22 database     DEBUG    SELECT * FROM `airfields` WHERE capcode = '000565584';
2018-03-04 14:03:43 database     DEBUG    SELECT * FROM `airfields` WHERE capcode = '000566160';
2018-03-04 14:03:47 database     DEBUG    SELECT * FROM `airfields` WHERE capcode = '000672048';
2018-03-04 14:07:30 database     DEBUG    SELECT * FROM `airfields` WHERE capcode = '001353024';
2018-03-04 14:07:34 database     DEBUG    SELECT * FROM `airfields` WHERE capcode = '000566736';
2018-03-04 14:07:37 database     DEBUG    SELECT * FROM `airfields` WHERE capcode = '000672048';
2018-03-04 14:08:01 database     DEBUG    SELECT * FROM `airfields` WHERE capcode = '000003236';
2018-03-04 14:08:05 database     DEBUG    SELECT * FROM `airfields` WHERE capcode = '002063833';
2018-03-04 14:08:05 database     DEBUG    SELECT * FROM `airfields` WHERE capcode = '001972175';
2018-03-04 14:08:12 database     DEBUG    SELECT * FROM `airfields` WHERE capcode = '001643009';
2018-03-04 14:10:53 database     DEBUG    SELECT * FROM `airfields` WHERE capcode = '000566792';
2018-03-04 14:10:57 database     DEBUG    SELECT * FROM `airfields` WHERE capcode = '000566736';
2018-03-04 14:11:00 database     DEBUG    SELECT * FROM `airfields` WHERE capcode = '000672048';
2018-03-04 14:12:01 database     DEBUG    SELECT * FROM `airfields` WHERE capcode = '000003200';
2018-03-04 14:14:38 database     DEBUG    SELECT * FROM `airfields` WHERE capcode = '000566856';
2018-03-04 14:14:42 database     DEBUG    SELECT * FROM `airfields` WHERE capcode = '000566792';
2018-03-04 14:14:46 database     DEBUG    SELECT * FROM `airfields` WHERE capcode = '000566160';
2018-03-04 14:14:49 database     DEBUG    SELECT * FROM `airfields` WHERE capcode = '000672048';
2018-03-04 14:14:52 database     DEBUG    SELECT * FROM `airfields` WHERE capcode = '000566736';
2018-03-04 14:15:59 database     DEBUG    SELECT * FROM `airfields` WHERE capcode = '000241545';
2018-03-04 14:16:23 database     DEBUG    SELECT * FROM `airfields` WHERE capcode = '000572040';
2018-03-04 14:16:28 database     DEBUG    SELECT * FROM `airfields` WHERE capcode = '000572136';
2018-03-04 14:16:33 database     DEBUG    SELECT * FROM `airfields` WHERE capcode = '001352976';
2018-03-04 14:16:39 database     DEBUG    SELECT * FROM `airfields` WHERE capcode = '000672096';
2018-03-04 14:17:03 database     DEBUG    SELECT * FROM `airfields` WHERE capcode = '000565088';
2018-03-04 14:19:13 database     DEBUG    SELECT * FROM `airfields` WHERE capcode = '000566856';
2018-03-04 14:19:21 database     DEBUG    SELECT * FROM `airfields` WHERE capcode = '000579984';
2018-03-04 14:19:24 database     DEBUG    SELECT * FROM `airfields` WHERE capcode = '000579768';
2018-03-04 14:19:27 database     DEBUG    SELECT * FROM `airfields` WHERE capcode = '000672152';
2018-03-04 14:21:38 database     DEBUG    SELECT * FROM `airfields` WHERE capcode = '000566872';
2018-03-04 14:21:42 database     DEBUG    SELECT * FROM `airfields` WHERE capcode = '000566736';
2018-03-04 14:21:45 database     DEBUG    SELECT * FROM `airfields` WHERE capcode = '000672048';
2018-03-04 14:24:43 database     DEBUG    SELECT * FROM `airfields` WHERE capcode = '000567032';
2018-03-04 14:24:45 database     DEBUG    SELECT * FROM `airfields` WHERE capcode = '000240289';
2018-03-04 14:26:04 database     DEBUG    SELECT * FROM `airfields` WHERE capcode = '001353040';
2018-03-04 14:26:07 database     DEBUG    SELECT * FROM `airfields` WHERE capcode = '001525176';
2018-03-04 14:27:01 database     DEBUG    SELECT * FROM `airfields` WHERE capcode = '000003209';
2018-03-04 14:27:27 database     DEBUG    SELECT * FROM `airfields` WHERE capcode = '001286888';
2018-03-04 14:27:31 database     DEBUG    SELECT * FROM `airfields` WHERE capcode = '000566736';
2018-03-04 14:27:34 database     DEBUG    SELECT * FROM `airfields` WHERE capcode = '000672048';
2018-03-04 14:33:17 database     DEBUG    SELECT * FROM `airfields` WHERE capcode = '000565936';
2018-03-04 14:33:20 database     DEBUG    SELECT * FROM `airfields` WHERE capcode = '001525176';
2018-03-04 14:34:38 database     DEBUG    SELECT * FROM `airfields` WHERE capcode = '001877544';
2018-03-04 14:34:41 database     DEBUG    SELECT * FROM `airfields` WHERE capcode = '000565552';
2018-03-04 14:34:42 database     DEBUG    SELECT * FROM `airfields` WHERE capcode = '001618840';
2018-03-04 14:34:44 database     DEBUG    SELECT * FROM `airfields` WHERE capcode = '001525176';
2018-03-04 14:40:10 database     DEBUG    SELECT * FROM `airfields` WHERE capcode = '000565936';
2018-03-04 14:40:14 database     DEBUG    SELECT * FROM `airfields` WHERE capcode = '000565280';
2018-03-04 14:40:15 database     DEBUG    SELECT * FROM `airfields` WHERE capcode = '001604772';
2018-03-04 14:40:20 database     DEBUG    SELECT * FROM `airfields` WHERE capcode = '001464120';
2018-03-04 14:40:24 database     DEBUG    SELECT * FROM `airfields` WHERE capcode = '001353096';
2018-03-04 14:40:26 database     DEBUG    SELECT * FROM `airfields` WHERE capcode = '000129717';
2018-03-04 14:40:31 database     DEBUG    SELECT * FROM `airfields` WHERE capcode = '001525176';
2018-03-04 14:40:35 database     DEBUG    SELECT * FROM `airfields` WHERE capcode = '000565240';
2018-03-04 14:48:59 database     DEBUG    SELECT * FROM `airfields` WHERE capcode = '000561072';
2018-03-04 14:49:03 database     DEBUG    SELECT * FROM `airfields` WHERE capcode = '000561008';
2018-03-04 14:49:05 database     DEBUG    SELECT * FROM `airfields` WHERE capcode = '001816176';
2018-03-04 14:49:05 root         DEBUG    b_return: True
2018-03-04 14:49:05 root         DEBUG    row     : {'lat': -37.068035, 'short_name': 'AIRSWL', 'capcode': '001816176', 'lng': 142.74173, 'name': 'PDD - Stawell'}
2018-03-04 14:49:05 root         DEBUG    count   : 1
2018-03-04 14:49:05 root         DEBUG    Alert           :ALERT
2018-03-04 14:49:05 root         DEBUG    Fnumber         :F180301287
2018-03-04 14:49:05 root         DEBUG    IncidentType    :G&SC1
2018-03-04 14:49:05 root         DEBUG    AssignmentArea  :CBRG1
2018-03-04 14:49:05 root         DEBUG    No match for Dispatch Channel
2018-03-04 14:49:05 root         DEBUG    Map ref         :SVNW 282 H
2018-03-04 14:49:05 root         DEBUG    No match for Lat/Long
2018-03-04 14:49:05 root         DEBUG    Remaining msg   :GRASS FIRE SPREADING SWANWATER NORTH RD COONOOER BRIDGE 
2018-03-04 14:49:05 root         DEBUG    parseOK         :False
2018-03-04 14:49:05 root         DEBUG    firecall        :False
2018-03-04 14:49:08 database     DEBUG    SELECT * FROM `airfields` WHERE capcode = '000594449';
2018-03-04 14:49:08 database     DEBUG    SELECT * FROM `airfields` WHERE capcode = '000181099';
2018-03-04 14:49:12 database     DEBUG    SELECT * FROM `airfields` WHERE capcode = '000560952';
2018-03-04 14:49:16 database     DEBUG    SELECT * FROM `airfields` WHERE capcode = '000672112';
2018-03-04 14:49:21 database     DEBUG    SELECT * FROM `airfields` WHERE capcode = '000080496';
2018-03-04 14:53:50 database     DEBUG    SELECT * FROM `airfields` WHERE capcode = '001286888';
2018-03-04 14:53:54 database     DEBUG    SELECT * FROM `airfields` WHERE capcode = '000572472';
2018-03-04 14:53:57 database     DEBUG    SELECT * FROM `airfields` WHERE capcode = '000561056';
2018-03-04 14:54:01 database     DEBUG    SELECT * FROM `airfields` WHERE capcode = '001845968';
2018-03-04 14:54:05 database     DEBUG    SELECT * FROM `airfields` WHERE capcode = '000560952';
2018-03-04 14:54:08 database     DEBUG    SELECT * FROM `airfields` WHERE capcode = '000672112';
2018-03-04 14:54:11 database     DEBUG    SELECT * FROM `airfields` WHERE capcode = '000560952';
2018-03-04 14:54:14 database     DEBUG    SELECT * FROM `airfields` WHERE capcode = '000672112';
2018-03-04 14:54:18 database     DEBUG    SELECT * FROM `airfields` WHERE capcode = '000572416';
2018-03-04 14:54:23 database     DEBUG    SELECT * FROM `airfields` WHERE capcode = '000672096';
2018-03-04 14:57:02 database     DEBUG    SELECT * FROM `airfields` WHERE capcode = '000003227';
2018-03-04 15:05:00 database     DEBUG    SELECT * FROM `airfields` WHERE capcode = '000240673';
2018-03-04 15:06:23 database     DEBUG    SELECT * FROM `airfields` WHERE capcode = '000240673';
2018-03-04 15:07:30 database     DEBUG    SELECT * FROM `airfields` WHERE capcode = '000567472';
2018-03-04 15:07:34 database     DEBUG    SELECT * FROM `airfields` WHERE capcode = '000567208';
2018-03-04 15:07:38 database     DEBUG    SELECT * FROM `airfields` WHERE capcode = '000672056';
2018-03-04 15:07:43 database     DEBUG    SELECT * FROM `airfields` WHERE capcode = '000567736';
2018-03-04 15:08:51 database     DEBUG    SELECT * FROM `airfields` WHERE capcode = '000567472';
2018-03-04 15:08:56 database     DEBUG    SELECT * FROM `airfields` WHERE capcode = '000567208';
2018-03-04 15:09:00 database     DEBUG    SELECT * FROM `airfields` WHERE capcode = '000672056';
2018-03-04 15:09:05 database     DEBUG    SELECT * FROM `airfields` WHERE capcode = '000567736';
2018-03-04 15:11:08 database     DEBUG    SELECT * FROM `airfields` WHERE capcode = '000240681';
2018-03-04 15:16:36 database     DEBUG    SELECT * FROM `airfields` WHERE capcode = '000240673';
2018-03-04 15:35:57 database     DEBUG    SELECT * FROM `airfields` WHERE capcode = '000566888';
2018-03-04 15:36:00 database     DEBUG    SELECT * FROM `airfields` WHERE capcode = '000566960';
2018-03-04 15:36:03 database     DEBUG    SELECT * FROM `airfields` WHERE capcode = '000672048';
2018-03-04 15:36:06 database     DEBUG    SELECT * FROM `airfields` WHERE capcode = '000566736';
2018-03-04 15:55:21 database     DEBUG    SELECT * FROM `airfields` WHERE capcode = '001525176';
2018-03-04 15:58:59 database     DEBUG    SELECT * FROM `airfields` WHERE capcode = '000571536';
2018-03-04 16:00:05 database     DEBUG    SELECT * FROM `airfields` WHERE capcode = '000570736';
2018-03-04 16:00:08 database     DEBUG    SELECT * FROM `airfields` WHERE capcode = '000570664';
2018-03-04 16:00:12 database     DEBUG    SELECT * FROM `airfields` WHERE capcode = '000672088';
2018-03-04 16:06:46 database     DEBUG    SELECT * FROM `airfields` WHERE capcode = '000565200';
2018-03-04 16:06:51 database     DEBUG    SELECT * FROM `airfields` WHERE capcode = '001816040';
2018-03-04 16:06:51 root         DEBUG    b_return: True
2018-03-04 16:06:51 root         DEBUG    row     : {'lat': -37.513191, 'short_name': 'AIRBLT', 'capcode': '001816040', 'lng': 143.787354, 'name': 'PDD - Ballarat'}
2018-03-04 16:06:51 root         DEBUG    count   : 1
2018-03-04 16:06:51 root         DEBUG    Alert           :ALERT
2018-03-04 16:06:51 root         DEBUG    Fnumber         :F180301306
2018-03-04 16:06:51 root         DEBUG    IncidentType    :G&SC1
2018-03-04 16:06:51 root         DEBUG    AssignmentArea  :MERE5
2018-03-04 16:06:51 root         DEBUG    Dispatch channel:21 
2018-03-04 16:06:51 root         DEBUG    Map ref         :SVC 6605 C10B
2018-03-04 16:06:51 root         DEBUG    Latitude        :-37.8191092
2018-03-04 16:06:51 root         DEBUG    Longitude       :144.0701478
2018-03-04 16:06:51 root         DEBUG    Remaining msg   :PADDOCK FIRE SPREADING CNR LAL LAL RD/GRIFFITHS RD MEREDITH 421102) AIRBLT CELAI CMERE FBD307 HEL346
2018-03-04 16:06:51 root         DEBUG    parseOK         :True
2018-03-04 16:06:51 root         DEBUG    firecall        :True
2018-03-04 16:06:51 database     DEBUG    SELECT * FROM `airfield_bomber_reloading` ORDER BY `name`
2018-03-04 16:06:51 database     DEBUG    SELECT * FROM `airfield_aws` WHERE short_name = 'AIRBLT';
2018-03-04 16:06:54 weather      DEBUG    AWS for parsing is Ballarat
2018-03-04 16:06:54 weather      DEBUG    Ballarat at 1120
2018-03-04 16:06:54 weather      DEBUG    FFDI: 13
2018-03-04 16:06:54 weather      DEBUG    GFDI: 9
2018-03-04 16:06:56 database     DEBUG    SELECT * FROM `airfields` WHERE capcode = '000565200';
2018-03-04 16:07:00 database     DEBUG    SELECT * FROM `airfields` WHERE capcode = '000572976';
2018-03-04 16:07:05 database     DEBUG    SELECT * FROM `airfields` WHERE capcode = '001816040';
2018-03-04 16:07:05 root         DEBUG    b_return: True
2018-03-04 16:07:05 root         DEBUG    row     : {'lat': -37.513191, 'short_name': 'AIRBLT', 'capcode': '001816040', 'lng': 143.787354, 'name': 'PDD - Ballarat'}
2018-03-04 16:07:05 root         DEBUG    count   : 1
2018-03-04 16:07:05 root         DEBUG    Alert           :ALERT
2018-03-04 16:07:05 root         DEBUG    Fnumber         :F180301306
2018-03-04 16:07:05 root         DEBUG    IncidentType    :G&SC1
2018-03-04 16:07:05 root         DEBUG    AssignmentArea  :MERE5
2018-03-04 16:07:05 root         DEBUG    Dispatch channel:21 
2018-03-04 16:07:05 root         DEBUG    Map ref         :SVC 6605 C10
2018-03-04 16:07:05 root         DEBUG    Latitude        :-37.8191092
2018-03-04 16:07:05 root         DEBUG    Longitude       :144.0701478
2018-03-04 16:07:05 root         DEBUG    Remaining msg   :PADDOCK FIRE SPREADING CNR LAL LAL RD/GRIFFITHS RD MEREDITH (421102) AIRBLT CELAI CMERE FBD307 HEL346
2018-03-04 16:07:05 root         DEBUG    parseOK         :True
2018-03-04 16:07:05 root         DEBUG    firecall        :True
2018-03-04 16:07:05 database     DEBUG    SELECT * FROM `airfield_bomber_reloading` ORDER BY `name`
2018-03-04 16:07:05 database     DEBUG    SELECT * FROM `airfield_aws` WHERE short_name = 'AIRBLT';
2018-03-04 16:07:08 weather      DEBUG    AWS for parsing is Ballarat
2018-03-04 16:07:08 weather      DEBUG    Ballarat at 1120
2018-03-04 16:07:08 weather      DEBUG    FFDI: 11
2018-03-04 16:07:08 weather      DEBUG    GFDI: 8
2018-03-04 16:07:10 database     DEBUG    SELECT * FROM `airfields` WHERE capcode = '000572976';
2018-03-04 16:07:13 database     DEBUG    SELECT * FROM `airfields` WHERE capcode = '000565080';
2018-03-04 16:07:18 database     DEBUG    SELECT * FROM `airfields` WHERE capcode = '001525176';
2018-03-04 16:07:22 database     DEBUG    SELECT * FROM `airfields` WHERE capcode = '000565080';
2018-03-04 16:07:30 database     DEBUG    SELECT * FROM `airfields` WHERE capcode = '000080488';
2018-03-04 16:07:35 database     DEBUG    SELECT * FROM `airfields` WHERE capcode = '000572952';
2018-03-04 16:07:39 database     DEBUG    SELECT * FROM `airfields` WHERE capcode = '000672104';
2018-03-04 16:07:43 database     DEBUG    SELECT * FROM `airfields` WHERE capcode = '000080488';
2018-03-04 16:07:47 database     DEBUG    SELECT * FROM `airfields` WHERE capcode = '000572952';
2018-03-04 16:07:52 database     DEBUG    SELECT * FROM `airfields` WHERE capcode = '000672104';
2018-03-04 16:07:58 database     DEBUG    SELECT * FROM `airfields` WHERE capcode = '001694424';
2018-03-04 16:11:48 database     DEBUG    SELECT * FROM `airfields` WHERE capcode = '000565200';
2018-03-04 16:11:52 database     DEBUG    SELECT * FROM `airfields` WHERE capcode = '000565200';
2018-03-04 16:11:56 database     DEBUG    SELECT * FROM `airfields` WHERE capcode = '000565200';
2018-03-04 16:12:00 database     DEBUG    SELECT * FROM `airfields` WHERE capcode = '000565080';
2018-03-04 16:12:03 database     DEBUG    SELECT * FROM `airfields` WHERE capcode = '001525176';
2018-03-04 16:12:06 database     DEBUG    SELECT * FROM `airfields` WHERE capcode = '000565080';
2018-03-04 16:12:10 database     DEBUG    SELECT * FROM `airfields` WHERE capcode = '001525176';
2018-03-04 16:12:13 database     DEBUG    SELECT * FROM `airfields` WHERE capcode = '000565080';
2018-03-04 16:12:16 database     DEBUG    SELECT * FROM `airfields` WHERE capcode = '001525176';
2018-03-04 16:16:58 database     DEBUG    SELECT * FROM `airfields` WHERE capcode = '000672104';
2018-03-04 16:26:28 database     DEBUG    SELECT * FROM `airfields` WHERE capcode = '001353072';
2018-03-04 16:26:29 database     DEBUG    SELECT * FROM `airfields` WHERE capcode = '000499498';
2018-03-04 16:26:30 database     DEBUG    SELECT * FROM `airfields` WHERE capcode = '000566296';
2018-03-04 16:26:33 database     DEBUG    SELECT * FROM `airfields` WHERE capcode = '000313902';
2018-03-04 16:26:33 database     DEBUG    SELECT * FROM `airfields` WHERE capcode = '000095309';
2018-03-04 16:26:37 database     DEBUG    SELECT * FROM `airfields` WHERE capcode = '000566160';
2018-03-04 16:26:41 database     DEBUG    SELECT * FROM `airfields` WHERE capcode = '000672048';
2018-03-04 16:26:43 database     DEBUG    SELECT * FROM `airfields` WHERE capcode = '000573264';
2018-03-04 16:26:45 database     DEBUG    SELECT * FROM `airfields` WHERE capcode = '000140237';
2018-03-04 16:39:25 database     DEBUG    SELECT * FROM `airfields` WHERE capcode = '000580928';
2018-03-04 16:44:13 database     DEBUG    SELECT * FROM `airfields` WHERE capcode = '000566336';
2018-03-04 16:44:15 database     DEBUG    SELECT * FROM `airfields` WHERE capcode = '000672048';
2018-03-04 16:44:16 database     DEBUG    SELECT * FROM `airfields` WHERE capcode = '001916716';
2018-03-04 16:45:17 database     DEBUG    SELECT * FROM `airfields` WHERE capcode = '001353024';
2018-03-04 16:47:23 database     DEBUG    SELECT * FROM `airfields` WHERE capcode = '000566472';
2018-03-04 16:47:27 database     DEBUG    SELECT * FROM `airfields` WHERE capcode = '000566840';
2018-03-04 16:47:32 database     DEBUG    SELECT * FROM `airfields` WHERE capcode = '000566160';
2018-03-04 16:47:36 database     DEBUG    SELECT * FROM `airfields` WHERE capcode = '000672048';
2018-03-04 16:47:48 database     DEBUG    SELECT * FROM `airfields` WHERE capcode = '000574888';
2018-03-04 16:50:32 database     DEBUG    SELECT * FROM `airfields` WHERE capcode = '000570312';
2018-03-04 16:52:49 database     DEBUG    SELECT * FROM `airfields` WHERE capcode = '002020729';
2018-03-04 16:52:49 database     DEBUG    SELECT * FROM `airfields` WHERE capcode = '001379805';
2018-03-04 16:52:49 database     DEBUG    SELECT * FROM `airfields` WHERE capcode = '000244430';
2018-03-04 16:56:46 database     DEBUG    SELECT * FROM `airfields` WHERE capcode = '002007240';
2018-03-04 16:56:46 database     DEBUG    SELECT * FROM `airfields` WHERE capcode = '001143043';
2018-03-04 16:56:47 database     DEBUG    SELECT * FROM `airfields` WHERE capcode = '000298548';
2018-03-04 17:01:52 database     DEBUG    SELECT * FROM `airfields` WHERE capcode = '000566160';
2018-03-04 17:01:55 database     DEBUG    SELECT * FROM `airfields` WHERE capcode = '000672048';
2018-03-04 17:02:45 database     DEBUG    SELECT * FROM `airfields` WHERE capcode = '000566160';
2018-03-04 17:02:50 database     DEBUG    SELECT * FROM `airfields` WHERE capcode = '000672048';
2018-03-04 17:07:19 database     DEBUG    SELECT * FROM `airfields` WHERE capcode = '000565408';
2018-03-04 17:07:22 database     DEBUG    SELECT * FROM `airfields` WHERE capcode = '000565400';
2018-03-04 17:07:25 database     DEBUG    SELECT * FROM `airfields` WHERE capcode = '001525176';
2018-03-04 17:33:49 database     DEBUG    SELECT * FROM `airfields` WHERE capcode = '000672064';
2018-03-04 17:33:51 database     DEBUG    SELECT * FROM `airfields` WHERE capcode = '001845560';
2018-03-04 17:33:55 database     DEBUG    SELECT * FROM `airfields` WHERE capcode = '000566736';
2018-03-04 17:33:58 database     DEBUG    SELECT * FROM `airfields` WHERE capcode = '000672048';
2018-03-04 17:34:01 database     DEBUG    SELECT * FROM `airfields` WHERE capcode = '000566960';
2018-03-04 17:34:04 database     DEBUG    SELECT * FROM `airfields` WHERE capcode = '000567848';
2018-03-04 17:52:48 database     DEBUG    SELECT * FROM `airfields` WHERE capcode = '001353096';
2018-03-04 17:52:54 database     DEBUG    SELECT * FROM `airfields` WHERE capcode = '001464120';
2018-03-04 17:52:59 database     DEBUG    SELECT * FROM `airfields` WHERE capcode = '001525176';
2018-03-04 17:58:44 database     DEBUG    SELECT * FROM `airfields` WHERE capcode = '000563696';
2018-03-04 17:58:49 database     DEBUG    SELECT * FROM `airfields` WHERE capcode = '001814360';
2018-03-04 17:58:49 root         DEBUG    b_return: True
2018-03-04 17:58:49 root         DEBUG    row     : {'lat': -37.648594, 'short_name': 'AIRHAM', 'capcode': '001814360', 'lng': 142.059677, 'name': 'PDD - Hamilton'}
2018-03-04 17:58:49 root         DEBUG    count   : 1
2018-03-04 17:58:49 root         DEBUG    Alert           :ALERT
2018-03-04 17:58:49 root         DEBUG    Fnumber         :F180301339
2018-03-04 17:58:49 root         DEBUG    IncidentType    :G&SC1
2018-03-04 17:58:49 root         DEBUG    AssignmentArea  :HEXH2
2018-03-04 17:58:49 root         DEBUG    Dispatch channel:505 
2018-03-04 17:58:49 root         DEBUG    Map ref         :SVSW 513 C5
2018-03-04 17:58:49 root         DEBUG    Latitude        :-38.1087032
2018-03-04 17:58:49 root         DEBUG    Longitude       :142.7576987
2018-03-04 17:58:49 root         DEBUG    Remaining msg   :TREE FIRE 4227 HOPKINS HWY MORTLAKE /REICHMANS LANE //NEW BRIDGE RD (540806) AIRHAM BDG373 BOM352 BOM353 CHEXH CMLKU [AIRHAM ]
2018-03-04 17:58:49 root         DEBUG    parseOK         :True
2018-03-04 17:58:49 root         DEBUG    firecall        :True
2018-03-04 17:58:49 database     DEBUG    SELECT * FROM `airfield_bomber_reloading` ORDER BY `name`
2018-03-04 17:58:49 database     DEBUG    SELECT * FROM `airfield_aws` WHERE short_name = 'AIRHAM';
2018-03-04 17:58:52 weather      DEBUG    AWS for parsing is Hamilton
2018-03-04 17:58:52 weather      DEBUG    Hamilton at 512
2018-03-04 17:58:52 weather      DEBUG    FFDI: 10
2018-03-04 17:58:52 weather      DEBUG    GFDI: 8
2018-03-04 17:58:53 database     DEBUG    SELECT * FROM `airfields` WHERE capcode = '000563640';
2018-03-04 17:58:57 database     DEBUG    SELECT * FROM `airfields` WHERE capcode = '000672024';
2018-03-04 17:59:01 database     DEBUG    SELECT * FROM `airfields` WHERE capcode = '000080408';
2018-03-04 18:02:38 database     DEBUG    SELECT * FROM `airfields` WHERE capcode = '000123608';
2018-03-04 18:02:38 database     DEBUG    SELECT * FROM `airfields` WHERE capcode = '001235844';
2018-03-04 18:02:38 database     DEBUG    SELECT * FROM `airfields` WHERE capcode = '001577446';
2018-03-04 18:02:44 database     DEBUG    SELECT * FROM `airfields` WHERE capcode = '000537256';
2018-03-04 18:02:44 database     DEBUG    SELECT * FROM `airfields` WHERE capcode = '000255786';
2018-03-04 18:02:44 database     DEBUG    SELECT * FROM `airfields` WHERE capcode = '001914019';
2018-03-04 18:02:44 database     DEBUG    SELECT * FROM `airfields` WHERE capcode = '000184110';
2018-03-04 18:08:28 database     DEBUG    SELECT * FROM `airfields` WHERE capcode = '001817480';
2018-03-04 18:08:28 root         DEBUG    b_return: True
2018-03-04 18:08:28 root         DEBUG    row     : {'lat': -36.07143, 'short_name': 'AIRALB', 'capcode': '001817480', 'lng': 146.952133, 'name': 'PDD - Albury'}
2018-03-04 18:08:28 root         DEBUG    count   : 1
2018-03-04 18:08:28 root         DEBUG    Alert           :ALERT
2018-03-04 18:08:28 root         DEBUG    Fnumber         :F180301344
2018-03-04 18:08:28 root         DEBUG    IncidentType    :G&SC1
2018-03-04 18:08:28 root         DEBUG    AssignmentArea  :WWST1
2018-03-04 18:08:28 root         DEBUG    No match for Dispatch Channel
2018-03-04 18:08:28 root         DEBUG    Map ref         :SVNE 8307 C8
2018-03-04 18:08:28 root         DEBUG    Latitude        :1303192
2018-03-04 18:08:28 root         DEBUG    Longitude       :146.8330451
2018-03-04 18:08:28 root         DEBUG    Remaining msg   :COLUMN OF SMOKE CNR FELLTIMBER CREEK RD/BREWER DR WEST WODONGA (849015) -3VK DISP$24 AIRALB BDG375 BOM360 CBDUD CWODO CWWST
2018-03-04 18:08:28 root         DEBUG    parseOK         :False
2018-03-04 18:08:28 root         DEBUG    firecall        :False
2018-03-04 18:08:32 database     DEBUG    SELECT * FROM `airfields` WHERE capcode = '000581824';
2018-03-04 18:08:36 database     DEBUG    SELECT * FROM `airfields` WHERE capcode = '000672160';
2018-03-04 18:08:40 database     DEBUG    SELECT * FROM `airfields` WHERE capcode = '000080112';
2018-03-04 18:08:40 database     DEBUG    SELECT * FROM `airfields` WHERE capcode = '000818553';
2018-03-04 18:10:51 database     DEBUG    SELECT * FROM `airfields` WHERE capcode = '000571384';
2018-03-04 18:27:16 database     DEBUG    SELECT * FROM `airfields` WHERE capcode = '000240545';
2018-03-04 18:28:38 database     DEBUG    SELECT * FROM `airfields` WHERE capcode = '000581224';
2018-03-04 18:28:42 database     DEBUG    SELECT * FROM `airfields` WHERE capcode = '000581120';
2018-03-04 18:28:46 database     DEBUG    SELECT * FROM `airfields` WHERE capcode = '000672160';
2018-03-04 18:31:49 database     DEBUG    SELECT * FROM `airfields` WHERE capcode = '001699672';
2018-03-04 18:31:52 database     DEBUG    SELECT * FROM `airfields` WHERE capcode = '000672096';
2018-03-04 18:36:39 database     DEBUG    SELECT * FROM `airfields` WHERE capcode = '000240545';
2018-03-04 18:49:24 database     DEBUG    SELECT * FROM `airfields` WHERE capcode = '000672048';
2018-03-04 19:00:20 database     DEBUG    SELECT * FROM `airfields` WHERE capcode = '000572408';
2018-03-04 19:28:23 database     DEBUG    SELECT * FROM `airfields` WHERE capcode = '000566736';
2018-03-04 19:28:26 database     DEBUG    SELECT * FROM `airfields` WHERE capcode = '000672048';
2018-03-04 19:34:31 database     DEBUG    SELECT * FROM `airfields` WHERE capcode = '000571864';
2018-03-04 19:34:35 database     DEBUG    SELECT * FROM `airfields` WHERE capcode = '000571840';
2018-03-04 19:34:38 database     DEBUG    SELECT * FROM `airfields` WHERE capcode = '000672096';
2018-03-04 19:44:36 database     DEBUG    SELECT * FROM `airfields` WHERE capcode = '000567112';
2018-03-04 19:44:37 database     DEBUG    SELECT * FROM `airfields` WHERE capcode = '000566960';
2018-03-04 19:44:40 database     DEBUG    SELECT * FROM `airfields` WHERE capcode = '002093942';
2018-03-04 19:44:44 database     DEBUG    SELECT * FROM `airfields` WHERE capcode = '000672048';
2018-03-04 19:49:02 database     DEBUG    SELECT * FROM `airfields` WHERE capcode = '000573968';
2018-03-04 19:49:06 database     DEBUG    SELECT * FROM `airfields` WHERE capcode = '000672112';
2018-03-04 19:53:23 database     DEBUG    SELECT * FROM `airfields` WHERE capcode = '001815600';
2018-03-04 19:53:26 database     DEBUG    SELECT * FROM `airfields` WHERE capcode = '000565488';
2018-03-04 19:53:29 database     DEBUG    SELECT * FROM `airfields` WHERE capcode = '000565400';
2018-03-04 19:53:33 database     DEBUG    SELECT * FROM `airfields` WHERE capcode = '001525176';
2018-03-04 19:55:49 database     DEBUG    SELECT * FROM `airfields` WHERE capcode = '001618840';
2018-03-04 19:57:44 database     DEBUG    SELECT * FROM `airfields` WHERE capcode = '000581832';
2018-03-04 20:02:29 database     DEBUG    SELECT * FROM `airfields` WHERE capcode = '001802176';
2018-03-04 20:06:51 database     DEBUG    SELECT * FROM `airfields` WHERE capcode = '001718350';
2018-03-04 20:06:56 database     DEBUG    SELECT * FROM `airfields` WHERE capcode = '000565456';
2018-03-04 20:07:00 database     DEBUG    SELECT * FROM `airfields` WHERE capcode = '000565456';
2018-03-04 20:07:04 database     DEBUG    SELECT * FROM `airfields` WHERE capcode = '000565856';
2018-03-04 20:07:08 database     DEBUG    SELECT * FROM `airfields` WHERE capcode = '000565584';
2018-03-04 20:07:13 database     DEBUG    SELECT * FROM `airfields` WHERE capcode = '001353096';
2018-03-04 20:07:17 database     DEBUG    SELECT * FROM `airfields` WHERE capcode = '000565536';
2018-03-04 20:07:21 database     DEBUG    SELECT * FROM `airfields` WHERE capcode = '000565400';
2018-03-04 20:07:24 database     DEBUG    SELECT * FROM `airfields` WHERE capcode = '001525176';
2018-03-04 20:07:27 database     DEBUG    SELECT * FROM `airfields` WHERE capcode = '000565400';
2018-03-04 20:07:30 database     DEBUG    SELECT * FROM `airfields` WHERE capcode = '001525176';
2018-03-04 20:07:33 database     DEBUG    SELECT * FROM `airfields` WHERE capcode = '000565400';
2018-03-04 20:07:37 database     DEBUG    SELECT * FROM `airfields` WHERE capcode = '001525176';
2018-03-04 20:07:40 database     DEBUG    SELECT * FROM `airfields` WHERE capcode = '000565768';
2018-03-04 20:07:43 database     DEBUG    SELECT * FROM `airfields` WHERE capcode = '001525176';
2018-03-04 20:07:46 database     DEBUG    SELECT * FROM `airfields` WHERE capcode = '001525176';
2018-03-04 20:07:47 database     DEBUG    SELECT * FROM `airfields` WHERE capcode = '001525176';
2018-03-04 20:07:49 database     DEBUG    SELECT * FROM `airfields` WHERE capcode = '000637843';
2018-03-04 20:08:42 database     DEBUG    SELECT * FROM `airfields` WHERE capcode = '000240513';
2018-03-04 20:10:35 database     DEBUG    SELECT * FROM `airfields` WHERE capcode = '000672048';
2018-03-04 20:15:58 database     DEBUG    SELECT * FROM `airfields` WHERE capcode = '000565440';
2018-03-04 20:16:00 database     DEBUG    SELECT * FROM `airfields` WHERE capcode = '000565400';
2018-03-04 20:16:04 database     DEBUG    SELECT * FROM `airfields` WHERE capcode = '001525176';
2018-03-04 20:16:07 database     DEBUG    SELECT * FROM `airfields` WHERE capcode = '000565400';
2018-03-04 20:16:10 database     DEBUG    SELECT * FROM `airfields` WHERE capcode = '001525176';
2018-03-04 20:16:32 database     DEBUG    SELECT * FROM `airfields` WHERE capcode = '000565768';
2018-03-04 20:16:35 database     DEBUG    SELECT * FROM `airfields` WHERE capcode = '001525176';
2018-03-04 20:24:37 database     DEBUG    SELECT * FROM `airfields` WHERE capcode = '000672008';
2018-03-04 20:28:38 database     DEBUG    SELECT * FROM `airfields` WHERE capcode = '000162562';
2018-03-04 20:28:43 database     DEBUG    SELECT * FROM `airfields` WHERE capcode = '001615890';
2018-03-04 20:31:23 database     DEBUG    SELECT * FROM `airfields` WHERE capcode = '001615890';
2018-03-04 20:43:49 database     DEBUG    SELECT * FROM `airfields` WHERE capcode = '000571520';
2018-03-04 20:43:51 database     DEBUG    SELECT * FROM `airfields` WHERE capcode = '000571384';
2018-03-04 20:44:00 database     DEBUG    SELECT * FROM `airfields` WHERE capcode = '000672088';
2018-03-04 20:46:52 database     DEBUG    SELECT * FROM `airfields` WHERE capcode = '000562816';
2018-03-04 20:46:58 database     DEBUG    SELECT * FROM `airfields` WHERE capcode = '000562712';
2018-03-04 20:47:03 database     DEBUG    SELECT * FROM `airfields` WHERE capcode = '000672024';
2018-03-04 20:58:29 database     DEBUG    SELECT * FROM `airfields` WHERE capcode = '000566592';
2018-03-04 20:58:32 database     DEBUG    SELECT * FROM `airfields` WHERE capcode = '000672048';
2018-03-04 20:59:23 database     DEBUG    SELECT * FROM `airfields` WHERE capcode = '001618840';
2018-03-04 21:06:22 database     DEBUG    SELECT * FROM `airfields` WHERE capcode = '000562712';
2018-03-04 21:06:25 database     DEBUG    SELECT * FROM `airfields` WHERE capcode = '000672024';
2018-03-04 21:20:20 database     DEBUG    SELECT * FROM `airfields` WHERE capcode = '001876776';
2018-03-04 21:20:21 database     DEBUG    SELECT * FROM `airfields` WHERE capcode = '000235579';
2018-03-04 21:20:25 database     DEBUG    SELECT * FROM `airfields` WHERE capcode = '000573224';
2018-03-04 21:20:29 database     DEBUG    SELECT * FROM `airfields` WHERE capcode = '000672104';
2018-03-04 21:27:21 database     DEBUG    SELECT * FROM `airfields` WHERE capcode = '000714624';
2018-03-04 21:28:26 database     DEBUG    SELECT * FROM `airfields` WHERE capcode = '001353040';
2018-03-04 21:28:31 database     DEBUG    SELECT * FROM `airfields` WHERE capcode = '000565600';
2018-03-04 21:28:37 database     DEBUG    SELECT * FROM `airfields` WHERE capcode = '001525176';
2018-03-04 21:32:18 database     DEBUG    SELECT * FROM `airfields` WHERE capcode = '001353048';
2018-03-04 21:32:21 database     DEBUG    SELECT * FROM `airfields` WHERE capcode = '000566736';
2018-03-04 21:32:24 database     DEBUG    SELECT * FROM `airfields` WHERE capcode = '000672048';
2018-03-04 21:38:27 database     DEBUG    SELECT * FROM `airfields` WHERE capcode = '001312120';
2018-03-04 21:38:33 database     DEBUG    SELECT * FROM `airfields` WHERE capcode = '000573224';
2018-03-04 21:38:39 database     DEBUG    SELECT * FROM `airfields` WHERE capcode = '000672104';
2018-03-04 21:48:30 database     DEBUG    SELECT * FROM `airfields` WHERE capcode = '000565408';
2018-03-04 21:48:34 database     DEBUG    SELECT * FROM `airfields` WHERE capcode = '000565400';
2018-03-04 21:48:36 database     DEBUG    SELECT * FROM `airfields` WHERE capcode = '001525176';
2018-03-04 21:48:38 database     DEBUG    SELECT * FROM `airfields` WHERE capcode = '000617676';
2018-03-04 21:55:04 database     DEBUG    SELECT * FROM `airfields` WHERE capcode = '001954256';
2018-03-04 21:55:04 database     DEBUG    SELECT * FROM `airfields` WHERE capcode = '001953494';
2018-03-04 21:58:30 database     DEBUG    SELECT * FROM `airfields` WHERE capcode = '001213680';
2018-03-04 21:58:35 database     DEBUG    SELECT * FROM `airfields` WHERE capcode = '000672008';
2018-03-04 22:01:00 database     DEBUG    SELECT * FROM `airfields` WHERE capcode = '000561248';
2018-03-04 22:01:05 database     DEBUG    SELECT * FROM `airfields` WHERE capcode = '001213680';
2018-03-04 22:01:11 database     DEBUG    SELECT * FROM `airfields` WHERE capcode = '000672008';
2018-03-04 22:03:17 database     DEBUG    SELECT * FROM `airfields` WHERE capcode = '001645371';
2018-03-04 22:03:17 database     DEBUG    SELECT * FROM `airfields` WHERE capcode = '000323958';
2018-03-04 22:26:22 database     DEBUG    SELECT * FROM `airfields` WHERE capcode = '001171636';
2018-03-04 22:26:22 database     DEBUG    SELECT * FROM `airfields` WHERE capcode = '.40_ABCDE';
2018-03-04 22:26:51 database     DEBUG    SELECT * FROM `airfields` WHERE capcode = '001213664';
2018-03-04 22:26:55 database     DEBUG    SELECT * FROM `airfields` WHERE capcode = '000672088';
2018-03-04 22:39:26 database     DEBUG    SELECT * FROM `airfields` WHERE capcode = '001488664';
2018-03-04 22:39:26 database     DEBUG    SELECT * FROM `airfields` WHERE capcode = '000940414';
2018-03-04 22:42:10 database     DEBUG    SELECT * FROM `airfields` WHERE capcode = '000574416';
2018-03-04 22:42:14 database     DEBUG    SELECT * FROM `airfields` WHERE capcode = '000672112';
2018-03-04 22:56:08 database     DEBUG    SELECT * FROM `airfields` WHERE capcode = '001327056';
2018-03-04 23:02:08 database     DEBUG    SELECT * FROM `airfields` WHERE capcode = '000567080';
2018-03-04 23:02:11 database     DEBUG    SELECT * FROM `airfields` WHERE capcode = '000566888';
2018-03-04 23:02:14 database     DEBUG    SELECT * FROM `airfields` WHERE capcode = '000566960';
2018-03-04 23:02:17 database     DEBUG    SELECT * FROM `airfields` WHERE capcode = '000672048';
2018-03-04 23:02:20 database     DEBUG    SELECT * FROM `airfields` WHERE capcode = '000566736';
2018-03-04 23:20:07 database     DEBUG    SELECT * FROM `airfields` WHERE capcode = '000195337';
2018-03-04 23:20:42 database     DEBUG    SELECT * FROM `airfields` WHERE capcode = '001171636';
2018-03-04 23:20:42 database     DEBUG    SELECT * FROM `airfields` WHERE capcode = '.40_ABCDE';
2018-03-04 23:24:22 database     DEBUG    SELECT * FROM `airfields` WHERE capcode = '001777724';
2018-03-04 23:24:22 database     DEBUG    SELECT * FROM `airfields` WHERE capcode = '.40_ABCDE';
2018-03-04 23:24:29 database     DEBUG    SELECT * FROM `airfields` WHERE capcode = '001777724';
2018-03-04 23:24:30 database     DEBUG    SELECT * FROM `airfields` WHERE capcode = '000892319';
2018-03-04 23:24:31 database     DEBUG    SELECT * FROM `airfields` WHERE capcode = '000442813';
2018-03-04 23:24:32 database     DEBUG    SELECT * FROM `airfields` WHERE capcode = '000800892';
2018-03-04 23:24:35 database     DEBUG    SELECT * FROM `airfields` WHERE capcode = '001108773';
2018-03-04 23:26:12 database     DEBUG    SELECT * FROM `airfields` WHERE capcode = '001777724';
2018-03-04 23:26:12 database     DEBUG    SELECT * FROM `airfields` WHERE capcode = '.40_ABCDE';
2018-03-04 23:36:57 database     DEBUG    SELECT * FROM `airfields` WHERE capcode = '001327056';
2018-03-04 23:37:04 database     DEBUG    SELECT * FROM `airfields` WHERE capcode = '001445716';
2018-03-04 23:37:11 database     DEBUG    SELECT * FROM `airfields` WHERE capcode = '001224865';
2018-03-04 23:48:09 database     DEBUG    SELECT * FROM `airfields` WHERE capcode = '001856916';
2018-03-04 23:51:59 database     DEBUG    SELECT * FROM `airfields` WHERE capcode = '001462128';
2018-03-04 23:52:02 database     DEBUG    SELECT * FROM `airfields` WHERE capcode = '000672096';
