2018-03-13 08:13:19 root         INFO     Serial port initialised
2018-03-13 08:13:19 root         DEBUG    Raw             :001816184 @@ALERT F180301004 KYAB4 G&SC1 TREE FIRE BEHIND CALLERS ADDRESS 12 CROW CR KYABRAM /MELLIS ST SVNE 8362 E5 (243803) LAT/LON:-36.3059159, 145.0437140 DISP520 AIRSHP CKYAB CMGUM CTGAL HEL331
2018-03-13 08:13:19 database     DEBUG    SELECT * FROM `airfields` WHERE capcode = '001816184';
2018-03-13 08:13:19 root         DEBUG    Priority        :EMERGENCY
2018-03-13 08:13:19 root         DEBUG    Message         :ALERT F180301004 KYAB4 G&SC1 TREE FIRE BEHIND CALLERS ADDRESS 12 CROW CR KYABRAM /MELLIS ST SVNE 8362 E5 (243803) LAT/LON:-36.3059159, 145.0437140 DISP520 AIRSHP CKYAB CMGUM CTGAL HEL331
2018-03-13 08:13:19 root         DEBUG    Alert           :ALERT
2018-03-13 08:13:19 root         DEBUG    Fnumber         :F180301004
2018-03-13 08:13:19 root         DEBUG    IncidentType    :G&SC1
2018-03-13 08:13:19 root         DEBUG    AssignmentArea  :KYAB4
2018-03-13 08:13:19 root         DEBUG    Dispatch channel:520 
2018-03-13 08:13:19 root         DEBUG    Map ref         :SVNE 8362 E5
2018-03-13 08:13:19 root         DEBUG    Latitude        :-36.3059159
2018-03-13 08:13:19 root         DEBUG    Longitude       :145.0437140
2018-03-13 08:13:19 root         DEBUG    Remaining msg   :TREE FIRE BEHIND CALLERS ADDRESS 12 CROW CR KYABRAM /MELLIS ST (243803) AIRSHP CKYAB CMGUM CTGAL HEL331
2018-03-13 08:13:19 root         DEBUG    parse_alert            :True
2018-03-13 08:13:19 root         DEBUG    parse_f_number         :True
2018-03-13 08:13:19 root         DEBUG    parse_incident_type    :True
2018-03-13 08:13:19 root         DEBUG    parse_assignment_area  :True
2018-03-13 08:13:19 root         DEBUG    parse_dispatch_channel :True
2018-03-13 08:13:19 root         DEBUG    parse_mapbook          :True
2018-03-13 08:13:19 root         DEBUG    parse_lat_long         :True
2018-03-13 08:13:19 database     DEBUG    SELECT * FROM `airfield_bomber_reloading` ORDER BY `name`
2018-03-13 08:13:19 database     DEBUG    SELECT * FROM `airfield_aws` WHERE short_name = 'AIRSHP';
2018-03-13 08:13:22 weather      DEBUG    AWS for parsing is Shepparton
2018-03-13 08:13:22 weather      DEBUG    0806 EDT on Tuesday, 13 March 2018
2018-03-13 08:13:22 weather      DEBUG    Shepparton at 13
2018-03-13 08:13:22 weather      DEBUG    FFDI: 15
2018-03-13 08:13:22 weather      DEBUG    GFDI: 7
2018-03-13 08:13:46 root         INFO     Serial port initialised
2018-03-13 08:13:47 root         DEBUG    Raw             :001816088 @@ALERT F180300913 MTEL1 G&SC1 UNDEFINED FIRE IN BACKYARD 125 BELLBIRD RD MOUNT ELIZA /FREELANDS DR //HUMPHRIES RD M 106 C3 (354711) LAT/LON:-38.1926135, 145.1209718 DISP27 AIRMMB CFTONS CMTEL FBD302 HEL338
2018-03-13 08:13:47 database     DEBUG    SELECT * FROM `airfields` WHERE capcode = '001816088';
2018-03-13 08:13:47 root         DEBUG    Priority        :EMERGENCY
2018-03-13 08:13:47 root         DEBUG    Message         :ALERT F180300913 MTEL1 G&SC1 UNDEFINED FIRE IN BACKYARD 125 BELLBIRD RD MOUNT ELIZA /FREELANDS DR //HUMPHRIES RD M 106 C3 (354711) LAT/LON:-38.1926135, 145.1209718 DISP27 AIRMMB CFTONS CMTEL FBD302 HEL338
2018-03-13 08:13:47 root         DEBUG    Alert           :ALERT
2018-03-13 08:13:47 root         DEBUG    Fnumber         :F180300913
2018-03-13 08:13:47 root         DEBUG    IncidentType    :G&SC1
2018-03-13 08:13:47 root         DEBUG    AssignmentArea  :MTEL1
2018-03-13 08:13:47 root         DEBUG    Dispatch channel:27 
2018-03-13 08:13:47 root         DEBUG    Map ref         :M 106 C3
2018-03-13 08:13:47 root         DEBUG    Latitude        :-38.1926135
2018-03-13 08:13:47 root         DEBUG    Longitude       :145.1209718
2018-03-13 08:13:47 root         DEBUG    Remaining msg   :UNDEFINED FIRE IN BACKYARD 125 BELLBIRD RD MOUNT ELIZA /FREELANDS DR //HUMPHRIES RD (354711) AIRMMB CFTONS CMTEL FBD302 HEL338
2018-03-13 08:13:47 root         DEBUG    parse_alert            :True
2018-03-13 08:13:47 root         DEBUG    parse_f_number         :True
2018-03-13 08:13:47 root         DEBUG    parse_incident_type    :True
2018-03-13 08:13:47 root         DEBUG    parse_assignment_area  :True
2018-03-13 08:13:47 root         DEBUG    parse_dispatch_channel :True
2018-03-13 08:13:47 root         DEBUG    parse_mapbook          :True
2018-03-13 08:13:47 root         DEBUG    parse_lat_long         :True
2018-03-13 08:13:47 database     DEBUG    SELECT * FROM `airfield_bomber_reloading` ORDER BY `name`
2018-03-13 08:13:47 database     DEBUG    SELECT * FROM `airfield_aws` WHERE short_name = 'AIRMMB';
2018-03-13 08:13:49 weather      DEBUG    AWS for parsing is Moorabbin AWS
2018-03-13 08:13:49 weather      DEBUG    0806 EDT on Tuesday, 13 March 2018
2018-03-13 08:13:49 weather      DEBUG    Moorabbin AWS at 13
2018-03-13 08:13:49 weather      DEBUG    FFDI: 15
2018-03-13 08:13:49 weather      DEBUG    GFDI: 7
2018-03-13 09:43:09 root         DEBUG    ** Executing def __init__(self):
2018-03-13 09:44:32 root         DEBUG    ** Executing def __init__(self):
2018-03-13 09:44:58 root         DEBUG    ** Executing def __init__(self):
2018-03-13 09:46:02 root         DEBUG    ** Executing def __init__(self):
2018-03-13 09:46:43 root         DEBUG    ** Executing def __init__(self):
2018-03-13 09:47:24 root         DEBUG    ** Executing def __init__(self):
2018-03-13 09:51:07 root         DEBUG    ** Executing def __init__(self):
2018-03-13 09:51:26 root         DEBUG    ** Executing def __init__(self):
2018-03-13 09:54:12 root         DEBUG    ** Executing def __init__(self):
2018-03-13 09:54:47 root         DEBUG    ** Executing def __init__(self):
2018-03-13 09:55:02 root         DEBUG    ** Executing def __init__(self):
2018-03-13 11:38:44 root         DEBUG    ** Executing def __init__(self):
2018-03-13 11:39:00 root         DEBUG    ** Executing def __init__(self):
2018-03-13 12:02:18 root         DEBUG    ** Executing def __init__(self):
2018-03-13 12:27:21 root         DEBUG    ** Executing def __init__(self):
2018-03-13 12:27:55 root         DEBUG    ** Executing def __init__(self):
2018-03-13 12:32:15 root         DEBUG    ** Executing def __init__(self):
2018-03-13 13:44:53 root         DEBUG    ** Executing def __init__(self):
2018-03-13 13:48:57 root         DEBUG    ** Executing def __init__(self):
2018-03-13 13:55:34 root         DEBUG    ** Executing def __init__(self):
2018-03-13 13:55:35 root         DEBUG    <Gtk.TextBuffer object at 0x7272c530 (GtkTextBuffer at 0xa85548)>
2018-03-13 13:55:35 root         DEBUG    <widgetcontrol.WidgetControl object at 0x7272c7d8 (uninitialized at 0x(nil))>
2018-03-13 13:57:04 root         DEBUG    ** Executing def __init__(self):
2018-03-13 13:57:05 root         DEBUG    <Gtk.TextBuffer object at 0x72785760 (GtkTextBuffer at 0xc26548)>
2018-03-13 13:57:05 root         DEBUG    <widgetcontrol.WidgetControl object at 0x72785a08 (uninitialized at 0x(nil))>
2018-03-13 13:58:11 root         DEBUG    ** Executing def __init__(self):
2018-03-13 13:58:11 root         DEBUG    <Gtk.TextBuffer object at 0x72789760 (GtkTextBuffer at 0xb31948)>
2018-03-13 13:58:11 root         DEBUG    <widgetcontrol.WidgetControl object at 0x72789a08 (uninitialized at 0x(nil))>
2018-03-13 13:58:44 root         DEBUG    ** Executing def __init__(self):
2018-03-13 13:58:44 root         DEBUG    <Gtk.TextBuffer object at 0x7272d530 (GtkTextBuffer at 0x19d3548)>
2018-03-13 13:59:26 root         DEBUG    ** Executing def __init__(self):
2018-03-13 13:59:26 root         DEBUG    <Gtk.TextBuffer object at 0x727ee580 (GtkTextBuffer at 0x24a4548)>
2018-03-13 13:59:26 root         DEBUG    <widgetcontrol.TextBuffer object at 0x727ee800 (uninitialized at 0x(nil))>
2018-03-13 14:37:31 root         DEBUG    ** Executing def __init__(self):
2018-03-13 14:37:31 root         DEBUG    <Gtk.TextBuffer object at 0x727ae7d8 (GtkTextBuffer at 0x133e948)>
2018-03-13 14:38:16 root         DEBUG    ** Executing def __init__(self):
2018-03-13 14:38:17 root         DEBUG    <Gtk.TextBuffer object at 0x726f3800 (GtkTextBuffer at 0x21d0948)>
2018-03-13 14:38:17 root         DEBUG    <widgetcontrol.TextBuffer object at 0x726f3a80 (uninitialized at 0x(nil))>
