2018-02-27 13:06:14 database     DEBUG    SELECT * FROM `airfields` WHERE 1
2018-02-27 13:06:14 database     DEBUG    Connected to database
2018-02-27 13:06:14 root         INFO     Serial port initialised
2018-02-27 13:23:49 database     DEBUG    SELECT * FROM `airfields` WHERE 1
2018-02-27 13:23:49 database     DEBUG    Connected to database
2018-02-27 13:23:49 root         INFO     Serial port initialised
2018-02-27 13:23:51 root         INFO     Serial port initialised
2018-02-27 13:23:51 database     DEBUG    SELECT * FROM `airfields` WHERE capcode = '000000002';
2018-02-27 13:23:51 database     DEBUG    Connected to database
2018-02-27 13:23:51 root         DEBUG    b_return: True
2018-02-27 13:23:51 root         DEBUG    row     : {'name': 'PDD - Test Site', 'lat': -37.971375, 'shortname': 'AIRTST', 'capcode': '000000002', 'lng': 145.093857}
2018-02-27 13:23:51 root         DEBUG    count   : 1
2018-02-27 13:23:51 root         DEBUG    Alert           :ALERT
2018-02-27 13:23:51 root         DEBUG    Fnumber         :F123456789
2018-02-27 13:23:51 root         DEBUG    IncidentType    :G&SC1
2018-02-27 13:23:51 root         DEBUG    AssignmentArea  :INVL2
2018-02-27 13:23:51 root         DEBUG    Dispatch channel:509 
2018-02-27 13:23:51 root         DEBUG    Map ref         :SVC 6962 D7
2018-02-27 13:23:51 root         DEBUG    Latitude        :-38.6313124
2018-02-27 13:23:51 root         DEBUG    Longitude       :145.6566964
2018-02-27 13:23:51 root         DEBUG    Remaining msg   :SMALL GRASS FIRE EMMA LANE INVERLOCH (123456) AIRLTV BDG374 CINVL CWOGI HEL337
2018-02-27 13:23:51 root         DEBUG    parseOK         :True
2018-02-27 13:23:51 root         DEBUG    firecall        :True
2018-02-27 13:23:52 database     DEBUG    SELECT * FROM `airfield_bomber_reloading` ORDER BY `name`
2018-02-27 13:23:52 database     DEBUG    Connected to database
2018-02-27 13:23:52 calcs        DEBUG    [{'name': None, 'lat': None, 'lng': None, 'distance': 9999999999}, {'name': 'CFA Edenhope', 'lat': -37.017564, 'lng': 141.268176, 'distance': 229.377584764144}, {'name': 'CFA Hamilton', 'lat': -37.647598, 'lng': 142.063306, 'distance': 179.5302194564873}, {'name': 'CFA Horsham', 'lat': -36.670076, 'lng': 142.171345, 'distance': 203.09466099427277}, {'name': 'CFA Lethbridge', 'lat': -37.921256, 'lng': 144.101845, 'distance': 84.7217954906446}, {'name': 'CFA Nhill', 'lat': -36.310055, 'lng': 141.646953, 'distance': 236.29136724935955}, {'name': 'CFA Ouyen', 'lat': -35.088881, 'lng': 142.35167, 'distance': 265.17907639039254}, {'name': 'CFA Portland', 'lat': -38.31966, 'lng': 141.469127, 'distance': 197.56230413579928}, {'name': 'CFA Tyabb', 'lat': -38.26991, 'lng': 145.180051, 'distance': 31.172841910580612}, {'name': 'CFA Wangaratta ', 'lat': -36.417119, 'lng': 146.307748, 'distance': 136.40979100925128}, {'name': 'CFA Warrnambool', 'lat': -38.295648, 'lng': 142.45001, 'distance': 151.97744622233634}, {'name': 'CFS Mt Gambier SA', 'lat': -37.746857, 'lng': 140.78462, 'distance': 235.7675897350687}, {'name': 'CFS Naracoorte SA ', 'lat': -36.97982, 'lng': 140.727175, 'distance': 253.77257504138294}, {'name': 'FFMV Albury', 'lat': -36.067619, 'lng': 146.954571, 'distance': 165.799299016013}, {'name': 'FFMV Avalon', 'lat': -38.038556, 'lng': 144.467175, 'distance': 66.3219262731617}, {'name': 'FFMV Bairnsdale', 'lat': -37.887047, 'lng': 147.568923, 'distance': 100.5442260036643}, {'name': 'FFMV Ballarat', 'lat': -37.510999, 'lng': 143.794371, 'distance': 110.70043682917327}, {'name': 'FFMV Benambra ', 'lat': -36.965152, 'lng': 149.698182, 'distance': 216.0817178797504}, {'name': 'FFMV Bendigo', 'lat': -36.738893, 'lng': 144.329394, 'distance': 129.85462263507318}, {'name': 'FFMV Casterton', 'lat': -37.613741, 'lng': 141.362733, 'distance': 211.64531411338743}, {'name': 'FFMV Colac', 'lat': -38.289573, 'lng': 143.680955, 'distance': 95.05679143052338}, {'name': 'FFMV Corryong', 'lat': -36.183867, 'lng': 149.886125, 'distance': 249.33485159945334}, {'name': 'FFMV Delegate', 'lat': -37.06056, 'lng': 148.941198, 'distance': 181.90710647516448}, {'name': 'FFMV Latrobe Valley', 'lat': -38.211033, 'lng': 146.470411, 'distance': 45.8130509125074}, {'name': 'FFMV Linga', 'lat': -35.195816, 'lng': 141.721892, 'distance': 279.43006003895084}, {'name': 'FFMV Mallacoota', 'lat': -37.604445, 'lng': 149.72235, 'distance': 201.5355351327055}, {'name': 'FFMV Mansfield', 'lat': -37.076122, 'lng': 146.121751, 'distance': 95.87310753517592}, {'name': 'FFMV Marlo', 'lat': -37.790579, 'lng': 148.606621, 'distance': 147.92366594946108}, {'name': 'FFMV Mildura ', 'lat': -34.230698, 'lng': 142.089744, 'distance': 315.14511192299034}, {'name': 'FFMV Mt Beuauty', 'lat': -36.732046, 'lng': 147.168947, 'distance': 134.68398214219914}, {'name': 'FFMV Snowy Range ', 'lat': -37.351349, 'lng': 146.965531, 'distance': 98.62563452502845}, {'name': 'FFMV Stawell', 'lat': -37.071229, 'lng': 142.741737, 'distance': 166.81313002618322}]
2018-02-27 13:23:52 calcs        DEBUG    [{'name': 'CFA Tyabb', 'lat': -38.26991, 'lng': 145.180051, 'distance': 31.172841910580612}, {'name': 'FFMV Latrobe Valley', 'lat': -38.211033, 'lng': 146.470411, 'distance': 45.8130509125074}, {'name': 'FFMV Avalon', 'lat': -38.038556, 'lng': 144.467175, 'distance': 66.3219262731617}, {'name': 'CFA Lethbridge', 'lat': -37.921256, 'lng': 144.101845, 'distance': 84.7217954906446}, {'name': 'FFMV Colac', 'lat': -38.289573, 'lng': 143.680955, 'distance': 95.05679143052338}, {'name': 'FFMV Mansfield', 'lat': -37.076122, 'lng': 146.121751, 'distance': 95.87310753517592}, {'name': 'FFMV Snowy Range ', 'lat': -37.351349, 'lng': 146.965531, 'distance': 98.62563452502845}, {'name': 'FFMV Bairnsdale', 'lat': -37.887047, 'lng': 147.568923, 'distance': 100.5442260036643}, {'name': 'FFMV Ballarat', 'lat': -37.510999, 'lng': 143.794371, 'distance': 110.70043682917327}, {'name': 'FFMV Bendigo', 'lat': -36.738893, 'lng': 144.329394, 'distance': 129.85462263507318}, {'name': 'FFMV Mt Beuauty', 'lat': -36.732046, 'lng': 147.168947, 'distance': 134.68398214219914}, {'name': 'CFA Wangaratta ', 'lat': -36.417119, 'lng': 146.307748, 'distance': 136.40979100925128}, {'name': 'FFMV Marlo', 'lat': -37.790579, 'lng': 148.606621, 'distance': 147.92366594946108}, {'name': 'CFA Warrnambool', 'lat': -38.295648, 'lng': 142.45001, 'distance': 151.97744622233634}, {'name': 'FFMV Albury', 'lat': -36.067619, 'lng': 146.954571, 'distance': 165.799299016013}, {'name': 'FFMV Stawell', 'lat': -37.071229, 'lng': 142.741737, 'distance': 166.81313002618322}, {'name': 'CFA Hamilton', 'lat': -37.647598, 'lng': 142.063306, 'distance': 179.5302194564873}, {'name': 'FFMV Delegate', 'lat': -37.06056, 'lng': 148.941198, 'distance': 181.90710647516448}, {'name': 'CFA Portland', 'lat': -38.31966, 'lng': 141.469127, 'distance': 197.56230413579928}, {'name': 'FFMV Mallacoota', 'lat': -37.604445, 'lng': 149.72235, 'distance': 201.5355351327055}, {'name': 'CFA Horsham', 'lat': -36.670076, 'lng': 142.171345, 'distance': 203.09466099427277}, {'name': 'FFMV Casterton', 'lat': -37.613741, 'lng': 141.362733, 'distance': 211.64531411338743}, {'name': 'FFMV Benambra ', 'lat': -36.965152, 'lng': 149.698182, 'distance': 216.0817178797504}, {'name': 'CFA Edenhope', 'lat': -37.017564, 'lng': 141.268176, 'distance': 229.377584764144}, {'name': 'CFS Mt Gambier SA', 'lat': -37.746857, 'lng': 140.78462, 'distance': 235.7675897350687}, {'name': 'CFA Nhill', 'lat': -36.310055, 'lng': 141.646953, 'distance': 236.29136724935955}, {'name': 'FFMV Corryong', 'lat': -36.183867, 'lng': 149.886125, 'distance': 249.33485159945334}, {'name': 'CFS Naracoorte SA ', 'lat': -36.97982, 'lng': 140.727175, 'distance': 253.77257504138294}, {'name': 'CFA Ouyen', 'lat': -35.088881, 'lng': 142.35167, 'distance': 265.17907639039254}, {'name': 'FFMV Linga', 'lat': -35.195816, 'lng': 141.721892, 'distance': 279.43006003895084}, {'name': 'FFMV Mildura ', 'lat': -34.230698, 'lng': 142.089744, 'distance': 315.14511192299034}, {'name': None, 'lat': None, 'lng': None, 'distance': 9999999999}]
2018-02-27 13:28:47 database     DEBUG    SELECT * FROM `airfields` WHERE 1
2018-02-27 13:28:47 database     DEBUG    Connected to database
2018-02-27 13:28:47 root         INFO     Serial port initialised
2018-02-27 13:28:49 root         INFO     Serial port initialised
2018-02-27 13:28:49 database     DEBUG    SELECT * FROM `airfields` WHERE capcode = '000000002';
2018-02-27 13:28:49 database     DEBUG    Connected to database
2018-02-27 13:28:49 root         DEBUG    b_return: True
2018-02-27 13:28:49 root         DEBUG    row     : {'lng': 145.093857, 'name': 'PDD - Test Site', 'shortname': 'AIRTST', 'capcode': '000000002', 'lat': -37.971375}
2018-02-27 13:28:49 root         DEBUG    count   : 1
2018-02-27 13:28:49 root         DEBUG    Alert           :ALERT
2018-02-27 13:28:49 root         DEBUG    Fnumber         :F123456789
2018-02-27 13:28:49 root         DEBUG    IncidentType    :G&SC1
2018-02-27 13:28:49 root         DEBUG    AssignmentArea  :INVL2
2018-02-27 13:28:49 root         DEBUG    Dispatch channel:509 
2018-02-27 13:28:49 root         DEBUG    Map ref         :SVC 6962 D7
2018-02-27 13:28:49 root         DEBUG    Latitude        :-38.6313124
2018-02-27 13:28:49 root         DEBUG    Longitude       :145.6566964
2018-02-27 13:28:49 root         DEBUG    Remaining msg   :SMALL GRASS FIRE EMMA LANE INVERLOCH (123456) AIRLTV BDG374 CINVL CWOGI HEL337
2018-02-27 13:28:49 root         DEBUG    parseOK         :True
2018-02-27 13:28:49 root         DEBUG    firecall        :True
2018-02-27 13:29:20 database     DEBUG    SELECT * FROM `airfields` WHERE 1
2018-02-27 13:29:20 database     DEBUG    Connected to database
2018-02-27 13:29:20 root         INFO     Serial port initialised
2018-02-27 13:29:22 root         INFO     Serial port initialised
2018-02-27 13:29:22 database     DEBUG    SELECT * FROM `airfields` WHERE capcode = '000000002';
2018-02-27 13:29:22 database     DEBUG    Connected to database
2018-02-27 13:29:22 root         DEBUG    b_return: True
2018-02-27 13:29:22 root         DEBUG    row     : {'capcode': '000000002', 'name': 'PDD - Test Site', 'shortname': 'AIRTST', 'lng': 145.093857, 'lat': -37.971375}
2018-02-27 13:29:22 root         DEBUG    count   : 1
2018-02-27 13:29:22 root         DEBUG    Alert           :ALERT
2018-02-27 13:29:22 root         DEBUG    Fnumber         :F123456789
2018-02-27 13:29:22 root         DEBUG    IncidentType    :G&SC1
2018-02-27 13:29:22 root         DEBUG    AssignmentArea  :INVL2
2018-02-27 13:29:22 root         DEBUG    Dispatch channel:509 
2018-02-27 13:29:22 root         DEBUG    Map ref         :SVC 6962 D7
2018-02-27 13:29:22 root         DEBUG    Latitude        :-38.6313124
2018-02-27 13:29:22 root         DEBUG    Longitude       :145.6566964
2018-02-27 13:29:22 root         DEBUG    Remaining msg   :SMALL GRASS FIRE EMMA LANE INVERLOCH (123456) AIRLTV BDG374 CINVL CWOGI HEL337
2018-02-27 13:29:22 root         DEBUG    parseOK         :True
2018-02-27 13:29:22 root         DEBUG    firecall        :True
2018-02-27 13:29:24 database     DEBUG    SELECT * FROM `airfield_bomber_reloading` ORDER BY `name`
2018-02-27 13:29:24 database     DEBUG    Connected to database
2018-02-27 13:29:24 calcs        DEBUG    [{'name': None, 'lng': None, 'distance': 9999999999, 'lat': None}, {'name': 'CFA Edenhope', 'lng': 141.268176, 'distance': 229.377584764144, 'lat': -37.017564}, {'name': 'CFA Hamilton', 'lng': 142.063306, 'distance': 179.5302194564873, 'lat': -37.647598}, {'name': 'CFA Horsham', 'lng': 142.171345, 'distance': 203.09466099427277, 'lat': -36.670076}, {'name': 'CFA Lethbridge', 'lng': 144.101845, 'distance': 84.7217954906446, 'lat': -37.921256}, {'name': 'CFA Nhill', 'lng': 141.646953, 'distance': 236.29136724935955, 'lat': -36.310055}, {'name': 'CFA Ouyen', 'lng': 142.35167, 'distance': 265.17907639039254, 'lat': -35.088881}, {'name': 'CFA Portland', 'lng': 141.469127, 'distance': 197.56230413579928, 'lat': -38.31966}, {'name': 'CFA Tyabb', 'lng': 145.180051, 'distance': 31.172841910580612, 'lat': -38.26991}, {'name': 'CFA Wangaratta ', 'lng': 146.307748, 'distance': 136.40979100925128, 'lat': -36.417119}, {'name': 'CFA Warrnambool', 'lng': 142.45001, 'distance': 151.97744622233634, 'lat': -38.295648}, {'name': 'CFS Mt Gambier SA', 'lng': 140.78462, 'distance': 235.7675897350687, 'lat': -37.746857}, {'name': 'CFS Naracoorte SA ', 'lng': 140.727175, 'distance': 253.77257504138294, 'lat': -36.97982}, {'name': 'FFMV Albury', 'lng': 146.954571, 'distance': 165.799299016013, 'lat': -36.067619}, {'name': 'FFMV Avalon', 'lng': 144.467175, 'distance': 66.3219262731617, 'lat': -38.038556}, {'name': 'FFMV Bairnsdale', 'lng': 147.568923, 'distance': 100.5442260036643, 'lat': -37.887047}, {'name': 'FFMV Ballarat', 'lng': 143.794371, 'distance': 110.70043682917327, 'lat': -37.510999}, {'name': 'FFMV Benambra ', 'lng': 149.698182, 'distance': 216.0817178797504, 'lat': -36.965152}, {'name': 'FFMV Bendigo', 'lng': 144.329394, 'distance': 129.85462263507318, 'lat': -36.738893}, {'name': 'FFMV Casterton', 'lng': 141.362733, 'distance': 211.64531411338743, 'lat': -37.613741}, {'name': 'FFMV Colac', 'lng': 143.680955, 'distance': 95.05679143052338, 'lat': -38.289573}, {'name': 'FFMV Corryong', 'lng': 149.886125, 'distance': 249.33485159945334, 'lat': -36.183867}, {'name': 'FFMV Delegate', 'lng': 148.941198, 'distance': 181.90710647516448, 'lat': -37.06056}, {'name': 'FFMV Latrobe Valley', 'lng': 146.470411, 'distance': 45.8130509125074, 'lat': -38.211033}, {'name': 'FFMV Linga', 'lng': 141.721892, 'distance': 279.43006003895084, 'lat': -35.195816}, {'name': 'FFMV Mallacoota', 'lng': 149.72235, 'distance': 201.5355351327055, 'lat': -37.604445}, {'name': 'FFMV Mansfield', 'lng': 146.121751, 'distance': 95.87310753517592, 'lat': -37.076122}, {'name': 'FFMV Marlo', 'lng': 148.606621, 'distance': 147.92366594946108, 'lat': -37.790579}, {'name': 'FFMV Mildura ', 'lng': 142.089744, 'distance': 315.14511192299034, 'lat': -34.230698}, {'name': 'FFMV Mt Beuauty', 'lng': 147.168947, 'distance': 134.68398214219914, 'lat': -36.732046}, {'name': 'FFMV Snowy Range ', 'lng': 146.965531, 'distance': 98.62563452502845, 'lat': -37.351349}, {'name': 'FFMV Stawell', 'lng': 142.741737, 'distance': 166.81313002618322, 'lat': -37.071229}]
2018-02-27 13:29:24 calcs        DEBUG    [{'name': 'CFA Tyabb', 'lng': 145.180051, 'distance': 31.172841910580612, 'lat': -38.26991}, {'name': 'FFMV Latrobe Valley', 'lng': 146.470411, 'distance': 45.8130509125074, 'lat': -38.211033}, {'name': 'FFMV Avalon', 'lng': 144.467175, 'distance': 66.3219262731617, 'lat': -38.038556}, {'name': 'CFA Lethbridge', 'lng': 144.101845, 'distance': 84.7217954906446, 'lat': -37.921256}, {'name': 'FFMV Colac', 'lng': 143.680955, 'distance': 95.05679143052338, 'lat': -38.289573}, {'name': 'FFMV Mansfield', 'lng': 146.121751, 'distance': 95.87310753517592, 'lat': -37.076122}, {'name': 'FFMV Snowy Range ', 'lng': 146.965531, 'distance': 98.62563452502845, 'lat': -37.351349}, {'name': 'FFMV Bairnsdale', 'lng': 147.568923, 'distance': 100.5442260036643, 'lat': -37.887047}, {'name': 'FFMV Ballarat', 'lng': 143.794371, 'distance': 110.70043682917327, 'lat': -37.510999}, {'name': 'FFMV Bendigo', 'lng': 144.329394, 'distance': 129.85462263507318, 'lat': -36.738893}, {'name': 'FFMV Mt Beuauty', 'lng': 147.168947, 'distance': 134.68398214219914, 'lat': -36.732046}, {'name': 'CFA Wangaratta ', 'lng': 146.307748, 'distance': 136.40979100925128, 'lat': -36.417119}, {'name': 'FFMV Marlo', 'lng': 148.606621, 'distance': 147.92366594946108, 'lat': -37.790579}, {'name': 'CFA Warrnambool', 'lng': 142.45001, 'distance': 151.97744622233634, 'lat': -38.295648}, {'name': 'FFMV Albury', 'lng': 146.954571, 'distance': 165.799299016013, 'lat': -36.067619}, {'name': 'FFMV Stawell', 'lng': 142.741737, 'distance': 166.81313002618322, 'lat': -37.071229}, {'name': 'CFA Hamilton', 'lng': 142.063306, 'distance': 179.5302194564873, 'lat': -37.647598}, {'name': 'FFMV Delegate', 'lng': 148.941198, 'distance': 181.90710647516448, 'lat': -37.06056}, {'name': 'CFA Portland', 'lng': 141.469127, 'distance': 197.56230413579928, 'lat': -38.31966}, {'name': 'FFMV Mallacoota', 'lng': 149.72235, 'distance': 201.5355351327055, 'lat': -37.604445}, {'name': 'CFA Horsham', 'lng': 142.171345, 'distance': 203.09466099427277, 'lat': -36.670076}, {'name': 'FFMV Casterton', 'lng': 141.362733, 'distance': 211.64531411338743, 'lat': -37.613741}, {'name': 'FFMV Benambra ', 'lng': 149.698182, 'distance': 216.0817178797504, 'lat': -36.965152}, {'name': 'CFA Edenhope', 'lng': 141.268176, 'distance': 229.377584764144, 'lat': -37.017564}, {'name': 'CFS Mt Gambier SA', 'lng': 140.78462, 'distance': 235.7675897350687, 'lat': -37.746857}, {'name': 'CFA Nhill', 'lng': 141.646953, 'distance': 236.29136724935955, 'lat': -36.310055}, {'name': 'FFMV Corryong', 'lng': 149.886125, 'distance': 249.33485159945334, 'lat': -36.183867}, {'name': 'CFS Naracoorte SA ', 'lng': 140.727175, 'distance': 253.77257504138294, 'lat': -36.97982}, {'name': 'CFA Ouyen', 'lng': 142.35167, 'distance': 265.17907639039254, 'lat': -35.088881}, {'name': 'FFMV Linga', 'lng': 141.721892, 'distance': 279.43006003895084, 'lat': -35.195816}, {'name': 'FFMV Mildura ', 'lng': 142.089744, 'distance': 315.14511192299034, 'lat': -34.230698}, {'name': None, 'lng': None, 'distance': 9999999999, 'lat': None}]
2018-02-27 13:30:25 database     DEBUG    SELECT * FROM `airfields` WHERE 1
2018-02-27 13:30:25 database     DEBUG    Connected to database
2018-02-27 13:30:25 root         INFO     Serial port initialised
2018-02-27 13:30:26 root         INFO     Serial port initialised
2018-02-27 13:30:27 database     DEBUG    SELECT * FROM `airfields` WHERE capcode = '000000002';
2018-02-27 13:30:27 database     DEBUG    Connected to database
2018-02-27 13:30:27 root         DEBUG    b_return: True
2018-02-27 13:30:27 root         DEBUG    row     : {'lat': -37.971375, 'lng': 145.093857, 'name': 'PDD - Test Site', 'shortname': 'AIRTST', 'capcode': '000000002'}
2018-02-27 13:30:27 root         DEBUG    count   : 1
2018-02-27 13:30:27 root         DEBUG    Alert           :ALERT
2018-02-27 13:30:27 root         DEBUG    Fnumber         :F123456789
2018-02-27 13:30:27 root         DEBUG    IncidentType    :G&SC1
2018-02-27 13:30:27 root         DEBUG    AssignmentArea  :INVL2
2018-02-27 13:30:27 root         DEBUG    Dispatch channel:509 
2018-02-27 13:30:27 root         DEBUG    Map ref         :SVC 6962 D7
2018-02-27 13:30:27 root         DEBUG    Latitude        :-38.6313124
2018-02-27 13:30:27 root         DEBUG    Longitude       :145.6566964
2018-02-27 13:30:27 root         DEBUG    Remaining msg   :SMALL GRASS FIRE EMMA LANE INVERLOCH (123456) AIRLTV BDG374 CINVL CWOGI HEL337
2018-02-27 13:30:27 root         DEBUG    parseOK         :True
2018-02-27 13:30:27 root         DEBUG    firecall        :True
2018-02-27 13:30:29 database     DEBUG    SELECT * FROM `airfield_bomber_reloading` ORDER BY `name`
2018-02-27 13:30:29 database     DEBUG    Connected to database
2018-02-27 13:30:29 calcs        DEBUG    [{'distance': 9999999999, 'lng': None, 'name': None, 'lat': None}, {'distance': 229.377584764144, 'lng': 141.268176, 'name': 'CFA Edenhope', 'lat': -37.017564}, {'distance': 179.5302194564873, 'lng': 142.063306, 'name': 'CFA Hamilton', 'lat': -37.647598}, {'distance': 203.09466099427277, 'lng': 142.171345, 'name': 'CFA Horsham', 'lat': -36.670076}, {'distance': 84.7217954906446, 'lng': 144.101845, 'name': 'CFA Lethbridge', 'lat': -37.921256}, {'distance': 236.29136724935955, 'lng': 141.646953, 'name': 'CFA Nhill', 'lat': -36.310055}, {'distance': 265.17907639039254, 'lng': 142.35167, 'name': 'CFA Ouyen', 'lat': -35.088881}, {'distance': 197.56230413579928, 'lng': 141.469127, 'name': 'CFA Portland', 'lat': -38.31966}, {'distance': 31.172841910580612, 'lng': 145.180051, 'name': 'CFA Tyabb', 'lat': -38.26991}, {'distance': 136.40979100925128, 'lng': 146.307748, 'name': 'CFA Wangaratta ', 'lat': -36.417119}, {'distance': 151.97744622233634, 'lng': 142.45001, 'name': 'CFA Warrnambool', 'lat': -38.295648}, {'distance': 235.7675897350687, 'lng': 140.78462, 'name': 'CFS Mt Gambier SA', 'lat': -37.746857}, {'distance': 253.77257504138294, 'lng': 140.727175, 'name': 'CFS Naracoorte SA ', 'lat': -36.97982}, {'distance': 165.799299016013, 'lng': 146.954571, 'name': 'FFMV Albury', 'lat': -36.067619}, {'distance': 66.3219262731617, 'lng': 144.467175, 'name': 'FFMV Avalon', 'lat': -38.038556}, {'distance': 100.5442260036643, 'lng': 147.568923, 'name': 'FFMV Bairnsdale', 'lat': -37.887047}, {'distance': 110.70043682917327, 'lng': 143.794371, 'name': 'FFMV Ballarat', 'lat': -37.510999}, {'distance': 216.0817178797504, 'lng': 149.698182, 'name': 'FFMV Benambra ', 'lat': -36.965152}, {'distance': 129.85462263507318, 'lng': 144.329394, 'name': 'FFMV Bendigo', 'lat': -36.738893}, {'distance': 211.64531411338743, 'lng': 141.362733, 'name': 'FFMV Casterton', 'lat': -37.613741}, {'distance': 95.05679143052338, 'lng': 143.680955, 'name': 'FFMV Colac', 'lat': -38.289573}, {'distance': 249.33485159945334, 'lng': 149.886125, 'name': 'FFMV Corryong', 'lat': -36.183867}, {'distance': 181.90710647516448, 'lng': 148.941198, 'name': 'FFMV Delegate', 'lat': -37.06056}, {'distance': 45.8130509125074, 'lng': 146.470411, 'name': 'FFMV Latrobe Valley', 'lat': -38.211033}, {'distance': 279.43006003895084, 'lng': 141.721892, 'name': 'FFMV Linga', 'lat': -35.195816}, {'distance': 201.5355351327055, 'lng': 149.72235, 'name': 'FFMV Mallacoota', 'lat': -37.604445}, {'distance': 95.87310753517592, 'lng': 146.121751, 'name': 'FFMV Mansfield', 'lat': -37.076122}, {'distance': 147.92366594946108, 'lng': 148.606621, 'name': 'FFMV Marlo', 'lat': -37.790579}, {'distance': 315.14511192299034, 'lng': 142.089744, 'name': 'FFMV Mildura ', 'lat': -34.230698}, {'distance': 134.68398214219914, 'lng': 147.168947, 'name': 'FFMV Mt Beuauty', 'lat': -36.732046}, {'distance': 98.62563452502845, 'lng': 146.965531, 'name': 'FFMV Snowy Range ', 'lat': -37.351349}, {'distance': 166.81313002618322, 'lng': 142.741737, 'name': 'FFMV Stawell', 'lat': -37.071229}]
2018-02-27 13:30:29 calcs        DEBUG    [{'distance': 31.172841910580612, 'lng': 145.180051, 'name': 'CFA Tyabb', 'lat': -38.26991}, {'distance': 45.8130509125074, 'lng': 146.470411, 'name': 'FFMV Latrobe Valley', 'lat': -38.211033}, {'distance': 66.3219262731617, 'lng': 144.467175, 'name': 'FFMV Avalon', 'lat': -38.038556}, {'distance': 84.7217954906446, 'lng': 144.101845, 'name': 'CFA Lethbridge', 'lat': -37.921256}, {'distance': 95.05679143052338, 'lng': 143.680955, 'name': 'FFMV Colac', 'lat': -38.289573}, {'distance': 95.87310753517592, 'lng': 146.121751, 'name': 'FFMV Mansfield', 'lat': -37.076122}, {'distance': 98.62563452502845, 'lng': 146.965531, 'name': 'FFMV Snowy Range ', 'lat': -37.351349}, {'distance': 100.5442260036643, 'lng': 147.568923, 'name': 'FFMV Bairnsdale', 'lat': -37.887047}, {'distance': 110.70043682917327, 'lng': 143.794371, 'name': 'FFMV Ballarat', 'lat': -37.510999}, {'distance': 129.85462263507318, 'lng': 144.329394, 'name': 'FFMV Bendigo', 'lat': -36.738893}, {'distance': 134.68398214219914, 'lng': 147.168947, 'name': 'FFMV Mt Beuauty', 'lat': -36.732046}, {'distance': 136.40979100925128, 'lng': 146.307748, 'name': 'CFA Wangaratta ', 'lat': -36.417119}, {'distance': 147.92366594946108, 'lng': 148.606621, 'name': 'FFMV Marlo', 'lat': -37.790579}, {'distance': 151.97744622233634, 'lng': 142.45001, 'name': 'CFA Warrnambool', 'lat': -38.295648}, {'distance': 165.799299016013, 'lng': 146.954571, 'name': 'FFMV Albury', 'lat': -36.067619}, {'distance': 166.81313002618322, 'lng': 142.741737, 'name': 'FFMV Stawell', 'lat': -37.071229}, {'distance': 179.5302194564873, 'lng': 142.063306, 'name': 'CFA Hamilton', 'lat': -37.647598}, {'distance': 181.90710647516448, 'lng': 148.941198, 'name': 'FFMV Delegate', 'lat': -37.06056}, {'distance': 197.56230413579928, 'lng': 141.469127, 'name': 'CFA Portland', 'lat': -38.31966}, {'distance': 201.5355351327055, 'lng': 149.72235, 'name': 'FFMV Mallacoota', 'lat': -37.604445}, {'distance': 203.09466099427277, 'lng': 142.171345, 'name': 'CFA Horsham', 'lat': -36.670076}, {'distance': 211.64531411338743, 'lng': 141.362733, 'name': 'FFMV Casterton', 'lat': -37.613741}, {'distance': 216.0817178797504, 'lng': 149.698182, 'name': 'FFMV Benambra ', 'lat': -36.965152}, {'distance': 229.377584764144, 'lng': 141.268176, 'name': 'CFA Edenhope', 'lat': -37.017564}, {'distance': 235.7675897350687, 'lng': 140.78462, 'name': 'CFS Mt Gambier SA', 'lat': -37.746857}, {'distance': 236.29136724935955, 'lng': 141.646953, 'name': 'CFA Nhill', 'lat': -36.310055}, {'distance': 249.33485159945334, 'lng': 149.886125, 'name': 'FFMV Corryong', 'lat': -36.183867}, {'distance': 253.77257504138294, 'lng': 140.727175, 'name': 'CFS Naracoorte SA ', 'lat': -36.97982}, {'distance': 265.17907639039254, 'lng': 142.35167, 'name': 'CFA Ouyen', 'lat': -35.088881}, {'distance': 279.43006003895084, 'lng': 141.721892, 'name': 'FFMV Linga', 'lat': -35.195816}, {'distance': 315.14511192299034, 'lng': 142.089744, 'name': 'FFMV Mildura ', 'lat': -34.230698}, {'distance': 9999999999, 'lng': None, 'name': None, 'lat': None}]
2018-02-27 13:31:39 database     DEBUG    SELECT * FROM `airfields` WHERE 1
2018-02-27 13:31:39 database     DEBUG    Connected to database
2018-02-27 13:31:39 root         INFO     Serial port initialised
2018-02-27 13:31:41 root         INFO     Serial port initialised
2018-02-27 13:31:41 database     DEBUG    SELECT * FROM `airfields` WHERE capcode = '000000002';
2018-02-27 13:31:41 database     DEBUG    Connected to database
2018-02-27 13:31:41 root         DEBUG    b_return: True
2018-02-27 13:31:41 root         DEBUG    row     : {'name': 'PDD - Test Site', 'capcode': '000000002', 'lng': 145.093857, 'lat': -37.971375, 'shortname': 'AIRTST'}
2018-02-27 13:31:41 root         DEBUG    count   : 1
2018-02-27 13:31:41 root         DEBUG    Alert           :ALERT
2018-02-27 13:31:41 root         DEBUG    Fnumber         :F123456789
2018-02-27 13:31:41 root         DEBUG    IncidentType    :G&SC1
2018-02-27 13:31:41 root         DEBUG    AssignmentArea  :INVL2
2018-02-27 13:31:41 root         DEBUG    Dispatch channel:509 
2018-02-27 13:31:41 root         DEBUG    Map ref         :SVC 6962 D7
2018-02-27 13:31:41 root         DEBUG    Latitude        :-38.6313124
2018-02-27 13:31:41 root         DEBUG    Longitude       :145.6566964
2018-02-27 13:31:41 root         DEBUG    Remaining msg   :SMALL GRASS FIRE EMMA LANE INVERLOCH (123456) AIRLTV BDG374 CINVL CWOGI HEL337
2018-02-27 13:31:41 root         DEBUG    parseOK         :True
2018-02-27 13:31:41 root         DEBUG    firecall        :True
2018-02-27 13:31:44 database     DEBUG    SELECT * FROM `airfield_bomber_reloading` ORDER BY `name`
2018-02-27 13:31:44 database     DEBUG    Connected to database
2018-02-27 13:31:44 calcs        DEBUG    [{'name': None, 'distance': 9999999999, 'lat': None, 'lng': None}, {'name': 'CFA Edenhope', 'distance': 229.377584764144, 'lat': -37.017564, 'lng': 141.268176}, {'name': 'CFA Hamilton', 'distance': 179.5302194564873, 'lat': -37.647598, 'lng': 142.063306}, {'name': 'CFA Horsham', 'distance': 203.09466099427277, 'lat': -36.670076, 'lng': 142.171345}, {'name': 'CFA Lethbridge', 'distance': 84.7217954906446, 'lat': -37.921256, 'lng': 144.101845}, {'name': 'CFA Nhill', 'distance': 236.29136724935955, 'lat': -36.310055, 'lng': 141.646953}, {'name': 'CFA Ouyen', 'distance': 265.17907639039254, 'lat': -35.088881, 'lng': 142.35167}, {'name': 'CFA Portland', 'distance': 197.56230413579928, 'lat': -38.31966, 'lng': 141.469127}, {'name': 'CFA Tyabb', 'distance': 31.172841910580612, 'lat': -38.26991, 'lng': 145.180051}, {'name': 'CFA Wangaratta ', 'distance': 136.40979100925128, 'lat': -36.417119, 'lng': 146.307748}, {'name': 'CFA Warrnambool', 'distance': 151.97744622233634, 'lat': -38.295648, 'lng': 142.45001}, {'name': 'CFS Mt Gambier SA', 'distance': 235.7675897350687, 'lat': -37.746857, 'lng': 140.78462}, {'name': 'CFS Naracoorte SA ', 'distance': 253.77257504138294, 'lat': -36.97982, 'lng': 140.727175}, {'name': 'FFMV Albury', 'distance': 165.799299016013, 'lat': -36.067619, 'lng': 146.954571}, {'name': 'FFMV Avalon', 'distance': 66.3219262731617, 'lat': -38.038556, 'lng': 144.467175}, {'name': 'FFMV Bairnsdale', 'distance': 100.5442260036643, 'lat': -37.887047, 'lng': 147.568923}, {'name': 'FFMV Ballarat', 'distance': 110.70043682917327, 'lat': -37.510999, 'lng': 143.794371}, {'name': 'FFMV Benambra ', 'distance': 216.0817178797504, 'lat': -36.965152, 'lng': 149.698182}, {'name': 'FFMV Bendigo', 'distance': 129.85462263507318, 'lat': -36.738893, 'lng': 144.329394}, {'name': 'FFMV Casterton', 'distance': 211.64531411338743, 'lat': -37.613741, 'lng': 141.362733}, {'name': 'FFMV Colac', 'distance': 95.05679143052338, 'lat': -38.289573, 'lng': 143.680955}, {'name': 'FFMV Corryong', 'distance': 249.33485159945334, 'lat': -36.183867, 'lng': 149.886125}, {'name': 'FFMV Delegate', 'distance': 181.90710647516448, 'lat': -37.06056, 'lng': 148.941198}, {'name': 'FFMV Latrobe Valley', 'distance': 45.8130509125074, 'lat': -38.211033, 'lng': 146.470411}, {'name': 'FFMV Linga', 'distance': 279.43006003895084, 'lat': -35.195816, 'lng': 141.721892}, {'name': 'FFMV Mallacoota', 'distance': 201.5355351327055, 'lat': -37.604445, 'lng': 149.72235}, {'name': 'FFMV Mansfield', 'distance': 95.87310753517592, 'lat': -37.076122, 'lng': 146.121751}, {'name': 'FFMV Marlo', 'distance': 147.92366594946108, 'lat': -37.790579, 'lng': 148.606621}, {'name': 'FFMV Mildura ', 'distance': 315.14511192299034, 'lat': -34.230698, 'lng': 142.089744}, {'name': 'FFMV Mt Beuauty', 'distance': 134.68398214219914, 'lat': -36.732046, 'lng': 147.168947}, {'name': 'FFMV Snowy Range ', 'distance': 98.62563452502845, 'lat': -37.351349, 'lng': 146.965531}, {'name': 'FFMV Stawell', 'distance': 166.81313002618322, 'lat': -37.071229, 'lng': 142.741737}]
2018-02-27 13:31:44 calcs        DEBUG    [{'name': 'CFA Tyabb', 'distance': 31.172841910580612, 'lat': -38.26991, 'lng': 145.180051}, {'name': 'FFMV Latrobe Valley', 'distance': 45.8130509125074, 'lat': -38.211033, 'lng': 146.470411}, {'name': 'FFMV Avalon', 'distance': 66.3219262731617, 'lat': -38.038556, 'lng': 144.467175}, {'name': 'CFA Lethbridge', 'distance': 84.7217954906446, 'lat': -37.921256, 'lng': 144.101845}, {'name': 'FFMV Colac', 'distance': 95.05679143052338, 'lat': -38.289573, 'lng': 143.680955}, {'name': 'FFMV Mansfield', 'distance': 95.87310753517592, 'lat': -37.076122, 'lng': 146.121751}, {'name': 'FFMV Snowy Range ', 'distance': 98.62563452502845, 'lat': -37.351349, 'lng': 146.965531}, {'name': 'FFMV Bairnsdale', 'distance': 100.5442260036643, 'lat': -37.887047, 'lng': 147.568923}, {'name': 'FFMV Ballarat', 'distance': 110.70043682917327, 'lat': -37.510999, 'lng': 143.794371}, {'name': 'FFMV Bendigo', 'distance': 129.85462263507318, 'lat': -36.738893, 'lng': 144.329394}, {'name': 'FFMV Mt Beuauty', 'distance': 134.68398214219914, 'lat': -36.732046, 'lng': 147.168947}, {'name': 'CFA Wangaratta ', 'distance': 136.40979100925128, 'lat': -36.417119, 'lng': 146.307748}, {'name': 'FFMV Marlo', 'distance': 147.92366594946108, 'lat': -37.790579, 'lng': 148.606621}, {'name': 'CFA Warrnambool', 'distance': 151.97744622233634, 'lat': -38.295648, 'lng': 142.45001}, {'name': 'FFMV Albury', 'distance': 165.799299016013, 'lat': -36.067619, 'lng': 146.954571}, {'name': 'FFMV Stawell', 'distance': 166.81313002618322, 'lat': -37.071229, 'lng': 142.741737}, {'name': 'CFA Hamilton', 'distance': 179.5302194564873, 'lat': -37.647598, 'lng': 142.063306}, {'name': 'FFMV Delegate', 'distance': 181.90710647516448, 'lat': -37.06056, 'lng': 148.941198}, {'name': 'CFA Portland', 'distance': 197.56230413579928, 'lat': -38.31966, 'lng': 141.469127}, {'name': 'FFMV Mallacoota', 'distance': 201.5355351327055, 'lat': -37.604445, 'lng': 149.72235}, {'name': 'CFA Horsham', 'distance': 203.09466099427277, 'lat': -36.670076, 'lng': 142.171345}, {'name': 'FFMV Casterton', 'distance': 211.64531411338743, 'lat': -37.613741, 'lng': 141.362733}, {'name': 'FFMV Benambra ', 'distance': 216.0817178797504, 'lat': -36.965152, 'lng': 149.698182}, {'name': 'CFA Edenhope', 'distance': 229.377584764144, 'lat': -37.017564, 'lng': 141.268176}, {'name': 'CFS Mt Gambier SA', 'distance': 235.7675897350687, 'lat': -37.746857, 'lng': 140.78462}, {'name': 'CFA Nhill', 'distance': 236.29136724935955, 'lat': -36.310055, 'lng': 141.646953}, {'name': 'FFMV Corryong', 'distance': 249.33485159945334, 'lat': -36.183867, 'lng': 149.886125}, {'name': 'CFS Naracoorte SA ', 'distance': 253.77257504138294, 'lat': -36.97982, 'lng': 140.727175}, {'name': 'CFA Ouyen', 'distance': 265.17907639039254, 'lat': -35.088881, 'lng': 142.35167}, {'name': 'FFMV Linga', 'distance': 279.43006003895084, 'lat': -35.195816, 'lng': 141.721892}, {'name': 'FFMV Mildura ', 'distance': 315.14511192299034, 'lat': -34.230698, 'lng': 142.089744}, {'name': None, 'distance': 9999999999, 'lat': None, 'lng': None}]
2018-02-27 13:32:50 database     DEBUG    SELECT * FROM `airfields` WHERE 1
2018-02-27 13:32:50 database     DEBUG    Connected to database
2018-02-27 13:32:51 root         INFO     Serial port initialised
2018-02-27 13:32:53 root         INFO     Serial port initialised
2018-02-27 13:32:53 database     DEBUG    SELECT * FROM `airfields` WHERE capcode = '000000002';
2018-02-27 13:32:53 database     DEBUG    Connected to database
2018-02-27 13:32:53 root         DEBUG    b_return: True
2018-02-27 13:32:53 root         DEBUG    row     : {'lat': -37.971375, 'name': 'PDD - Test Site', 'lng': 145.093857, 'shortname': 'AIRTST', 'capcode': '000000002'}
2018-02-27 13:32:53 root         DEBUG    count   : 1
2018-02-27 13:32:53 root         DEBUG    Alert           :ALERT
2018-02-27 13:32:53 root         DEBUG    Fnumber         :F123456789
2018-02-27 13:32:53 root         DEBUG    IncidentType    :G&SC1
2018-02-27 13:32:53 root         DEBUG    AssignmentArea  :INVL2
2018-02-27 13:32:53 root         DEBUG    Dispatch channel:509 
2018-02-27 13:32:53 root         DEBUG    Map ref         :SVC 6962 D7
2018-02-27 13:32:53 root         DEBUG    Latitude        :-38.6313124
2018-02-27 13:32:53 root         DEBUG    Longitude       :145.6566964
2018-02-27 13:32:53 root         DEBUG    Remaining msg   :SMALL GRASS FIRE EMMA LANE INVERLOCH (123456) AIRLTV BDG374 CINVL CWOGI HEL337
2018-02-27 13:32:53 root         DEBUG    parseOK         :True
2018-02-27 13:32:53 root         DEBUG    firecall        :True
2018-02-27 13:32:56 database     DEBUG    SELECT * FROM `airfield_bomber_reloading` ORDER BY `name`
2018-02-27 13:32:56 database     DEBUG    Connected to database
2018-02-27 13:32:56 calcs        DEBUG    [{'lat': -38.26991, 'name': 'CFA Tyabb', 'lng': 145.180051, 'distance': 31.172841910580612}, {'lat': -38.211033, 'name': 'FFMV Latrobe Valley', 'lng': 146.470411, 'distance': 45.8130509125074}, {'lat': -38.038556, 'name': 'FFMV Avalon', 'lng': 144.467175, 'distance': 66.3219262731617}, {'lat': -37.921256, 'name': 'CFA Lethbridge', 'lng': 144.101845, 'distance': 84.7217954906446}, {'lat': -38.289573, 'name': 'FFMV Colac', 'lng': 143.680955, 'distance': 95.05679143052338}, {'lat': -37.076122, 'name': 'FFMV Mansfield', 'lng': 146.121751, 'distance': 95.87310753517592}, {'lat': -37.351349, 'name': 'FFMV Snowy Range ', 'lng': 146.965531, 'distance': 98.62563452502845}, {'lat': -37.887047, 'name': 'FFMV Bairnsdale', 'lng': 147.568923, 'distance': 100.5442260036643}, {'lat': -37.510999, 'name': 'FFMV Ballarat', 'lng': 143.794371, 'distance': 110.70043682917327}, {'lat': -36.738893, 'name': 'FFMV Bendigo', 'lng': 144.329394, 'distance': 129.85462263507318}, {'lat': -36.732046, 'name': 'FFMV Mt Beuauty', 'lng': 147.168947, 'distance': 134.68398214219914}, {'lat': -36.417119, 'name': 'CFA Wangaratta ', 'lng': 146.307748, 'distance': 136.40979100925128}, {'lat': -37.790579, 'name': 'FFMV Marlo', 'lng': 148.606621, 'distance': 147.92366594946108}, {'lat': -38.295648, 'name': 'CFA Warrnambool', 'lng': 142.45001, 'distance': 151.97744622233634}, {'lat': -36.067619, 'name': 'FFMV Albury', 'lng': 146.954571, 'distance': 165.799299016013}, {'lat': -37.071229, 'name': 'FFMV Stawell', 'lng': 142.741737, 'distance': 166.81313002618322}, {'lat': -37.647598, 'name': 'CFA Hamilton', 'lng': 142.063306, 'distance': 179.5302194564873}, {'lat': -37.06056, 'name': 'FFMV Delegate', 'lng': 148.941198, 'distance': 181.90710647516448}, {'lat': -38.31966, 'name': 'CFA Portland', 'lng': 141.469127, 'distance': 197.56230413579928}, {'lat': -37.604445, 'name': 'FFMV Mallacoota', 'lng': 149.72235, 'distance': 201.5355351327055}, {'lat': -36.670076, 'name': 'CFA Horsham', 'lng': 142.171345, 'distance': 203.09466099427277}, {'lat': -37.613741, 'name': 'FFMV Casterton', 'lng': 141.362733, 'distance': 211.64531411338743}, {'lat': -36.965152, 'name': 'FFMV Benambra ', 'lng': 149.698182, 'distance': 216.0817178797504}, {'lat': -37.017564, 'name': 'CFA Edenhope', 'lng': 141.268176, 'distance': 229.377584764144}, {'lat': -37.746857, 'name': 'CFS Mt Gambier SA', 'lng': 140.78462, 'distance': 235.7675897350687}, {'lat': -36.310055, 'name': 'CFA Nhill', 'lng': 141.646953, 'distance': 236.29136724935955}, {'lat': -36.183867, 'name': 'FFMV Corryong', 'lng': 149.886125, 'distance': 249.33485159945334}, {'lat': -36.97982, 'name': 'CFS Naracoorte SA ', 'lng': 140.727175, 'distance': 253.77257504138294}, {'lat': -35.088881, 'name': 'CFA Ouyen', 'lng': 142.35167, 'distance': 265.17907639039254}, {'lat': -35.195816, 'name': 'FFMV Linga', 'lng': 141.721892, 'distance': 279.43006003895084}, {'lat': -34.230698, 'name': 'FFMV Mildura ', 'lng': 142.089744, 'distance': 315.14511192299034}, {'lat': None, 'name': None, 'lng': None, 'distance': 9999999999}]
2018-02-27 13:39:07 database     DEBUG    SELECT * FROM `airfields` WHERE 1
2018-02-27 13:39:07 database     DEBUG    Connected to database
2018-02-27 13:39:07 root         INFO     Serial port initialised
2018-02-27 13:44:30 database     DEBUG    SELECT * FROM `airfields` WHERE 1
2018-02-27 13:44:30 database     DEBUG    Connected to database
2018-02-27 13:44:30 root         INFO     Serial port initialised
2018-02-27 13:46:15 database     DEBUG    SELECT * FROM `airfields` WHERE 1
2018-02-27 13:46:15 database     DEBUG    Connected to database
2018-02-27 13:46:15 root         INFO     Serial port initialised
2018-02-27 13:53:03 database     DEBUG    SELECT * FROM `airfields` WHERE 1
2018-02-27 13:53:03 database     DEBUG    Connected to database
2018-02-27 13:53:03 root         INFO     Serial port initialised
2018-02-27 13:53:48 root         INFO     Serial port initialised
2018-02-27 13:53:48 database     DEBUG    SELECT * FROM `airfields` WHERE capcode = '000000002';
2018-02-27 13:53:48 database     DEBUG    Connected to database
2018-02-27 13:53:48 root         DEBUG    b_return: True
2018-02-27 13:53:48 root         DEBUG    row     : {'lng': 145.093857, 'capcode': '000000002', 'lat': -37.971375, 'shortname': 'AIRTST', 'name': 'PDD - Test Site'}
2018-02-27 13:53:48 root         DEBUG    count   : 1
2018-02-27 13:53:48 root         DEBUG    Alert           :ALERT
2018-02-27 13:53:48 root         DEBUG    Fnumber         :F123456789
2018-02-27 13:53:48 root         DEBUG    IncidentType    :G&SC1
2018-02-27 13:53:48 root         DEBUG    AssignmentArea  :INVL2
2018-02-27 13:53:48 root         DEBUG    Dispatch channel:509 
2018-02-27 13:53:48 root         DEBUG    Map ref         :SVC 6962 D7
2018-02-27 13:53:48 root         DEBUG    Latitude        :-38.6313124
2018-02-27 13:53:48 root         DEBUG    Longitude       :145.6566964
2018-02-27 13:53:48 root         DEBUG    Remaining msg   :SMALL GRASS FIRE EMMA LANE INVERLOCH (123456) AIRLTV BDG374 CINVL CWOGI HEL337
2018-02-27 13:53:48 root         DEBUG    parseOK         :True
2018-02-27 13:53:48 root         DEBUG    firecall        :True
2018-02-27 13:53:51 database     DEBUG    SELECT * FROM `airfield_bomber_reloading` ORDER BY `name`
2018-02-27 13:53:51 database     DEBUG    Connected to database
2018-02-27 13:53:51 calcs        DEBUG    [{'lng': 145.180051, 'lat': -38.26991, 'distance': 31.172841910580612, 'name': 'CFA Tyabb'}, {'lng': 146.470411, 'lat': -38.211033, 'distance': 45.8130509125074, 'name': 'FFMV Latrobe Valley'}, {'lng': 144.467175, 'lat': -38.038556, 'distance': 66.3219262731617, 'name': 'FFMV Avalon'}, {'lng': 144.101845, 'lat': -37.921256, 'distance': 84.7217954906446, 'name': 'CFA Lethbridge'}, {'lng': 143.680955, 'lat': -38.289573, 'distance': 95.05679143052338, 'name': 'FFMV Colac'}, {'lng': 146.121751, 'lat': -37.076122, 'distance': 95.87310753517592, 'name': 'FFMV Mansfield'}, {'lng': 146.965531, 'lat': -37.351349, 'distance': 98.62563452502845, 'name': 'FFMV Snowy Range '}, {'lng': 147.568923, 'lat': -37.887047, 'distance': 100.5442260036643, 'name': 'FFMV Bairnsdale'}, {'lng': 143.794371, 'lat': -37.510999, 'distance': 110.70043682917327, 'name': 'FFMV Ballarat'}, {'lng': 144.329394, 'lat': -36.738893, 'distance': 129.85462263507318, 'name': 'FFMV Bendigo'}, {'lng': 147.168947, 'lat': -36.732046, 'distance': 134.68398214219914, 'name': 'FFMV Mt Beuauty'}, {'lng': 146.307748, 'lat': -36.417119, 'distance': 136.40979100925128, 'name': 'CFA Wangaratta '}, {'lng': 148.606621, 'lat': -37.790579, 'distance': 147.92366594946108, 'name': 'FFMV Marlo'}, {'lng': 142.45001, 'lat': -38.295648, 'distance': 151.97744622233634, 'name': 'CFA Warrnambool'}, {'lng': 146.954571, 'lat': -36.067619, 'distance': 165.799299016013, 'name': 'FFMV Albury'}, {'lng': 142.741737, 'lat': -37.071229, 'distance': 166.81313002618322, 'name': 'FFMV Stawell'}, {'lng': 142.063306, 'lat': -37.647598, 'distance': 179.5302194564873, 'name': 'CFA Hamilton'}, {'lng': 148.941198, 'lat': -37.06056, 'distance': 181.90710647516448, 'name': 'FFMV Delegate'}, {'lng': 141.469127, 'lat': -38.31966, 'distance': 197.56230413579928, 'name': 'CFA Portland'}, {'lng': 149.72235, 'lat': -37.604445, 'distance': 201.5355351327055, 'name': 'FFMV Mallacoota'}, {'lng': 142.171345, 'lat': -36.670076, 'distance': 203.09466099427277, 'name': 'CFA Horsham'}, {'lng': 141.362733, 'lat': -37.613741, 'distance': 211.64531411338743, 'name': 'FFMV Casterton'}, {'lng': 149.698182, 'lat': -36.965152, 'distance': 216.0817178797504, 'name': 'FFMV Benambra '}, {'lng': 141.268176, 'lat': -37.017564, 'distance': 229.377584764144, 'name': 'CFA Edenhope'}, {'lng': 140.78462, 'lat': -37.746857, 'distance': 235.7675897350687, 'name': 'CFS Mt Gambier SA'}, {'lng': 141.646953, 'lat': -36.310055, 'distance': 236.29136724935955, 'name': 'CFA Nhill'}, {'lng': 149.886125, 'lat': -36.183867, 'distance': 249.33485159945334, 'name': 'FFMV Corryong'}, {'lng': 140.727175, 'lat': -36.97982, 'distance': 253.77257504138294, 'name': 'CFS Naracoorte SA '}, {'lng': 142.35167, 'lat': -35.088881, 'distance': 265.17907639039254, 'name': 'CFA Ouyen'}, {'lng': 141.721892, 'lat': -35.195816, 'distance': 279.43006003895084, 'name': 'FFMV Linga'}, {'lng': 142.089744, 'lat': -34.230698, 'distance': 315.14511192299034, 'name': 'FFMV Mildura '}, {'lng': None, 'lat': None, 'distance': 9999999999, 'name': None}]
2018-02-27 14:04:37 database     DEBUG    SELECT * FROM `airfields` WHERE 1
2018-02-27 14:04:37 database     DEBUG    Connected to database
2018-02-27 14:04:37 root         INFO     Serial port initialised
2018-02-27 14:15:25 database     DEBUG    SELECT * FROM `airfields` WHERE 1
2018-02-27 14:15:25 database     DEBUG    Connected to database
2018-02-27 14:15:25 root         INFO     Serial port initialised
2018-02-27 14:15:30 root         INFO     Serial port initialised
2018-02-27 14:15:30 database     DEBUG    SELECT * FROM `airfields` WHERE capcode = '000000002';
2018-02-27 14:15:30 database     DEBUG    Connected to database
2018-02-27 14:15:30 root         DEBUG    b_return: True
2018-02-27 14:15:30 root         DEBUG    row     : {'capcode': '000000002', 'shortname': 'AIRTST', 'name': 'PDD - Test Site', 'lng': 145.093857, 'lat': -37.971375}
2018-02-27 14:15:30 root         DEBUG    count   : 1
2018-02-27 14:15:30 root         DEBUG    Alert           :ALERT
2018-02-27 14:15:30 root         DEBUG    Fnumber         :F123456789
2018-02-27 14:15:30 root         DEBUG    IncidentType    :G&SC1
2018-02-27 14:15:30 root         DEBUG    AssignmentArea  :INVL2
2018-02-27 14:15:30 root         DEBUG    Dispatch channel:509 
2018-02-27 14:15:30 root         DEBUG    Map ref         :SVC 6962 D7
2018-02-27 14:15:30 root         DEBUG    Latitude        :-38.6313124
2018-02-27 14:15:30 root         DEBUG    Longitude       :145.6566964
2018-02-27 14:15:30 root         DEBUG    Remaining msg   :SMALL GRASS FIRE EMMA LANE INVERLOCH (123456) AIRLTV BDG374 CINVL CWOGI HEL337
2018-02-27 14:15:30 root         DEBUG    parseOK         :True
2018-02-27 14:15:30 root         DEBUG    firecall        :True
2018-02-27 14:15:32 database     DEBUG    SELECT * FROM `airfield_bomber_reloading` ORDER BY `name`
2018-02-27 14:15:32 database     DEBUG    Connected to database
2018-02-27 14:15:32 calcs        DEBUG    [{'lat': -38.26991, 'name': 'CFA Tyabb', 'lng': 145.180051, 'distance': 31.172841910580612}, {'lat': -38.211033, 'name': 'FFMV Latrobe Valley', 'lng': 146.470411, 'distance': 45.8130509125074}, {'lat': -38.038556, 'name': 'FFMV Avalon', 'lng': 144.467175, 'distance': 66.3219262731617}, {'lat': -37.921256, 'name': 'CFA Lethbridge', 'lng': 144.101845, 'distance': 84.7217954906446}, {'lat': -38.289573, 'name': 'FFMV Colac', 'lng': 143.680955, 'distance': 95.05679143052338}, {'lat': -37.076122, 'name': 'FFMV Mansfield', 'lng': 146.121751, 'distance': 95.87310753517592}, {'lat': -37.351349, 'name': 'FFMV Snowy Range ', 'lng': 146.965531, 'distance': 98.62563452502845}, {'lat': -37.887047, 'name': 'FFMV Bairnsdale', 'lng': 147.568923, 'distance': 100.5442260036643}, {'lat': -37.510999, 'name': 'FFMV Ballarat', 'lng': 143.794371, 'distance': 110.70043682917327}, {'lat': -36.738893, 'name': 'FFMV Bendigo', 'lng': 144.329394, 'distance': 129.85462263507318}, {'lat': -36.732046, 'name': 'FFMV Mt Beuauty', 'lng': 147.168947, 'distance': 134.68398214219914}, {'lat': -36.417119, 'name': 'CFA Wangaratta ', 'lng': 146.307748, 'distance': 136.40979100925128}, {'lat': -37.790579, 'name': 'FFMV Marlo', 'lng': 148.606621, 'distance': 147.92366594946108}, {'lat': -38.295648, 'name': 'CFA Warrnambool', 'lng': 142.45001, 'distance': 151.97744622233634}, {'lat': -36.067619, 'name': 'FFMV Albury', 'lng': 146.954571, 'distance': 165.799299016013}, {'lat': -37.071229, 'name': 'FFMV Stawell', 'lng': 142.741737, 'distance': 166.81313002618322}, {'lat': -37.647598, 'name': 'CFA Hamilton', 'lng': 142.063306, 'distance': 179.5302194564873}, {'lat': -37.06056, 'name': 'FFMV Delegate', 'lng': 148.941198, 'distance': 181.90710647516448}, {'lat': -38.31966, 'name': 'CFA Portland', 'lng': 141.469127, 'distance': 197.56230413579928}, {'lat': -37.604445, 'name': 'FFMV Mallacoota', 'lng': 149.72235, 'distance': 201.5355351327055}, {'lat': -36.670076, 'name': 'CFA Horsham', 'lng': 142.171345, 'distance': 203.09466099427277}, {'lat': -37.613741, 'name': 'FFMV Casterton', 'lng': 141.362733, 'distance': 211.64531411338743}, {'lat': -36.965152, 'name': 'FFMV Benambra ', 'lng': 149.698182, 'distance': 216.0817178797504}, {'lat': -37.017564, 'name': 'CFA Edenhope', 'lng': 141.268176, 'distance': 229.377584764144}, {'lat': -37.746857, 'name': 'CFS Mt Gambier SA', 'lng': 140.78462, 'distance': 235.7675897350687}, {'lat': -36.310055, 'name': 'CFA Nhill', 'lng': 141.646953, 'distance': 236.29136724935955}, {'lat': -36.183867, 'name': 'FFMV Corryong', 'lng': 149.886125, 'distance': 249.33485159945334}, {'lat': -36.97982, 'name': 'CFS Naracoorte SA ', 'lng': 140.727175, 'distance': 253.77257504138294}, {'lat': -35.088881, 'name': 'CFA Ouyen', 'lng': 142.35167, 'distance': 265.17907639039254}, {'lat': -35.195816, 'name': 'FFMV Linga', 'lng': 141.721892, 'distance': 279.43006003895084}, {'lat': -34.230698, 'name': 'FFMV Mildura ', 'lng': 142.089744, 'distance': 315.14511192299034}, {'lat': None, 'name': None, 'lng': None, 'distance': 9999999999}]
2018-02-27 14:33:16 database     DEBUG    SELECT * FROM `airfields` WHERE capcode = '000001027';
2018-02-27 14:33:16 database     DEBUG    Connected to database
2018-02-27 14:33:32 database     DEBUG    SELECT * FROM `airfields` WHERE capcode = '000001027';
2018-02-27 14:33:32 database     DEBUG    Connected to database
2018-02-27 14:33:52 database     DEBUG    SELECT * FROM `airfields` WHERE capcode = '000001027';
2018-02-27 14:33:52 database     DEBUG    Connected to database
2018-02-27 14:34:12 database     DEBUG    SELECT * FROM `airfields` WHERE capcode = '000001027';
2018-02-27 14:34:12 database     DEBUG    Connected to database
2018-02-27 14:34:32 database     DEBUG    SELECT * FROM `airfields` WHERE capcode = '000001027';
2018-02-27 14:34:32 database     DEBUG    Connected to database
2018-02-27 14:34:36 database     DEBUG    SELECT * FROM `airfields` WHERE capcode = '001643009';
2018-02-27 14:34:36 database     DEBUG    Connected to database
2018-02-27 14:34:43 database     DEBUG    SELECT * FROM `airfields` WHERE capcode = '000003200';
2018-02-27 14:34:43 database     DEBUG    Connected to database
2018-02-27 14:34:52 database     DEBUG    SELECT * FROM `airfields` WHERE capcode = '000001027';
2018-02-27 14:34:52 database     DEBUG    Connected to database
2018-02-27 14:35:11 database     DEBUG    SELECT * FROM `airfields` WHERE capcode = '000001027';
2018-02-27 14:35:11 database     DEBUG    Connected to database
2018-02-27 14:35:13 database     DEBUG    SELECT * FROM `airfields` WHERE capcode = '000240625';
2018-02-27 14:35:13 database     DEBUG    Connected to database
2018-02-27 14:35:32 database     DEBUG    SELECT * FROM `airfields` WHERE capcode = '000001027';
2018-02-27 14:35:32 database     DEBUG    Connected to database
2018-02-27 14:35:52 database     DEBUG    SELECT * FROM `airfields` WHERE capcode = '000001027';
2018-02-27 14:35:52 database     DEBUG    Connected to database
2018-02-27 14:36:09 database     DEBUG    SELECT * FROM `airfields` WHERE capcode = '000240033';
2018-02-27 14:36:09 database     DEBUG    Connected to database
2018-02-27 14:36:19 database     DEBUG    SELECT * FROM `airfields` WHERE capcode = '000240073';
2018-02-27 14:36:19 database     DEBUG    Connected to database
2018-02-27 14:36:28 database     DEBUG    SELECT * FROM `airfields` WHERE capcode = '000240017';
2018-02-27 14:36:28 database     DEBUG    Connected to database
2018-02-27 14:36:32 database     DEBUG    SELECT * FROM `airfields` WHERE capcode = '000001027';
2018-02-27 14:36:32 database     DEBUG    Connected to database
2018-02-27 14:36:37 database     DEBUG    SELECT * FROM `airfields` WHERE capcode = '000001027';
2018-02-27 14:36:37 database     DEBUG    Connected to database
2018-02-27 14:36:52 database     DEBUG    SELECT * FROM `airfields` WHERE capcode = '000001027';
2018-02-27 14:36:52 database     DEBUG    Connected to database
2018-02-27 14:38:35 root         DEBUG    * {
    transition-property: color, background-color, border-color, background-image, padding, border-width;
    transition-duration: 1s;
    font: Cantarell 20px;
}
GtkWindow {
    background: linear-gradient(153deg, #151515, #151515 5px, transparent 5px) 0 0,
                linear-gradient(333deg, #151515, #151515 5px, transparent 5px) 10px 5px,
                linear-gradient(153deg, #222, #222 5px, transparent 5px) 0 5px,
                linear-gradient(333deg, #222, #222 5px, transparent 5px) 10px 10px,
                linear-gradient(90deg, #1b1b1b, #1b1b1b 10px, transparent 10px),
                linear-gradient(#1d1d1d, #1d1d1d 25%, #1a1a1a 25%, #1a1a1a 50%, transparent 50%, transparent 75%, #242424 75%, #242424);
    background-color: #131313;
    background-size: 20px 20px;
}
.button {
    color: black;
    background-color: #bbb;
    border-style: solid;
    border-width: 2px 0 2px 2px;
    border-color: #333;
    padding: 12px 4px;
}
.button:first-child {
    border-radius: 5px 0 0 5px;
}
.button:last-child {
    border-radius: 0 5px 5px 0;
    border-width: 2px;
}
.button:hover {
    padding: 12px 48px;
    background-color: #4870bc;
}
.button *:hover {
    color: white;
}
.button:hover:active,
.button:active {
    background-color: #993401;
}
2018-02-27 14:42:54 root         DEBUG    * {
    transition-property: color, background-color, border-color, background-image, padding, border-width;
    transition-duration: 1s;
    font: Cantarell 20px;
}
GtkWindow {
    background: linear-gradient(153deg, #151515, #151515 5px, transparent 5px) 0 0,
                linear-gradient(333deg, #151515, #151515 5px, transparent 5px) 10px 5px,
                linear-gradient(153deg, #222, #222 5px, transparent 5px) 0 5px,
                linear-gradient(333deg, #222, #222 5px, transparent 5px) 10px 10px,
                linear-gradient(90deg, #1b1b1b, #1b1b1b 10px, transparent 10px),
                linear-gradient(#1d1d1d, #1d1d1d 25%, #1a1a1a 25%, #1a1a1a 50%, transparent 50%, transparent 75%, #242424 75%, #242424);
    background-color: #131313;
    background-size: 20px 20px;
}
.button {
    color: black;
    background-color: #bbb;
    border-style: solid;
    border-width: 2px 0 2px 2px;
    border-color: #333;
    padding: 12px 4px;
}
.button:first-child {
    border-radius: 5px 0 0 5px;
}
.button:last-child {
    border-radius: 0 5px 5px 0;
    border-width: 2px;
}
.button:hover {
    padding: 12px 48px;
    background-color: #4870bc;
}
.button *:hover {
    color: white;
}
.button:hover:active,
.button:active {
    background-color: #993401;
}
2018-02-27 14:42:54 root         ERROR    gtk-css-provider-error-quark: <data>:4:10not a number (1)
2018-02-27 14:42:54 database     DEBUG    SELECT * FROM `airfields` WHERE 1
2018-02-27 14:42:54 database     DEBUG    Connected to database
2018-02-27 14:42:54 root         INFO     Serial port initialised
2018-02-27 14:42:55 database     DEBUG    SELECT * FROM `airfields` WHERE capcode = '000003200';
2018-02-27 14:42:55 database     DEBUG    Connected to database
2018-02-27 14:43:12 database     DEBUG    SELECT * FROM `airfields` WHERE capcode = '000001027';
2018-02-27 14:43:12 database     DEBUG    Connected to database
2018-02-27 14:43:32 database     DEBUG    SELECT * FROM `airfields` WHERE capcode = '000001027';
2018-02-27 14:43:32 database     DEBUG    Connected to database
2018-02-27 14:43:52 database     DEBUG    SELECT * FROM `airfields` WHERE capcode = '000001027';
2018-02-27 14:43:52 database     DEBUG    Connected to database
2018-02-27 14:44:12 database     DEBUG    SELECT * FROM `airfields` WHERE capcode = '000001027';
2018-02-27 14:44:12 database     DEBUG    Connected to database
2018-02-27 14:44:43 root         DEBUG    * {
    transition-property: color, background-color, border-color, background-image, padding, border-width;
    transition-duration: 1s;
    font: Cantarell 20px;
}
GtkWindow {
    background: linear-gradient(153deg, #151515, #151515 5px, transparent 5px) 0 0,
                linear-gradient(333deg, #151515, #151515 5px, transparent 5px) 10px 5px,
                linear-gradient(153deg, #222, #222 5px, transparent 5px) 0 5px,
                linear-gradient(333deg, #222, #222 5px, transparent 5px) 10px 10px,
                linear-gradient(90deg, #1b1b1b, #1b1b1b 10px, transparent 10px),
                linear-gradient(#1d1d1d, #1d1d1d 25%, #1a1a1a 25%, #1a1a1a 50%, transparent 50%, transparent 75%, #242424 75%, #242424);
    background-color: #131313;
    background-size: 20px 20px;
}
.button {
    color: black;
    background-color: #bbb;
    border-style: solid;
    border-width: 2px 0 2px 2px;
    border-color: #333;
    padding: 12px 4px;
}
.button:first-child {
    border-radius: 5px 0 0 5px;
}
.button:last-child {
    border-radius: 0 5px 5px 0;
    border-width: 2px;
}
.button:hover {
    padding: 12px 48px;
    background-color: #4870bc;
}
.button *:hover {
    color: white;
}
.button:hover:active,
.button:active {
    background-color: #993401;
}
2018-02-27 14:44:44 root         ERROR    gtk-css-provider-error-quark: <data>:4:10not a number (1)
2018-02-27 14:44:44 database     DEBUG    SELECT * FROM `airfields` WHERE 1
2018-02-27 14:44:44 database     DEBUG    Connected to database
2018-02-27 14:44:44 root         INFO     Serial port initialised
2018-02-27 14:44:52 database     DEBUG    SELECT * FROM `airfields` WHERE capcode = '000001027';
2018-02-27 14:44:52 database     DEBUG    Connected to database
2018-02-27 14:45:09 root         DEBUG    * {
    transition-property: color, background-color, border-color, background-image, padding, border-width;
    transition-duration: 1s;
    font: Cantarell 20px;
}
GtkWindow {
    background: linear-gradient(153deg, #151515, #151515 5px, transparent 5px) 0 0,
                linear-gradient(333deg, #151515, #151515 5px, transparent 5px) 10px 5px,
                linear-gradient(153deg, #222, #222 5px, transparent 5px) 0 5px,
                linear-gradient(333deg, #222, #222 5px, transparent 5px) 10px 10px,
                linear-gradient(90deg, #1b1b1b, #1b1b1b 10px, transparent 10px),
                linear-gradient(#1d1d1d, #1d1d1d 25%, #1a1a1a 25%, #1a1a1a 50%, transparent 50%, transparent 75%, #242424 75%, #242424);
    background-color: #131313;
    background-size: 20px 20px;
}
.button {
    color: black;
    background-color: #bbb;
    border-style: solid;
    border-width: 2px 0 2px 2px;
    border-color: #333;
    padding: 12px 4px;
}
.button:first-child {
    border-radius: 5px 0 0 5px;
}
.button:last-child {
    border-radius: 0 5px 5px 0;
    border-width: 2px;
}
.button:hover {
    padding: 12px 48px;
    background-color: #4870bc;
}
.button *:hover {
    color: white;
}
.button:hover:active,
.button:active {
    background-color: #993401;
}
2018-02-27 14:45:47 root         DEBUG    b'* {\n    transition-property: color, background-color, border-color, background-image, padding, border-width;\n    transition-duration: 1s;\n    font: Cantarell 20px;\n}\nGtkWindow {\n    background: linear-gradient(153deg, #151515, #151515 5px, transparent 5px) 0 0,\n                linear-gradient(333deg, #151515, #151515 5px, transparent 5px) 10px 5px,\n                linear-gradient(153deg, #222, #222 5px, transparent 5px) 0 5px,\n                linear-gradient(333deg, #222, #222 5px, transparent 5px) 10px 10px,\n                linear-gradient(90deg, #1b1b1b, #1b1b1b 10px, transparent 10px),\n                linear-gradient(#1d1d1d, #1d1d1d 25%, #1a1a1a 25%, #1a1a1a 50%, transparent 50%, transparent 75%, #242424 75%, #242424);\n    background-color: #131313;\n    background-size: 20px 20px;\n}\n.button {\n    color: black;\n    background-color: #bbb;\n    border-style: solid;\n    border-width: 2px 0 2px 2px;\n    border-color: #333;\n    padding: 12px 4px;\n}\n.button:first-child {\n    border-radius: 5px 0 0 5px;\n}\n.button:last-child {\n    border-radius: 0 5px 5px 0;\n    border-width: 2px;\n}\n.button:hover {\n    padding: 12px 48px;\n    background-color: #4870bc;\n}\n.button *:hover {\n    color: white;\n}\n.button:hover:active,\n.button:active {\n    background-color: #993401;\n}'
2018-02-27 14:55:27 root         DEBUG    /home/pi/pdd/pdd.css
2018-02-27 15:04:07 root         DEBUG    /home/pi/pdd/pdd.css
2018-02-27 15:04:32 root         DEBUG    /home/pi/pdd/pdd.css
2018-02-27 15:10:45 database     DEBUG    SELECT * FROM `airfields` WHERE 1
2018-02-27 15:10:45 database     DEBUG    Connected to database
2018-02-27 15:10:45 root         INFO     Serial port initialised
2018-02-27 15:10:52 database     DEBUG    SELECT * FROM `airfields` WHERE capcode = '000001027';
2018-02-27 15:10:52 database     DEBUG    Connected to database
2018-02-27 15:11:11 database     DEBUG    SELECT * FROM `airfields` WHERE capcode = '000001027';
2018-02-27 15:11:11 database     DEBUG    Connected to database
2018-02-27 15:11:58 database     DEBUG    SELECT * FROM `airfields` WHERE 1
2018-02-27 15:11:58 database     DEBUG    Connected to database
2018-02-27 15:11:58 root         INFO     Serial port initialised
2018-02-27 15:12:12 database     DEBUG    SELECT * FROM `airfields` WHERE capcode = '000001027';
2018-02-27 15:12:12 database     DEBUG    Connected to database
2018-02-27 15:12:32 database     DEBUG    SELECT * FROM `airfields` WHERE capcode = '000001027';
2018-02-27 15:12:32 database     DEBUG    Connected to database
2018-02-27 15:12:38 database     DEBUG    SELECT * FROM `airfields` WHERE 1
2018-02-27 15:12:38 database     DEBUG    Connected to database
2018-02-27 15:12:38 root         INFO     Serial port initialised
2018-02-27 15:12:52 database     DEBUG    SELECT * FROM `airfields` WHERE capcode = '000001027';
2018-02-27 15:12:52 database     DEBUG    Connected to database
2018-02-27 15:12:59 database     DEBUG    SELECT * FROM `airfields` WHERE capcode = '000003200';
2018-02-27 15:12:59 database     DEBUG    Connected to database
2018-02-27 15:13:12 database     DEBUG    SELECT * FROM `airfields` WHERE capcode = '000001027';
2018-02-27 15:13:12 database     DEBUG    Connected to database
2018-02-27 15:13:26 database     DEBUG    SELECT * FROM `airfields` WHERE capcode = '000567064';
2018-02-27 15:13:26 database     DEBUG    Connected to database
2018-02-27 15:13:30 database     DEBUG    SELECT * FROM `airfields` WHERE capcode = '000566960';
2018-02-27 15:13:30 database     DEBUG    Connected to database
2018-02-27 15:13:34 database     DEBUG    SELECT * FROM `airfields` WHERE 1
2018-02-27 15:13:34 database     DEBUG    Connected to database
2018-02-27 15:13:34 root         INFO     Serial port initialised
2018-02-27 15:13:36 root         INFO     Serial port initialised
2018-02-27 15:13:37 database     DEBUG    SELECT * FROM `airfields` WHERE capcode = '000001027';
2018-02-27 15:13:37 database     DEBUG    Connected to database
2018-02-27 15:13:38 root         INFO     Serial port initialised
2018-02-27 15:13:53 root         INFO     Serial port initialised
2018-02-27 15:13:53 database     DEBUG    SELECT * FROM `airfields` WHERE capcode = '000000002';
2018-02-27 15:13:53 database     DEBUG    Connected to database
2018-02-27 15:13:53 root         DEBUG    b_return: True
2018-02-27 15:13:53 root         DEBUG    row     : {'lng': 145.093857, 'shortname': 'AIRTST', 'name': 'PDD - Test Site', 'lat': -37.971375, 'capcode': '000000002'}
2018-02-27 15:13:53 root         DEBUG    count   : 1
2018-02-27 15:13:53 root         DEBUG    Alert           :ALERT
2018-02-27 15:13:53 root         DEBUG    Fnumber         :F123456789
2018-02-27 15:13:53 root         DEBUG    IncidentType    :G&SC1
2018-02-27 15:13:53 root         DEBUG    AssignmentArea  :INVL2
2018-02-27 15:13:53 root         DEBUG    Dispatch channel:509 
2018-02-27 15:13:53 root         DEBUG    Map ref         :SVC 6962 D7
2018-02-27 15:13:53 root         DEBUG    Latitude        :-38.6313124
2018-02-27 15:13:53 root         DEBUG    Longitude       :145.6566964
2018-02-27 15:13:53 root         DEBUG    Remaining msg   :SMALL GRASS FIRE EMMA LANE INVERLOCH (123456) AIRLTV BDG374 CINVL CWOGI HEL337
2018-02-27 15:13:53 root         DEBUG    parseOK         :True
2018-02-27 15:13:53 root         DEBUG    firecall        :True
2018-02-27 15:13:55 database     DEBUG    SELECT * FROM `airfield_bomber_reloading` ORDER BY `name`
2018-02-27 15:13:55 database     DEBUG    Connected to database
2018-02-27 15:13:55 calcs        DEBUG    [{'lng': 145.180051, 'name': 'CFA Tyabb', 'lat': -38.26991, 'distance': 31.172841910580612}, {'lng': 146.470411, 'name': 'FFMV Latrobe Valley', 'lat': -38.211033, 'distance': 45.8130509125074}, {'lng': 144.467175, 'name': 'FFMV Avalon', 'lat': -38.038556, 'distance': 66.3219262731617}, {'lng': 144.101845, 'name': 'CFA Lethbridge', 'lat': -37.921256, 'distance': 84.7217954906446}, {'lng': 143.680955, 'name': 'FFMV Colac', 'lat': -38.289573, 'distance': 95.05679143052338}, {'lng': 146.121751, 'name': 'FFMV Mansfield', 'lat': -37.076122, 'distance': 95.87310753517592}, {'lng': 146.965531, 'name': 'FFMV Snowy Range ', 'lat': -37.351349, 'distance': 98.62563452502845}, {'lng': 147.568923, 'name': 'FFMV Bairnsdale', 'lat': -37.887047, 'distance': 100.5442260036643}, {'lng': 143.794371, 'name': 'FFMV Ballarat', 'lat': -37.510999, 'distance': 110.70043682917327}, {'lng': 144.329394, 'name': 'FFMV Bendigo', 'lat': -36.738893, 'distance': 129.85462263507318}, {'lng': 147.168947, 'name': 'FFMV Mt Beuauty', 'lat': -36.732046, 'distance': 134.68398214219914}, {'lng': 146.307748, 'name': 'CFA Wangaratta ', 'lat': -36.417119, 'distance': 136.40979100925128}, {'lng': 148.606621, 'name': 'FFMV Marlo', 'lat': -37.790579, 'distance': 147.92366594946108}, {'lng': 142.45001, 'name': 'CFA Warrnambool', 'lat': -38.295648, 'distance': 151.97744622233634}, {'lng': 146.954571, 'name': 'FFMV Albury', 'lat': -36.067619, 'distance': 165.799299016013}, {'lng': 142.741737, 'name': 'FFMV Stawell', 'lat': -37.071229, 'distance': 166.81313002618322}, {'lng': 142.063306, 'name': 'CFA Hamilton', 'lat': -37.647598, 'distance': 179.5302194564873}, {'lng': 148.941198, 'name': 'FFMV Delegate', 'lat': -37.06056, 'distance': 181.90710647516448}, {'lng': 141.469127, 'name': 'CFA Portland', 'lat': -38.31966, 'distance': 197.56230413579928}, {'lng': 149.72235, 'name': 'FFMV Mallacoota', 'lat': -37.604445, 'distance': 201.5355351327055}, {'lng': 142.171345, 'name': 'CFA Horsham', 'lat': -36.670076, 'distance': 203.09466099427277}, {'lng': 141.362733, 'name': 'FFMV Casterton', 'lat': -37.613741, 'distance': 211.64531411338743}, {'lng': 149.698182, 'name': 'FFMV Benambra ', 'lat': -36.965152, 'distance': 216.0817178797504}, {'lng': 141.268176, 'name': 'CFA Edenhope', 'lat': -37.017564, 'distance': 229.377584764144}, {'lng': 140.78462, 'name': 'CFS Mt Gambier SA', 'lat': -37.746857, 'distance': 235.7675897350687}, {'lng': 141.646953, 'name': 'CFA Nhill', 'lat': -36.310055, 'distance': 236.29136724935955}, {'lng': 149.886125, 'name': 'FFMV Corryong', 'lat': -36.183867, 'distance': 249.33485159945334}, {'lng': 140.727175, 'name': 'CFS Naracoorte SA ', 'lat': -36.97982, 'distance': 253.77257504138294}, {'lng': 142.35167, 'name': 'CFA Ouyen', 'lat': -35.088881, 'distance': 265.17907639039254}, {'lng': 141.721892, 'name': 'FFMV Linga', 'lat': -35.195816, 'distance': 279.43006003895084}, {'lng': 142.089744, 'name': 'FFMV Mildura ', 'lat': -34.230698, 'distance': 315.14511192299034}, {'lng': None, 'name': None, 'lat': None, 'distance': 9999999999}]
2018-02-27 16:05:32 database     DEBUG    SELECT * FROM `airfields` WHERE capcode = '000001027';
2018-02-27 16:05:32 database     DEBUG    Connected to database
2018-02-27 16:05:38 database     DEBUG    SELECT * FROM `airfields` WHERE 1
2018-02-27 16:05:38 database     DEBUG    Connected to database
2018-02-27 16:05:38 root         INFO     Serial port initialised
2018-02-27 16:05:52 database     DEBUG    SELECT * FROM `airfields` WHERE capcode = '000001027';
2018-02-27 16:05:52 database     DEBUG    Connected to database
2018-02-27 16:06:12 database     DEBUG    SELECT * FROM `airfields` WHERE capcode = '000001027';
2018-02-27 16:06:12 database     DEBUG    Connected to database
2018-02-27 16:06:32 database     DEBUG    SELECT * FROM `airfields` WHERE capcode = '000001027';
2018-02-27 16:06:32 database     DEBUG    Connected to database
2018-02-27 16:06:54 root         INFO     Serial port initialised
2018-02-27 16:06:54 database     DEBUG    SELECT * FROM `airfields` WHERE capcode = '000000002';
2018-02-27 16:06:54 database     DEBUG    Connected to database
2018-02-27 16:06:54 root         DEBUG    b_return: True
2018-02-27 16:06:54 root         DEBUG    row     : {'lng': 145.093857, 'capcode': '000000002', 'name': 'PDD - Test Site', 'shortname': 'AIRTST', 'lat': -37.971375}
2018-02-27 16:06:54 root         DEBUG    count   : 1
2018-02-27 16:06:54 root         DEBUG    Alert           :ALERT
2018-02-27 16:06:54 root         DEBUG    Fnumber         :F123456789
2018-02-27 16:06:54 root         DEBUG    IncidentType    :G&SC1
2018-02-27 16:06:54 root         DEBUG    AssignmentArea  :INVL2
2018-02-27 16:06:54 root         DEBUG    Dispatch channel:509 
2018-02-27 16:06:54 root         DEBUG    Map ref         :SVC 6962 D7
2018-02-27 16:06:54 root         DEBUG    Latitude        :-38.6313124
2018-02-27 16:06:54 root         DEBUG    Longitude       :145.6566964
2018-02-27 16:06:54 root         DEBUG    Remaining msg   :SMALL GRASS FIRE EMMA LANE INVERLOCH (123456) AIRLTV BDG374 CINVL CWOGI HEL337
2018-02-27 16:06:54 root         DEBUG    parseOK         :True
2018-02-27 16:06:54 root         DEBUG    firecall        :True
2018-02-27 16:06:56 database     DEBUG    SELECT * FROM `airfield_bomber_reloading` ORDER BY `name`
2018-02-27 16:06:56 database     DEBUG    Connected to database
2018-02-27 16:06:56 calcs        DEBUG    [{'lat': -38.26991, 'name': 'CFA Tyabb', 'distance': 31.172841910580612, 'lng': 145.180051}, {'lat': -38.211033, 'name': 'FFMV Latrobe Valley', 'distance': 45.8130509125074, 'lng': 146.470411}, {'lat': -38.038556, 'name': 'FFMV Avalon', 'distance': 66.3219262731617, 'lng': 144.467175}, {'lat': -37.921256, 'name': 'CFA Lethbridge', 'distance': 84.7217954906446, 'lng': 144.101845}, {'lat': -38.289573, 'name': 'FFMV Colac', 'distance': 95.05679143052338, 'lng': 143.680955}, {'lat': -37.076122, 'name': 'FFMV Mansfield', 'distance': 95.87310753517592, 'lng': 146.121751}, {'lat': -37.351349, 'name': 'FFMV Snowy Range ', 'distance': 98.62563452502845, 'lng': 146.965531}, {'lat': -37.887047, 'name': 'FFMV Bairnsdale', 'distance': 100.5442260036643, 'lng': 147.568923}, {'lat': -37.510999, 'name': 'FFMV Ballarat', 'distance': 110.70043682917327, 'lng': 143.794371}, {'lat': -36.738893, 'name': 'FFMV Bendigo', 'distance': 129.85462263507318, 'lng': 144.329394}, {'lat': -36.732046, 'name': 'FFMV Mt Beuauty', 'distance': 134.68398214219914, 'lng': 147.168947}, {'lat': -36.417119, 'name': 'CFA Wangaratta ', 'distance': 136.40979100925128, 'lng': 146.307748}, {'lat': -37.790579, 'name': 'FFMV Marlo', 'distance': 147.92366594946108, 'lng': 148.606621}, {'lat': -38.295648, 'name': 'CFA Warrnambool', 'distance': 151.97744622233634, 'lng': 142.45001}, {'lat': -36.067619, 'name': 'FFMV Albury', 'distance': 165.799299016013, 'lng': 146.954571}, {'lat': -37.071229, 'name': 'FFMV Stawell', 'distance': 166.81313002618322, 'lng': 142.741737}, {'lat': -37.647598, 'name': 'CFA Hamilton', 'distance': 179.5302194564873, 'lng': 142.063306}, {'lat': -37.06056, 'name': 'FFMV Delegate', 'distance': 181.90710647516448, 'lng': 148.941198}, {'lat': -38.31966, 'name': 'CFA Portland', 'distance': 197.56230413579928, 'lng': 141.469127}, {'lat': -37.604445, 'name': 'FFMV Mallacoota', 'distance': 201.5355351327055, 'lng': 149.72235}, {'lat': -36.670076, 'name': 'CFA Horsham', 'distance': 203.09466099427277, 'lng': 142.171345}, {'lat': -37.613741, 'name': 'FFMV Casterton', 'distance': 211.64531411338743, 'lng': 141.362733}, {'lat': -36.965152, 'name': 'FFMV Benambra ', 'distance': 216.0817178797504, 'lng': 149.698182}, {'lat': -37.017564, 'name': 'CFA Edenhope', 'distance': 229.377584764144, 'lng': 141.268176}, {'lat': -37.746857, 'name': 'CFS Mt Gambier SA', 'distance': 235.7675897350687, 'lng': 140.78462}, {'lat': -36.310055, 'name': 'CFA Nhill', 'distance': 236.29136724935955, 'lng': 141.646953}, {'lat': -36.183867, 'name': 'FFMV Corryong', 'distance': 249.33485159945334, 'lng': 149.886125}, {'lat': -36.97982, 'name': 'CFS Naracoorte SA ', 'distance': 253.77257504138294, 'lng': 140.727175}, {'lat': -35.088881, 'name': 'CFA Ouyen', 'distance': 265.17907639039254, 'lng': 142.35167}, {'lat': -35.195816, 'name': 'FFMV Linga', 'distance': 279.43006003895084, 'lng': 141.721892}, {'lat': -34.230698, 'name': 'FFMV Mildura ', 'distance': 315.14511192299034, 'lng': 142.089744}, {'lat': None, 'name': None, 'distance': 9999999999, 'lng': None}]
