2018-03-03 10:25:09 database     DEBUG    SELECT * FROM `airfields` WHERE 1
2018-03-03 10:25:09 root         INFO     Serial port initialised
2018-03-03 10:26:34 database     DEBUG    SELECT * FROM `airfields` WHERE capcode = '001473994';
2018-03-03 10:26:34 database     DEBUG    SELECT * FROM `airfields` WHERE capcode = '000977789';
2018-03-03 10:26:34 database     DEBUG    SELECT * FROM `airfields` WHERE capcode = '001764070';
2018-03-03 10:26:34 database     DEBUG    SELECT * FROM `airfields` WHERE capcode = '000903615';
2018-03-03 10:55:40 database     DEBUG    SELECT * FROM `airfields` WHERE capcode = '001862208';
2018-03-03 10:59:14 database     DEBUG    SELECT * FROM `airfields` WHERE capcode = '000240385';
2018-03-03 11:04:24 database     DEBUG    SELECT * FROM `airfields` WHERE capcode = '000567000';
2018-03-03 11:05:21 database     DEBUG    SELECT * FROM `airfields` WHERE capcode = '000240385';
2018-03-03 11:05:25 database     DEBUG    SELECT * FROM `airfields` WHERE capcode = '000578328';
2018-03-03 11:07:25 database     DEBUG    SELECT * FROM `airfields` WHERE capcode = '000240385';
2018-03-03 11:08:26 database     DEBUG    SELECT * FROM `airfields` WHERE capcode = '000571104';
2018-03-03 11:09:50 database     DEBUG    SELECT * FROM `airfields` WHERE capcode = '000561072';
2018-03-03 11:10:04 database     DEBUG    SELECT * FROM `airfields` WHERE capcode = '001286888';
2018-03-03 11:10:43 database     DEBUG    SELECT * FROM `airfields` WHERE capcode = '000240433';
2018-03-03 11:11:50 database     DEBUG    SELECT * FROM `airfields` WHERE capcode = '000561072';
2018-03-03 11:12:52 database     DEBUG    SELECT * FROM `airfields` WHERE capcode = '001360920';
2018-03-03 11:13:24 database     DEBUG    SELECT * FROM `airfields` WHERE capcode = '000240433';
2018-03-03 11:14:11 database     DEBUG    SELECT * FROM `airfields` WHERE capcode = '000581832';
2018-03-03 11:16:58 database     DEBUG    SELECT * FROM `airfields` WHERE capcode = '000565456';
2018-03-03 11:17:03 database     DEBUG    SELECT * FROM `airfields` WHERE capcode = '000567888';
2018-03-03 11:17:21 database     DEBUG    SELECT * FROM `airfields` WHERE capcode = '000241161';
2018-03-03 11:20:37 database     DEBUG    SELECT * FROM `airfields` WHERE capcode = '001363688';
2018-03-03 11:21:28 database     DEBUG    SELECT * FROM `airfields` WHERE capcode = '000573992';
2018-03-03 11:21:30 database     DEBUG    SELECT * FROM `airfields` WHERE capcode = '000573968';
2018-03-03 11:21:34 database     DEBUG    SELECT * FROM `airfields` WHERE capcode = '000672112';
2018-03-03 11:36:30 database     DEBUG    SELECT * FROM `airfields` WHERE capcode = '000571928';
2018-03-03 11:36:34 database     DEBUG    SELECT * FROM `airfields` WHERE capcode = '000572264';
2018-03-03 11:36:38 database     DEBUG    SELECT * FROM `airfields` WHERE capcode = '000572024';
2018-03-03 11:36:42 database     DEBUG    SELECT * FROM `airfields` WHERE capcode = '000572160';
2018-03-03 11:36:46 database     DEBUG    SELECT * FROM `airfields` WHERE capcode = '001312096';
2018-03-03 11:36:50 database     DEBUG    SELECT * FROM `airfields` WHERE capcode = '000571840';
2018-03-03 11:36:54 database     DEBUG    SELECT * FROM `airfields` WHERE capcode = '000672008';
2018-03-03 11:36:58 database     DEBUG    SELECT * FROM `airfields` WHERE capcode = '000672096';
2018-03-03 11:38:52 database     DEBUG    SELECT * FROM `airfields` WHERE capcode = '000560848';
2018-03-03 11:39:15 database     DEBUG    SELECT * FROM `airfields` WHERE capcode = '000577760';
2018-03-03 11:39:19 database     DEBUG    SELECT * FROM `airfields` WHERE capcode = '000577728';
2018-03-03 11:39:23 database     DEBUG    SELECT * FROM `airfields` WHERE capcode = '000577712';
2018-03-03 11:39:27 database     DEBUG    SELECT * FROM `airfields` WHERE capcode = '000560408';
2018-03-03 11:39:30 database     DEBUG    SELECT * FROM `airfields` WHERE capcode = '000672136';
2018-03-03 11:39:33 database     DEBUG    SELECT * FROM `airfields` WHERE capcode = '001874552';
2018-03-03 11:39:39 database     DEBUG    SELECT * FROM `airfields` WHERE capcode = '000573776';
2018-03-03 11:45:35 database     DEBUG    SELECT * FROM `airfields` WHERE capcode = '000575552';
2018-03-03 11:45:38 database     DEBUG    SELECT * FROM `airfields` WHERE capcode = '000575528';
2018-03-03 11:45:41 database     DEBUG    SELECT * FROM `airfields` WHERE capcode = '000672120';
2018-03-03 11:46:35 database     DEBUG    SELECT * FROM `airfields` WHERE capcode = '000565104';
2018-03-03 11:46:40 database     DEBUG    SELECT * FROM `airfields` WHERE capcode = '001816104';
2018-03-03 11:46:40 root         DEBUG    b_return: True
2018-03-03 11:46:40 root         DEBUG    row     : {'lat': -38.342849, 'short_name': 'AIROLA', 'capcode': '001816104', 'lng': 143.609389, 'name': 'PDD - Colac'}
2018-03-03 11:46:40 root         DEBUG    count   : 1
2018-03-03 11:46:40 root         DEBUG    Alert           :ALERT
2018-03-03 11:46:40 root         DEBUG    Fnumber         :F180300835
2018-03-03 11:46:40 root         DEBUG    IncidentType    :G&SC1
2018-03-03 11:46:40 root         DEBUG    AssignmentArea  :BBRN3
2018-03-03 11:46:40 root         DEBUG    Dispatch channel:21 
2018-03-03 11:46:40 root         DEBUG    Map ref         :SVC 6752 A2
2018-03-03 11:46:40 root         DEBUG    Latitude        :-38.0135882
2018-03-03 11:46:40 root         DEBUG    Longitude       :144.1634173
2018-03-03 11:46:40 root         DEBUG    Remaining msg   :GRASS FIRE SPREADING 38 OLD MILL RD BANNOCKBURN /MIDLAND HWY (509888) AIROLA CBBRN CLETH FBD310 HEL347
2018-03-03 11:46:40 root         DEBUG    parseOK         :True
2018-03-03 11:46:40 root         DEBUG    firecall        :True
2018-03-03 11:46:40 database     DEBUG    SELECT * FROM `airfield_bomber_reloading` ORDER BY `name`
2018-03-03 11:46:40 database     DEBUG    SELECT * FROM `airfield_aws` WHERE short_name = 'AIROLA';
2018-03-03 11:46:43 weather      DEBUG    AWS for parsing is Mortlake
2018-03-03 11:46:43 weather      DEBUG    Mortlake at 544
2018-03-03 11:46:43 weather      DEBUG    FFDI: 5
2018-03-03 11:46:43 weather      DEBUG    GFDI: 6
2018-03-03 11:46:43 weather      DEBUG    AWS for parsing is Sheoaks AWS
2018-03-03 11:46:43 weather      DEBUG    Sheoaks AWS at 1568
2018-03-03 11:46:43 weather      DEBUG    FFDI: 20
2018-03-03 11:46:43 weather      DEBUG    GFDI: 9
2018-03-03 11:46:45 database     DEBUG    SELECT * FROM `airfields` WHERE capcode = '000565136';
2018-03-03 11:46:49 database     DEBUG    SELECT * FROM `airfields` WHERE capcode = '000565080';
2018-03-03 11:46:53 database     DEBUG    SELECT * FROM `airfields` WHERE capcode = '001525176';
2018-03-03 11:46:57 database     DEBUG    SELECT * FROM `airfields` WHERE capcode = '000080416';
2018-03-03 11:49:35 database     DEBUG    SELECT * FROM `airfields` WHERE capcode = '000572136';
2018-03-03 11:49:40 database     DEBUG    SELECT * FROM `airfields` WHERE capcode = '001352976';
2018-03-03 11:49:45 database     DEBUG    SELECT * FROM `airfields` WHERE capcode = '001462128';
2018-03-03 11:49:51 database     DEBUG    SELECT * FROM `airfields` WHERE capcode = '000672096';
2018-03-03 11:52:53 database     DEBUG    SELECT * FROM `airfields` WHERE capcode = '000581896';
2018-03-03 11:54:05 database     DEBUG    SELECT * FROM `airfields` WHERE capcode = '000571184';
2018-03-03 11:54:49 database     DEBUG    SELECT * FROM `airfields` WHERE capcode = '000579320';
2018-03-03 11:54:53 database     DEBUG    SELECT * FROM `airfields` WHERE capcode = '001312136';
2018-03-03 11:54:56 database     DEBUG    SELECT * FROM `airfields` WHERE capcode = '001806696';
2018-03-03 11:55:01 database     DEBUG    SELECT * FROM `airfields` WHERE capcode = '000672144';
2018-03-03 11:56:08 database     DEBUG    SELECT * FROM `airfields` WHERE capcode = '000565216';
2018-03-03 11:56:12 database     DEBUG    SELECT * FROM `airfields` WHERE capcode = '000565728';
2018-03-03 11:56:15 database     DEBUG    SELECT * FROM `airfields` WHERE capcode = '000565080';
2018-03-03 11:56:19 database     DEBUG    SELECT * FROM `airfields` WHERE capcode = '001525176';
2018-03-03 11:56:22 database     DEBUG    SELECT * FROM `airfields` WHERE capcode = '000565640';
2018-03-03 11:56:25 database     DEBUG    SELECT * FROM `airfields` WHERE capcode = '001525176';
2018-03-03 11:56:27 database     DEBUG    SELECT * FROM `airfields` WHERE capcode = '000560544';
2018-03-03 11:56:41 database     DEBUG    SELECT * FROM `airfields` WHERE capcode = '000565184';
2018-03-03 11:56:46 database     DEBUG    SELECT * FROM `airfields` WHERE capcode = '000565200';
2018-03-03 11:56:50 database     DEBUG    SELECT * FROM `airfields` WHERE capcode = '000565840';
2018-03-03 11:56:54 database     DEBUG    SELECT * FROM `airfields` WHERE capcode = '000565168';
2018-03-03 11:56:58 database     DEBUG    SELECT * FROM `airfields` WHERE capcode = '000565552';
2018-03-03 11:57:02 database     DEBUG    SELECT * FROM `airfields` WHERE capcode = '000565080';
2018-03-03 11:57:07 database     DEBUG    SELECT * FROM `airfields` WHERE capcode = '001525176';
2018-03-03 11:57:11 database     DEBUG    SELECT * FROM `airfields` WHERE capcode = '000565080';
2018-03-03 11:57:15 database     DEBUG    SELECT * FROM `airfields` WHERE capcode = '001525176';
2018-03-03 11:57:19 database     DEBUG    SELECT * FROM `airfields` WHERE capcode = '000565768';
2018-03-03 11:57:24 database     DEBUG    SELECT * FROM `airfields` WHERE capcode = '001525176';
2018-03-03 11:57:28 database     DEBUG    SELECT * FROM `airfields` WHERE capcode = '000565080';
2018-03-03 11:57:32 database     DEBUG    SELECT * FROM `airfields` WHERE capcode = '001525176';
2018-03-03 11:57:36 database     DEBUG    SELECT * FROM `airfields` WHERE capcode = '001525176';
2018-03-03 11:57:39 database     DEBUG    SELECT * FROM `airfields` WHERE capcode = '000574184';
2018-03-03 11:57:51 database     DEBUG    SELECT * FROM `airfields` WHERE capcode = '000715728';
2018-03-03 12:00:19 database     DEBUG    SELECT * FROM `airfields` WHERE capcode = '000565536';
2018-03-03 12:00:24 database     DEBUG    SELECT * FROM `airfields` WHERE capcode = '000565936';
2018-03-03 12:00:28 database     DEBUG    SELECT * FROM `airfields` WHERE capcode = '000565584';
2018-03-03 12:00:32 database     DEBUG    SELECT * FROM `airfields` WHERE capcode = '001525176';
2018-03-03 12:00:37 database     DEBUG    SELECT * FROM `airfields` WHERE capcode = '000572488';
2018-03-03 12:00:42 database     DEBUG    SELECT * FROM `airfields` WHERE capcode = '000573824';
2018-03-03 12:03:10 database     DEBUG    SELECT * FROM `airfields` WHERE capcode = '000573248';
2018-03-03 12:03:14 database     DEBUG    SELECT * FROM `airfields` WHERE capcode = '000573224';
2018-03-03 12:03:19 database     DEBUG    SELECT * FROM `airfields` WHERE capcode = '000672104';
2018-03-03 12:04:50 database     DEBUG    SELECT * FROM `airfields` WHERE capcode = '000637192';
2018-03-03 12:05:10 database     DEBUG    SELECT * FROM `airfields` WHERE capcode = '000241081';
2018-03-03 12:08:25 database     DEBUG    SELECT * FROM `airfields` WHERE capcode = '000565936';
2018-03-03 12:09:24 database     DEBUG    SELECT * FROM `airfields` WHERE capcode = '000571976';
2018-03-03 12:09:25 database     DEBUG    SELECT * FROM `airfields` WHERE capcode = '000610160';
2018-03-03 12:09:33 database     DEBUG    SELECT * FROM `airfields` WHERE capcode = '000565120';
2018-03-03 12:09:37 database     DEBUG    SELECT * FROM `airfields` WHERE capcode = '001353040';
2018-03-03 12:09:42 database     DEBUG    SELECT * FROM `airfields` WHERE capcode = '000565936';
2018-03-03 12:09:46 database     DEBUG    SELECT * FROM `airfields` WHERE capcode = '000565568';
2018-03-03 12:09:50 database     DEBUG    SELECT * FROM `airfields` WHERE capcode = '000565080';
2018-03-03 12:09:53 database     DEBUG    SELECT * FROM `airfields` WHERE capcode = '001525176';
2018-03-03 12:09:57 database     DEBUG    SELECT * FROM `airfields` WHERE capcode = '000565616';
2018-03-03 12:10:01 database     DEBUG    SELECT * FROM `airfields` WHERE capcode = '001464120';
2018-03-03 12:10:05 database     DEBUG    SELECT * FROM `airfields` WHERE capcode = '001525176';
2018-03-03 12:10:08 database     DEBUG    SELECT * FROM `airfields` WHERE capcode = '001525176';
2018-03-03 12:10:12 database     DEBUG    SELECT * FROM `airfields` WHERE capcode = '001525176';
2018-03-03 12:13:27 database     DEBUG    SELECT * FROM `airfields` WHERE capcode = '000979338';
2018-03-03 12:13:27 database     DEBUG    SELECT * FROM `airfields` WHERE capcode = '002045276';
2018-03-03 12:13:27 database     DEBUG    SELECT * FROM `airfields` WHERE capcode = '001366133';
2018-03-03 12:21:10 database     DEBUG    SELECT * FROM `airfields` WHERE capcode = '001816104';
2018-03-03 12:21:10 root         DEBUG    b_return: True
2018-03-03 12:21:10 root         DEBUG    row     : {'lat': -38.342849, 'short_name': 'AIROLA', 'capcode': '001816104', 'lng': 143.609389, 'name': 'PDD - Colac'}
2018-03-03 12:21:10 root         DEBUG    count   : 1
2018-03-03 12:21:10 root         DEBUG    Alert           :ALERT
2018-03-03 12:21:10 root         DEBUG    Fnumber         :F180300851
2018-03-03 12:21:10 root         DEBUG    IncidentType    :G&SC1
2018-03-03 12:21:10 root         DEBUG    AssignmentArea  :STON2
2018-03-03 12:21:10 root         DEBUG    Dispatch channel:21 
2018-03-03 12:21:10 root         DEBUG    No match for Map ref
2018-03-03 12:21:10 root         DEBUG    Latitude        :-38.1128958
2018-03-03 12:21:10 root         DEBUG    Longitude       :144.264351
2018-03-03 12:21:10 root         DEBUG    Remaining msg   :SO\WMN OF SMOKE ISSUING CNR DOG ROCKS RD/FYANSFZD-GHERINGHAP RD FYANSFORD`_ 440 A6 (601781) (AIROLA CCOROS CSTON FBD310 HEL347
2018-03-03 12:21:10 root         DEBUG    parseOK         :True
2018-03-03 12:21:10 root         DEBUG    firecall        :True
2018-03-03 12:21:10 database     DEBUG    SELECT * FROM `airfield_bomber_reloading` ORDER BY `name`
2018-03-03 12:21:10 database     DEBUG    SELECT * FROM `airfield_aws` WHERE short_name = 'AIROLA';
2018-03-03 12:21:13 weather      DEBUG    AWS for parsing is Mortlake
2018-03-03 12:21:13 weather      DEBUG    Mortlake at 544
2018-03-03 12:21:13 weather      DEBUG    FFDI: 6
2018-03-03 12:21:13 weather      DEBUG    GFDI: 6
2018-03-03 12:21:13 weather      DEBUG    AWS for parsing is Sheoaks AWS
2018-03-03 12:21:13 weather      DEBUG    Sheoaks AWS at 1568
2018-03-03 12:21:13 weather      DEBUG    FFDI: 19
2018-03-03 12:21:13 weather      DEBUG    GFDI: 9
2018-03-03 12:21:15 database     DEBUG    SELECT * FROM `airfields` WHERE capcode = '001464120';
2018-03-03 12:21:15 database     DEBUG    SELECT * FROM `airfields` WHERE capcode = '000216813';
2018-03-03 12:21:19 database     DEBUG    SELECT * FROM `airfields` WHERE capcode = '000565080';
2018-03-03 12:21:23 database     DEBUG    SELECT * FROM `airfields` WHERE capcode = '001525176';
2018-03-03 12:21:26 database     DEBUG    SELECT * FROM `airfields` WHERE capcode = '000080416';
2018-03-03 12:21:27 database     DEBUG    SELECT * FROM `airfields` WHERE capcode = '000114978';
2018-03-03 12:21:27 database     DEBUG    SELECT * FROM `airfields` WHERE capcode = '000098433';
2018-03-03 12:23:52 database     DEBUG    SELECT * FROM `airfields` WHERE capcode = '000572928';
2018-03-03 12:23:56 database     DEBUG    SELECT * FROM `airfields` WHERE capcode = '000572896';
2018-03-03 12:24:01 database     DEBUG    SELECT * FROM `airfields` WHERE capcode = '000572848';
2018-03-03 12:24:06 database     DEBUG    SELECT * FROM `airfields` WHERE capcode = '000572784';
2018-03-03 12:24:12 database     DEBUG    SELECT * FROM `airfields` WHERE capcode = '001816040';
2018-03-03 12:24:12 root         DEBUG    b_return: True
2018-03-03 12:24:12 root         DEBUG    row     : {'lat': -37.513191, 'short_name': 'AIRBLT', 'capcode': '001816040', 'lng': 143.787354, 'name': 'PDD - Ballarat'}
2018-03-03 12:24:12 root         DEBUG    count   : 1
2018-03-03 12:24:12 root         DEBUG    Alert           :ALERT
2018-03-03 12:24:12 root         DEBUG    Fnumber         :F180300852
2018-03-03 12:24:12 root         DEBUG    IncidentType    :G&SC1
2018-03-03 12:24:12 root         DEBUG    AssignmentArea  :WBRA4
2018-03-03 12:24:12 root         DEBUG    Dispatch channel:515 
2018-03-03 12:24:12 root         DEBUG    Map ref         :SVC 6350 E4
2018-03-03 12:24:12 root         DEBUG    Latitude        :-37.3668760
2018-03-03 12:24:12 root         DEBUG    Longitude       :143.6526517
2018-03-03 12:24:12 root         DEBUG    Remaining msg   :PADDOCK FIRE - SPREADING 30 SETTLEMENT RD WAUBRA /BEAUFORT-WAUBRA RD //SUNRAYSIA HWY (349611) AIRBLT CASCO CGMTB CLEAR CWBRA HEL346
2018-03-03 12:24:12 root         DEBUG    parseOK         :True
2018-03-03 12:24:12 root         DEBUG    firecall        :True
2018-03-03 12:24:12 database     DEBUG    SELECT * FROM `airfield_bomber_reloading` ORDER BY `name`
2018-03-03 12:24:12 database     DEBUG    SELECT * FROM `airfield_aws` WHERE short_name = 'AIRBLT';
2018-03-03 12:24:14 weather      DEBUG    AWS for parsing is Ballarat
2018-03-03 12:24:14 weather      DEBUG    Ballarat at 1120
2018-03-03 12:24:14 weather      DEBUG    FFDI: 19
2018-03-03 12:24:14 weather      DEBUG    GFDI: 14
2018-03-03 12:24:16 database     DEBUG    SELECT * FROM `airfields` WHERE capcode = '000572776';
2018-03-03 12:24:20 database     DEBUG    SELECT * FROM `airfields` WHERE capcode = '000672104';
2018-03-03 12:24:24 database     DEBUG    SELECT * FROM `airfields` WHERE capcode = '000080488';
2018-03-03 12:25:24 database     DEBUG    SELECT * FROM `airfields` WHERE capcode = '000565216';
2018-03-03 12:25:28 database     DEBUG    SELECT * FROM `airfields` WHERE capcode = '000565616';
2018-03-03 12:25:32 database     DEBUG    SELECT * FROM `airfields` WHERE capcode = '000565080';
2018-03-03 12:25:35 database     DEBUG    SELECT * FROM `airfields` WHERE capcode = '001525176';
2018-03-03 12:25:38 database     DEBUG    SELECT * FROM `airfields` WHERE capcode = '001525176';
2018-03-03 12:26:19 database     DEBUG    SELECT * FROM `airfields` WHERE capcode = '001643009';
2018-03-03 12:28:43 database     DEBUG    SELECT * FROM `airfields` WHERE capcode = '000240937';
2018-03-03 12:29:58 database     DEBUG    SELECT * FROM `airfields` WHERE capcode = '000570928';
2018-03-03 12:30:43 database     DEBUG    SELECT * FROM `airfields` WHERE capcode = '000579400';
2018-03-03 12:31:55 database     DEBUG    SELECT * FROM `airfields` WHERE capcode = '000570928';
2018-03-03 12:32:38 database     DEBUG    SELECT * FROM `airfields` WHERE capcode = '000162682';
2018-03-03 12:32:41 database     DEBUG    SELECT * FROM `airfields` WHERE capcode = '000572928';
2018-03-03 12:32:47 database     DEBUG    SELECT * FROM `airfields` WHERE capcode = '000162562';
2018-03-03 12:32:52 database     DEBUG    SELECT * FROM `airfields` WHERE capcode = '001615890';
2018-03-03 12:32:57 database     DEBUG    SELECT * FROM `airfields` WHERE capcode = '000566072';
2018-03-03 12:33:07 database     DEBUG    SELECT * FROM `airfields` WHERE capcode = '000162562';
2018-03-03 12:33:10 database     DEBUG    SELECT * FROM `airfields` WHERE capcode = '001615890';
2018-03-03 12:33:13 database     DEBUG    SELECT * FROM `airfields` WHERE capcode = '000162682';
2018-03-03 12:33:31 database     DEBUG    SELECT * FROM `airfields` WHERE capcode = '000574040';
2018-03-03 12:34:00 database     DEBUG    SELECT * FROM `airfields` WHERE capcode = '000572928';
2018-03-03 12:38:56 database     DEBUG    SELECT * FROM `airfields` WHERE capcode = '000580288';
2018-03-03 12:39:01 database     DEBUG    SELECT * FROM `airfields` WHERE capcode = '000580296';
2018-03-03 12:39:48 database     DEBUG    SELECT * FROM `airfields` WHERE capcode = '000565152';
2018-03-03 12:39:52 database     DEBUG    SELECT * FROM `airfields` WHERE capcode = '000565080';
2018-03-03 12:39:55 database     DEBUG    SELECT * FROM `airfields` WHERE capcode = '001525176';
2018-03-03 12:42:59 database     DEBUG    SELECT * FROM `airfields` WHERE capcode = '000572848';
2018-03-03 12:43:01 database     DEBUG    SELECT * FROM `airfields` WHERE capcode = '000572896';
2018-03-03 12:43:46 database     DEBUG    SELECT * FROM `airfields` WHERE capcode = '000567720';
2018-03-03 12:48:32 database     DEBUG    SELECT * FROM `airfields` WHERE capcode = '000565936';
2018-03-03 12:48:37 database     DEBUG    SELECT * FROM `airfields` WHERE capcode = '001353096';
2018-03-03 12:48:42 database     DEBUG    SELECT * FROM `airfields` WHERE capcode = '001464120';
2018-03-03 12:48:47 database     DEBUG    SELECT * FROM `airfields` WHERE capcode = '001525176';
2018-03-03 12:53:51 database     DEBUG    SELECT * FROM `airfields` WHERE capcode = '001288696';
2018-03-03 12:53:55 database     DEBUG    SELECT * FROM `airfields` WHERE capcode = '000581976';
2018-03-03 12:53:56 database     DEBUG    SELECT * FROM `airfields` WHERE capcode = '000860382';
2018-03-03 12:55:41 database     DEBUG    SELECT * FROM `airfields` WHERE capcode = '000581848';
2018-03-03 12:55:44 database     DEBUG    SELECT * FROM `airfields` WHERE capcode = '000581824';
2018-03-03 12:55:48 database     DEBUG    SELECT * FROM `airfields` WHERE capcode = '000566824';
2018-03-03 12:55:51 database     DEBUG    SELECT * FROM `airfields` WHERE capcode = '000672160';
2018-03-03 12:55:54 database     DEBUG    SELECT * FROM `airfields` WHERE capcode = '000566736';
2018-03-03 12:55:57 database     DEBUG    SELECT * FROM `airfields` WHERE capcode = '000672048';
2018-03-03 12:59:00 database     DEBUG    SELECT * FROM `airfields` WHERE capcode = '000578312';
2018-03-03 12:59:27 database     DEBUG    SELECT * FROM `airfields` WHERE capcode = '001368512';
2018-03-03 13:00:43 database     DEBUG    SELECT * FROM `airfields` WHERE capcode = '000581880';
2018-03-03 13:00:46 database     DEBUG    SELECT * FROM `airfields` WHERE capcode = '000581824';
2018-03-03 13:00:51 database     DEBUG    SELECT * FROM `airfields` WHERE capcode = '000566712';
2018-03-03 13:00:56 database     DEBUG    SELECT * FROM `airfields` WHERE capcode = '001816088';
2018-03-03 13:00:56 root         DEBUG    b_return: True
2018-03-03 13:00:56 root         DEBUG    row     : {'lat': -37.971375, 'short_name': 'AIRMMB', 'capcode': '001816088', 'lng': 145.093857, 'name': 'PDD - Moorabbin'}
2018-03-03 13:00:56 root         DEBUG    count   : 1
2018-03-03 13:00:56 root         DEBUG    Alert           :ALERT
2018-03-03 13:00:56 root         DEBUG    Fnumber         :F180300867
2018-03-03 13:00:56 root         DEBUG    IncidentType    :G&SC1
2018-03-03 13:00:56 root         DEBUG    AssignmentArea  :SNTO1
2018-03-03 13:00:56 root         DEBUG    Dispatch channel:27 
2018-03-03 13:00:56 root         DEBUG    Map ref         :M 167 C9
2018-03-03 13:00:56 root         DEBUG    Latitude        :-38.3196468
2018-03-03 13:00:56 root         DEBUG    Longitude       :144.7043494
2018-03-03 13:00:56 root         DEBUG    Remaining msg   :COLUMN OF SMOKE ISSUING FROM BACKYARD 3865 PT NEPEAN RD PORTSEA /COVE AV //DEFENCE RD (993562) AIRMMB CROSES CRYEA CSNTO FBD302 HEL338
2018-03-03 13:00:56 root         DEBUG    parseOK         :True
2018-03-03 13:00:56 root         DEBUG    firecall        :True
2018-03-03 13:00:56 database     DEBUG    SELECT * FROM `airfield_bomber_reloading` ORDER BY `name`
2018-03-03 13:00:56 database     DEBUG    SELECT * FROM `airfield_aws` WHERE short_name = 'AIRMMB';
2018-03-03 13:00:58 weather      DEBUG    AWS for parsing is Moorabbin AWS
2018-03-03 13:00:58 weather      DEBUG    Moorabbin AWS at 1440
2018-03-03 13:00:58 weather      DEBUG    FFDI: 16
2018-03-03 13:00:58 weather      DEBUG    GFDI: 4
2018-03-03 13:01:00 database     DEBUG    SELECT * FROM `airfields` WHERE capcode = '001462408';
2018-03-03 13:01:04 database     DEBUG    SELECT * FROM `airfields` WHERE capcode = '000566696';
2018-03-03 13:01:08 database     DEBUG    SELECT * FROM `airfields` WHERE capcode = '000672160';
2018-03-03 13:01:12 database     DEBUG    SELECT * FROM `airfields` WHERE capcode = '000566592';
2018-03-03 13:01:17 database     DEBUG    SELECT * FROM `airfields` WHERE capcode = '000672048';
2018-03-03 13:07:20 database     DEBUG    SELECT * FROM `airfields` WHERE capcode = '000572608';
2018-03-03 13:07:25 database     DEBUG    SELECT * FROM `airfields` WHERE capcode = '001816040';
2018-03-03 13:07:25 root         DEBUG    b_return: True
2018-03-03 13:07:25 root         DEBUG    row     : {'lat': -37.513191, 'short_name': 'AIRBLT', 'capcode': '001816040', 'lng': 143.787354, 'name': 'PDD - Ballarat'}
2018-03-03 13:07:25 root         DEBUG    count   : 1
2018-03-03 13:07:25 root         DEBUG    Alert           :ALERT
2018-03-03 13:07:25 root         DEBUG    Fnumber         :F180300868
2018-03-03 13:07:25 root         DEBUG    IncidentType    :G&SC1
2018-03-03 13:07:25 root         DEBUG    AssignmentArea  :LHIL2
2018-03-03 13:07:25 root         DEBUG    Dispatch channel:515 
2018-03-03 13:07:25 root         DEBUG    Map ref         :SVC 6355 H14
2018-03-03 13:07:25 root         DEBUG    Latitude        :-37.4463017
2018-03-03 13:07:25 root         DEBUG    Longitude       :144.1459854
2018-03-03 13:07:25 root         DEBUG    Remaining msg   :COLUMN OF SMOKE BACK SETTLEMENT RD KORWEINGUBOORA (475517) AIRBLT CBALA CLHIL HEL346
2018-03-03 13:07:25 root         DEBUG    parseOK         :True
2018-03-03 13:07:25 root         DEBUG    firecall        :True
2018-03-03 13:07:25 database     DEBUG    SELECT * FROM `airfield_bomber_reloading` ORDER BY `name`
2018-03-03 13:07:25 database     DEBUG    SELECT * FROM `airfield_aws` WHERE short_name = 'AIRBLT';
2018-03-03 13:07:28 weather      DEBUG    AWS for parsing is Ballarat
2018-03-03 13:07:28 root         ERROR    <class 'AttributeError'>
2018-03-03 13:07:30 database     DEBUG    SELECT * FROM `airfields` WHERE capcode = '000573320';
2018-03-03 13:07:31 database     DEBUG    SELECT * FROM `airfields` WHERE capcode = '000672104';
2018-03-03 13:07:35 database     DEBUG    SELECT * FROM `airfields` WHERE capcode = '000572600';
2018-03-03 13:07:38 database     DEBUG    SELECT * FROM `airfields` WHERE capcode = '000080488';
2018-03-03 13:08:44 database     DEBUG    SELECT * FROM `airfields` WHERE capcode = '000572008';
2018-03-03 13:08:49 database     DEBUG    SELECT * FROM `airfields` WHERE capcode = '000672096';
2018-03-03 13:09:10 database     DEBUG    SELECT * FROM `airfields` WHERE capcode = '000672096';
2018-03-03 13:11:53 database     DEBUG    SELECT * FROM `airfields` WHERE capcode = '000568000';
2018-03-03 13:11:56 database     DEBUG    SELECT * FROM `airfields` WHERE capcode = '000567848';
2018-03-03 13:11:59 database     DEBUG    SELECT * FROM `airfields` WHERE capcode = '000672056';
2018-03-03 13:12:22 database     DEBUG    SELECT * FROM `airfields` WHERE capcode = '000567632';
2018-03-03 13:12:26 database     DEBUG    SELECT * FROM `airfields` WHERE capcode = '000242033';
2018-03-03 13:13:18 database     DEBUG    SELECT * FROM `airfields` WHERE capcode = '001816040';
2018-03-03 13:13:18 root         DEBUG    b_return: True
2018-03-03 13:13:18 root         DEBUG    row     : {'lat': -37.513191, 'short_name': 'AIRBLT', 'capcode': '001816040', 'lng': 143.787354, 'name': 'PDD - Ballarat'}
2018-03-03 13:13:18 root         DEBUG    count   : 1
2018-03-03 13:13:18 root         DEBUG    Not a FIRECALL
2018-03-03 13:13:18 root         DEBUG    parseOK         :True
2018-03-03 13:13:18 root         DEBUG    firecall        :False
2018-03-03 13:13:25 database     DEBUG    SELECT * FROM `airfields` WHERE capcode = '000572608';
2018-03-03 13:13:54 database     DEBUG    SELECT * FROM `airfields` WHERE capcode = '000240921';
2018-03-03 13:16:04 database     DEBUG    SELECT * FROM `airfields` WHERE capcode = '000566920';
2018-03-03 13:16:08 database     DEBUG    SELECT * FROM `airfields` WHERE capcode = '000240353';
2018-03-03 13:16:13 database     DEBUG    SELECT * FROM `airfields` WHERE capcode = '000566760';
2018-03-03 13:16:17 database     DEBUG    SELECT * FROM `airfields` WHERE capcode = '001353048';
2018-03-03 13:16:21 database     DEBUG    SELECT * FROM `airfields` WHERE capcode = '000240713';
2018-03-03 13:16:25 database     DEBUG    SELECT * FROM `airfields` WHERE capcode = '000566736';
2018-03-03 13:16:28 database     DEBUG    SELECT * FROM `airfields` WHERE capcode = '000672048';
2018-03-03 13:18:31 database     DEBUG    SELECT * FROM `airfields` WHERE capcode = '000572072';
2018-03-03 13:18:35 database     DEBUG    SELECT * FROM `airfields` WHERE capcode = '000571736';
2018-03-03 13:18:39 database     DEBUG    SELECT * FROM `airfields` WHERE capcode = '000672096';
2018-03-03 13:18:43 database     DEBUG    SELECT * FROM `airfields` WHERE capcode = '000571728';
2018-03-03 13:18:47 database     DEBUG    SELECT * FROM `airfields` WHERE capcode = '000672104';
2018-03-03 13:19:34 database     DEBUG    SELECT * FROM `airfields` WHERE capcode = '000240273';
2018-03-03 13:20:18 database     DEBUG    SELECT * FROM `airfields` WHERE capcode = '000240273';
2018-03-03 13:20:39 database     DEBUG    SELECT * FROM `airfields` WHERE capcode = '000569600';
2018-03-03 13:23:48 database     DEBUG    SELECT * FROM `airfields` WHERE capcode = '000572040';
2018-03-03 13:23:51 database     DEBUG    SELECT * FROM `airfields` WHERE capcode = '001352976';
2018-03-03 13:23:55 database     DEBUG    SELECT * FROM `airfields` WHERE capcode = '000572136';
2018-03-03 13:23:57 database     DEBUG    SELECT * FROM `airfields` WHERE capcode = '000672096';
2018-03-03 13:24:35 database     DEBUG    SELECT * FROM `airfields` WHERE capcode = '000570704';
2018-03-03 13:25:06 database     DEBUG    SELECT * FROM `airfields` WHERE capcode = '000679304';
2018-03-03 13:25:19 database     DEBUG    SELECT * FROM `airfields` WHERE capcode = '000561312';
2018-03-03 13:25:56 database     DEBUG    SELECT * FROM `airfields` WHERE capcode = '001666425';
2018-03-03 13:26:45 database     DEBUG    SELECT * FROM `airfields` WHERE capcode = '000568032';
2018-03-03 13:28:33 database     DEBUG    SELECT * FROM `airfields` WHERE capcode = '000572440';
2018-03-03 13:30:44 database     DEBUG    SELECT * FROM `airfields` WHERE capcode = '000571088';
2018-03-03 13:30:47 database     DEBUG    SELECT * FROM `airfields` WHERE capcode = '000571104';
2018-03-03 13:30:50 database     DEBUG    SELECT * FROM `airfields` WHERE capcode = '001353064';
2018-03-03 13:30:53 database     DEBUG    SELECT * FROM `airfields` WHERE capcode = '000571016';
2018-03-03 13:30:57 database     DEBUG    SELECT * FROM `airfields` WHERE capcode = '000672088';
2018-03-03 13:31:09 database     DEBUG    SELECT * FROM `airfields` WHERE capcode = '001777724';
2018-03-03 13:31:09 database     DEBUG    SELECT * FROM `airfields` WHERE capcode = '.40_ABCDE';
2018-03-03 13:31:13 database     DEBUG    SELECT * FROM `airfields` WHERE capcode = '000570704';
2018-03-03 13:32:50 database     DEBUG    SELECT * FROM `airfields` WHERE capcode = '000580096';
2018-03-03 13:38:06 database     DEBUG    SELECT * FROM `airfields` WHERE capcode = '000566984';
2018-03-03 13:39:54 database     DEBUG    SELECT * FROM `airfields` WHERE capcode = '001327056';
2018-03-03 13:46:05 database     DEBUG    SELECT * FROM `airfields` WHERE capcode = '000566840';
2018-03-03 13:46:08 database     DEBUG    SELECT * FROM `airfields` WHERE capcode = '001353064';
2018-03-03 13:46:11 database     DEBUG    SELECT * FROM `airfields` WHERE capcode = '000566160';
2018-03-03 13:46:13 database     DEBUG    SELECT * FROM `airfields` WHERE capcode = '000672048';
2018-03-03 13:50:48 database     DEBUG    SELECT * FROM `airfields` WHERE capcode = '001777724';
2018-03-03 13:50:54 database     DEBUG    SELECT * FROM `airfields` WHERE capcode = '000834872';
2018-03-03 13:51:53 database     DEBUG    SELECT * FROM `airfields` WHERE capcode = '000572992';
2018-03-03 13:51:58 database     DEBUG    SELECT * FROM `airfields` WHERE capcode = '000573264';
2018-03-03 13:52:03 database     DEBUG    SELECT * FROM `airfields` WHERE capcode = '001816040';
2018-03-03 13:52:03 root         DEBUG    b_return: True
2018-03-03 13:52:03 root         DEBUG    row     : {'lat': -37.513191, 'short_name': 'AIRBLT', 'capcode': '001816040', 'lng': 143.787354, 'name': 'PDD - Ballarat'}
2018-03-03 13:52:03 root         DEBUG    count   : 1
2018-03-03 13:52:03 root         DEBUG    Alert           :ALERT
2018-03-03 13:52:03 root         DEBUG    Fnumber         :F180300895
2018-03-03 13:52:03 root         DEBUG    IncidentType    :G&SC1
2018-03-03 13:52:03 root         DEBUG    AssignmentArea  :HARD2
2018-03-03 13:52:03 root         DEBUG    No match for Dispatch Channel
2018-03-03 13:52:03 root         DEBUG    Map ref         :SVC 6520 G14
2018-03-03 13:52:03 root         DEBUG    No match for Lat/Long
2018-03-03 13:52:03 root         DEBUG    Remaining msg   :GRASS FIRE ON ROADSIDE CNR SAND RD/ROSENOWS RD DURHAM LEAD (564210) LAT/LON:-37.7220175,`(43.909!540 DICQ515 AIRBLT CBUNI CHART U5 HE
2018-03-03 13:52:03 root         DEBUG    parseOK         :False
2018-03-03 13:52:03 root         DEBUG    firecall        :False
2018-03-03 13:52:07 database     DEBUG    SELECT * FROM `airfields` WHERE capcode = '000573128';
2018-03-03 13:52:10 database     DEBUG    SELECT * FROM `airfields` WHERE capcode = '000672104';
2018-03-03 13:52:14 database     DEBUG    SELECT * FROM `airfields` WHERE capcode = '000573224';
2018-03-03 13:52:18 database     DEBUG    SELECT * FROM `airfields` WHERE capcode = '000080488';
2018-03-03 13:53:07 database     DEBUG    SELECT * FROM `airfields` WHERE capcode = '000572488';
2018-03-03 13:53:57 database     DEBUG    SELECT * FROM `airfields` WHERE capcode = '000572864';
2018-03-03 13:54:00 database     DEBUG    SELECT * FROM `airfields` WHERE capcode = '000572992';
2018-03-03 13:54:00 database     DEBUG    SELECT * FROM `airfields` WHERE capcode = '000672104';
2018-03-03 13:54:03 database     DEBUG    SELECT * FROM `airfields` WHERE capcode = '001059145';
2018-03-03 13:54:06 database     DEBUG    SELECT * FROM `airfields` WHERE capcode = '000572952';
2018-03-03 13:55:01 database     DEBUG    SELECT * FROM `airfields` WHERE capcode = '000573040';
2018-03-03 13:55:03 database     DEBUG    SELECT * FROM `airfields` WHERE capcode = '000573280';
2018-03-03 13:55:09 database     DEBUG    SELECT * FROM `airfields` WHERE capcode = '000572952';
2018-03-03 13:55:13 database     DEBUG    SELECT * FROM `airfields` WHERE capcode = '000672104';
2018-03-03 13:55:18 database     DEBUG    SELECT * FROM `airfields` WHERE capcode = '000572952';
2018-03-03 13:55:19 database     DEBUG    SELECT * FROM `airfields` WHERE capcode = '002015592';
2018-03-03 13:55:22 database     DEBUG    SELECT * FROM `airfields` WHERE capcode = '001188092';
2018-03-03 13:55:26 database     DEBUG    SELECT * FROM `airfields` WHERE capcode = '000573224';
2018-03-03 13:55:30 database     DEBUG    SELECT * FROM `airfields` WHERE capcode = '000672104';
2018-03-03 13:55:35 database     DEBUG    SELECT * FROM `airfields` WHERE capcode = '000572952';
2018-03-03 13:55:37 database     DEBUG    SELECT * FROM `airfields` WHERE capcode = '000672104';
2018-03-03 13:55:43 database     DEBUG    SELECT * FROM `airfields` WHERE capcode = '000833048';
2018-03-03 13:55:47 database     DEBUG    SELECT * FROM `airfields` WHERE capcode = '000672104';
2018-03-03 13:55:52 database     DEBUG    SELECT * FROM `airfields` WHERE capcode = '000573224';
2018-03-03 13:55:56 database     DEBUG    SELECT * FROM `airfields` WHERE capcode = '000672104';
2018-03-03 13:56:03 database     DEBUG    SELECT * FROM `airfields` WHERE capcode = '001757304';
2018-03-03 13:56:06 database     DEBUG    SELECT * FROM `airfields` WHERE capcode = '000715728';
2018-03-03 14:00:46 database     DEBUG    SELECT * FROM `airfields` WHERE capcode = '000577160';
2018-03-03 14:00:50 database     DEBUG    SELECT * FROM `airfields` WHERE capcode = '001312128';
2018-03-03 14:00:54 database     DEBUG    SELECT * FROM `airfields` WHERE capcode = '000577136';
2018-03-03 14:00:58 database     DEBUG    SELECT * FROM `airfields` WHERE capcode = '000672128';
2018-03-03 14:01:05 database     DEBUG    SELECT * FROM `airfields` WHERE capcode = '001459744';
2018-03-03 14:01:11 database     DEBUG    SELECT * FROM `airfields` WHERE capcode = '001459752';
2018-03-03 14:01:23 database     DEBUG    SELECT * FROM `airfields` WHERE capcode = '000566376';
2018-03-03 14:02:35 database     DEBUG    SELECT * FROM `airfields` WHERE capcode = '000574648';
2018-03-03 14:02:39 database     DEBUG    SELECT * FROM `airfields` WHERE capcode = '000574824';
2018-03-03 14:02:44 database     DEBUG    SELECT * FROM `airfields` WHERE capcode = '001816176';
2018-03-03 14:02:44 root         DEBUG    b_return: True
2018-03-03 14:02:44 root         DEBUG    row     : {'lat': -37.068035, 'short_name': 'AIRSWL', 'capcode': '001816176', 'lng': 142.74173, 'name': 'PDD - Stawell'}
2018-03-03 14:02:44 root         DEBUG    count   : 1
2018-03-03 14:02:44 root         DEBUG    Alert           :ALERT
2018-03-03 14:02:44 root         DEBUG    Fnumber         :F180300899
2018-03-03 14:02:44 root         DEBUG    IncidentType    :G&SC1
2018-03-03 14:02:44 root         DEBUG    AssignmentArea  :MARO1
2018-03-03 14:02:44 root         DEBUG    Dispatch channel:516 
2018-03-03 14:02:44 root         DEBUG    Map ref         :SVSW 392 H12
2018-03-03 14:02:44 root         DEBUG    Latitude        :-37.4226403
2018-03-03 14:02:44 root         DEBUG    Longitude       :142.8589144
2018-03-03 14:02:44 root         DEBUG    Remaining msg   :GRASS FIRE SPREADING CNR ANDREWS LANE/ARARAT-MORTLAKE RD MAROONA (644566) AIRSWL BDG372 BOM354 BOM355 CMARO CWURR
2018-03-03 14:02:44 root         DEBUG    parseOK         :True
2018-03-03 14:02:44 root         DEBUG    firecall        :True
2018-03-03 14:02:44 database     DEBUG    SELECT * FROM `airfield_bomber_reloading` ORDER BY `name`
2018-03-03 14:02:44 database     DEBUG    SELECT * FROM `airfield_aws` WHERE short_name = 'AIRSWL';
2018-03-03 14:02:46 weather      DEBUG    AWS for parsing is Horsham AWS
2018-03-03 14:02:46 weather      DEBUG    Horsham AWS at 192
2018-03-03 14:02:46 weather      DEBUG    FFDI: 14
2018-03-03 14:02:46 weather      DEBUG    GFDI: 12
2018-03-03 14:02:47 weather      DEBUG    AWS for parsing is Stawell
2018-03-03 14:02:47 weather      DEBUG    Stawell at 320
2018-03-03 14:02:47 weather      DEBUG    FFDI: 21
2018-03-03 14:02:47 weather      DEBUG    GFDI: 16
2018-03-03 14:02:49 database     DEBUG    SELECT * FROM `airfields` WHERE capcode = '000574560';
2018-03-03 14:02:52 database     DEBUG    SELECT * FROM `airfields` WHERE capcode = '000672112';
2018-03-03 14:02:57 database     DEBUG    SELECT * FROM `airfields` WHERE capcode = '000080496';
2018-03-03 14:03:11 database     DEBUG    SELECT * FROM `airfields` WHERE capcode = '000654704';
2018-03-03 14:04:09 database     DEBUG    SELECT * FROM `airfields` WHERE capcode = '000572440';
2018-03-03 14:09:12 database     DEBUG    SELECT * FROM `airfields` WHERE capcode = '001640616';
2018-03-03 14:12:02 database     DEBUG    SELECT * FROM `airfields` WHERE capcode = '000003200';
2018-03-03 14:13:48 database     DEBUG    SELECT * FROM `airfields` WHERE capcode = '000565104';
2018-03-03 14:16:30 database     DEBUG    SELECT * FROM `airfields` WHERE capcode = '000566840';
2018-03-03 14:16:35 database     DEBUG    SELECT * FROM `airfields` WHERE capcode = '000566472';
2018-03-03 14:16:38 database     DEBUG    SELECT * FROM `airfields` WHERE capcode = '000566160';
2018-03-03 14:16:43 database     DEBUG    SELECT * FROM `airfields` WHERE capcode = '000672048';
2018-03-03 14:18:10 database     DEBUG    SELECT * FROM `airfields` WHERE capcode = '000566840';
2018-03-03 14:18:14 database     DEBUG    SELECT * FROM `airfields` WHERE capcode = '000566488';
2018-03-03 14:18:18 database     DEBUG    SELECT * FROM `airfields` WHERE capcode = '000566160';
2018-03-03 14:18:22 database     DEBUG    SELECT * FROM `airfields` WHERE capcode = '000672048';
2018-03-03 14:18:25 database     DEBUG    SELECT * FROM `airfields` WHERE capcode = '001004648';
2018-03-03 14:27:01 database     DEBUG    SELECT * FROM `airfields` WHERE capcode = '000003209';
2018-03-03 14:27:35 database     DEBUG    SELECT * FROM `airfields` WHERE capcode = '000572104';
2018-03-03 14:27:40 database     DEBUG    SELECT * FROM `airfields` WHERE capcode = '001876600';
2018-03-03 14:27:40 root         DEBUG    b_return: True
2018-03-03 14:27:40 root         DEBUG    row     : {'lat': -37.730476, 'short_name': 'AIRBAC', 'capcode': '001876600', 'lng': 144.428482, 'name': 'PDD - Bacchus Marsh'}
2018-03-03 14:27:40 root         DEBUG    count   : 1
2018-03-03 14:27:40 root         DEBUG    Alert           :ALERT
2018-03-03 14:27:40 root         DEBUG    Fnumber         :F180300904
2018-03-03 14:27:40 root         DEBUG    IncidentType    :G&SC1
2018-03-03 14:27:40 root         DEBUG    AssignmentArea  :TOOL2
2018-03-03 14:27:40 root         DEBUG    Dispatch channel:61 
2018-03-03 14:27:40 root         DEBUG    No match for Map ref
2018-03-03 14:27:40 root         DEBUG    Latitude        :-37.6281814
2018-03-03 14:27:40 root         DEBUG    Longitude       :144.6449890
2018-03-03 14:27:40 root         DEBUG    Remaining msg   :GRASS FIRE SPREADING CNR COIMADAI-DIGGERS REST RD/HOLDEN RD TOOLERN VALE M 332 (921328) AIRBAC CMTON CTOOL HEL345
2018-03-03 14:27:40 root         DEBUG    parseOK         :True
2018-03-03 14:27:40 root         DEBUG    firecall        :True
2018-03-03 14:27:40 database     DEBUG    SELECT * FROM `airfield_bomber_reloading` ORDER BY `name`
2018-03-03 14:27:40 database     DEBUG    SELECT * FROM `airfield_aws` WHERE short_name = 'AIRBAC';
2018-03-03 14:27:43 weather      DEBUG    AWS for parsing is Melbourne Ap
2018-03-03 14:27:43 weather      DEBUG    Melbourne Ap at 1376
2018-03-03 14:27:43 weather      DEBUG    FFDI: 29
2018-03-03 14:27:43 weather      DEBUG    GFDI: 20
2018-03-03 14:27:43 weather      DEBUG    AWS for parsing is Melbourne Ap
2018-03-03 14:27:43 weather      DEBUG    Melbourne Ap at 1376
2018-03-03 14:27:43 weather      DEBUG    FFDI: 29
2018-03-03 14:27:43 weather      DEBUG    GFDI: 20
2018-03-03 14:27:45 database     DEBUG    SELECT * FROM `airfields` WHERE capcode = '000572072';
2018-03-03 14:27:49 database     DEBUG    SELECT * FROM `airfields` WHERE capcode = '000672096';
2018-03-03 14:32:11 database     DEBUG    SELECT * FROM `airfields` WHERE capcode = '001816072';
2018-03-03 14:32:11 root         DEBUG    b_return: True
2018-03-03 14:32:12 root         DEBUG    row     : {'lat': -38.213654, 'short_name': 'AIRLTV', 'capcode': '001816072', 'lng': 146.468979, 'name': 'PDD - Latrobe Valley'}
2018-03-03 14:32:12 root         DEBUG    count   : 1
2018-03-03 14:32:12 root         DEBUG    Alert           :ALERT
2018-03-03 14:32:12 root         DEBUG    Fnumber         :F18
2018-03-03 14:32:12 root         DEBUG    No match for IncidentType
2018-03-03 14:32:12 root         DEBUG    AssignmentArea  :U10905
2018-03-03 14:32:12 root         DEBUG    No match for Dispatch Channel
2018-03-03 14:32:12 root         DEBUG    No match for Map ref
2018-03-03 14:32:12 root         DEBUG    No match for Lat/Long
2018-03-03 14:32:12 root         DEBUG    Remaining msg   :MEEN4 G&SQ(STUMP FITU`SXZAADING TN!GRASS 165 DUM
2018-03-03 14:32:12 root         DEBUG    parseOK         :False
2018-03-03 14:32:12 root         DEBUG    firecall        :False
2018-03-03 14:32:12 database     DEBUG    SELECT * FROM `airfields` WHERE capcode = '001444764';
2018-03-03 14:32:12 database     DEBUG    SELECT * FROM `airfields` WHERE capcode = '000590023';
2018-03-03 14:32:12 database     DEBUG    SELECT * FROM `airfields` WHERE capcode = '000468040';
2018-03-03 14:32:15 database     DEBUG    SELECT * FROM `airfields` WHERE capcode = '001411499';
2018-03-03 14:32:15 database     DEBUG    SELECT * FROM `airfields` WHERE capcode = '000637271';
2018-03-03 14:32:22 database     DEBUG    SELECT * FROM `airfields` WHERE capcode = '000043448';
2018-03-03 14:32:23 database     DEBUG    SELECT * FROM `airfields` WHERE capcode = '001582169';
2018-03-03 14:32:25 database     DEBUG    SELECT * FROM `airfields` WHERE capcode = '000046601';
2018-03-03 14:32:25 database     DEBUG    SELECT * FROM `airfields` WHERE capcode = '000245788';
2018-03-03 14:45:33 database     DEBUG    SELECT * FROM `airfields` WHERE capcode = '000585296';
2018-03-03 14:49:09 database     DEBUG    SELECT * FROM `airfields` WHERE capcode = '001795512';
2018-03-03 14:49:09 database     DEBUG    SELECT * FROM `airfields` WHERE capcode = '000773757';
2018-03-03 14:52:37 database     DEBUG    SELECT * FROM `airfields` WHERE capcode = '000566736';
2018-03-03 14:52:41 database     DEBUG    SELECT * FROM `airfields` WHERE capcode = '000672048';
2018-03-03 14:53:42 database     DEBUG    SELECT * FROM `airfields` WHERE capcode = '000566736';
2018-03-03 14:53:46 database     DEBUG    SELECT * FROM `airfields` WHERE capcode = '000672048';
2018-03-03 14:56:23 database     DEBUG    SELECT * FROM `airfields` WHERE capcode = '000240577';
2018-03-03 14:57:46 database     DEBUG    SELECT * FROM `airfields` WHERE capcode = '000571912';
2018-03-03 14:59:25 database     DEBUG    SELECT * FROM `airfields` WHERE capcode = '001327056';
2018-03-03 15:07:09 database     DEBUG    SELECT * FROM `airfields` WHERE capcode = '000571832';
2018-03-03 15:08:13 database     DEBUG    SELECT * FROM `airfields` WHERE capcode = '001015353';
2018-03-03 15:08:14 database     DEBUG    SELECT * FROM `airfields` WHERE capcode = '001015530';
2018-03-03 15:08:14 database     DEBUG    SELECT * FROM `airfields` WHERE capcode = '001938995';
2018-03-03 15:08:14 database     DEBUG    SELECT * FROM `airfields` WHERE capcode = '001733037';
2018-03-03 15:09:11 database     DEBUG    SELECT * FROM `airfields` WHERE capcode = '000672096';
2018-03-03 15:09:55 database     DEBUG    SELECT * FROM `airfields` WHERE capcode = '000241465';
2018-03-03 15:09:57 database     DEBUG    SELECT * FROM `airfields` WHERE capcode = '000240353';
2018-03-03 15:10:16 database     DEBUG    SELECT * FROM `airfields` WHERE capcode = '000672096';
2018-03-03 15:11:37 database     DEBUG    SELECT * FROM `airfields` WHERE capcode = '000572104';
2018-03-03 15:11:42 database     DEBUG    SELECT * FROM `airfields` WHERE capcode = '001876600';
2018-03-03 15:11:42 root         DEBUG    b_return: True
2018-03-03 15:11:42 root         DEBUG    row     : {'lat': -37.730476, 'short_name': 'AIRBAC', 'capcode': '001876600', 'lng': 144.428482, 'name': 'PDD - Bacchus Marsh'}
2018-03-03 15:11:42 root         DEBUG    count   : 1
2018-03-03 15:11:42 root         DEBUG    Alert           :ALERT
2018-03-03 15:11:42 root         DEBUG    Fnumber         :F180300928
2018-03-03 15:11:42 root         DEBUG    IncidentType    :G&SC1
2018-03-03 15:11:42 root         DEBUG    AssignmentArea  :TOOL2
2018-03-03 15:11:42 root         DEBUG    Dispatch channel:61 
2018-03-03 15:11:42 root         DEBUG    Map ref         :M 332 G4
2018-03-03 15:11:42 root         DEBUG    Latitude        :-37.6249073
2018-03-03 15:11:42 root         DEBUG    Longitude       :144.6500740
2018-03-03 15:11:42 root         DEBUG    Remaining msg   :PADDOCK FIRE SPREADING CNR DIGGERS REST-COIMADAI RD/BLACK HILL RD TOOLERN VALE (926332) AIRBAC CMTON CTOOL HEL345
2018-03-03 15:11:42 root         DEBUG    parseOK         :True
2018-03-03 15:11:42 root         DEBUG    firecall        :True
2018-03-03 15:11:42 database     DEBUG    SELECT * FROM `airfield_bomber_reloading` ORDER BY `name`
2018-03-03 15:11:42 database     DEBUG    SELECT * FROM `airfield_aws` WHERE short_name = 'AIRBAC';
2018-03-03 15:11:45 weather      DEBUG    AWS for parsing is Melbourne Ap
2018-03-03 15:11:45 root         ERROR    <class 'AttributeError'>
2018-03-03 15:11:47 database     DEBUG    SELECT * FROM `airfields` WHERE capcode = '000572072';
2018-03-03 15:11:51 database     DEBUG    SELECT * FROM `airfields` WHERE capcode = '000672096';
2018-03-03 15:13:29 database     DEBUG    SELECT * FROM `airfields` WHERE capcode = '000241465';
2018-03-03 15:14:43 database     DEBUG    SELECT * FROM `airfields` WHERE capcode = '000672088';
2018-03-03 15:15:01 database     DEBUG    SELECT * FROM `airfields` WHERE capcode = '000672056';
2018-03-03 15:15:01 database     DEBUG    SELECT * FROM `airfields` WHERE capcode = '001668258';
2018-03-03 15:16:39 database     DEBUG    SELECT * FROM `airfields` WHERE capcode = '000571384';
2018-03-03 15:16:42 database     DEBUG    SELECT * FROM `airfields` WHERE capcode = '000672088';
2018-03-03 15:21:20 database     DEBUG    SELECT * FROM `airfields` WHERE capcode = '001456785';
2018-03-03 15:21:26 database     DEBUG    SELECT * FROM `airfields` WHERE capcode = '000241409';
2018-03-03 15:21:28 database     DEBUG    SELECT * FROM `airfields` WHERE capcode = '000241465';
2018-03-03 15:21:33 database     DEBUG    SELECT * FROM `airfields` WHERE capcode = '000558304';
2018-03-03 15:21:39 database     DEBUG    SELECT * FROM `airfields` WHERE capcode = '000241465';
2018-03-03 15:25:20 database     DEBUG    SELECT * FROM `airfields` WHERE capcode = '000565104';
2018-03-03 15:26:34 database     DEBUG    SELECT * FROM `airfields` WHERE capcode = '001146363';
2018-03-03 15:26:34 database     DEBUG    SELECT * FROM `airfields` WHERE capcode = '000645205';
2018-03-03 15:26:34 database     DEBUG    SELECT * FROM `airfields` WHERE capcode = '001624199';
2018-03-03 15:33:33 database     DEBUG    SELECT * FROM `airfields` WHERE capcode = '000242785';
2018-03-03 15:33:44 database     DEBUG    SELECT * FROM `airfields` WHERE capcode = '000241185';
2018-03-03 15:33:55 database     DEBUG    SELECT * FROM `airfields` WHERE capcode = '000240097';
2018-03-03 15:36:13 database     DEBUG    SELECT * FROM `airfields` WHERE capcode = '001216280';
2018-03-03 15:37:37 database     DEBUG    SELECT * FROM `airfields` WHERE capcode = '001216280';
2018-03-03 15:40:14 database     DEBUG    SELECT * FROM `airfields` WHERE capcode = '001352976';
2018-03-03 15:40:38 database     DEBUG    SELECT * FROM `airfields` WHERE capcode = '001353120';
2018-03-03 15:42:29 database     DEBUG    SELECT * FROM `airfields` WHERE capcode = '000241329';
2018-03-03 15:44:37 database     DEBUG    SELECT * FROM `airfields` WHERE capcode = '000566904';
2018-03-03 15:45:35 database     DEBUG    SELECT * FROM `airfields` WHERE capcode = '000565424';
2018-03-03 15:45:39 database     DEBUG    SELECT * FROM `airfields` WHERE capcode = '000565408';
2018-03-03 15:45:43 database     DEBUG    SELECT * FROM `airfields` WHERE capcode = '000565400';
2018-03-03 15:45:46 database     DEBUG    SELECT * FROM `airfields` WHERE capcode = '001525176';
2018-03-03 15:49:54 database     DEBUG    SELECT * FROM `airfields` WHERE capcode = '000572120';
2018-03-03 15:51:16 database     DEBUG    SELECT * FROM `airfields` WHERE capcode = '000240713';
2018-03-03 15:52:06 database     DEBUG    SELECT * FROM `airfields` WHERE capcode = '000241033';
2018-03-03 15:52:16 database     DEBUG    SELECT * FROM `airfields` WHERE capcode = '000241081';
2018-03-03 15:52:25 database     DEBUG    SELECT * FROM `airfields` WHERE capcode = '000241145';
2018-03-03 15:52:35 database     DEBUG    SELECT * FROM `airfields` WHERE capcode = '000240905';
2018-03-03 15:54:12 database     DEBUG    SELECT * FROM `airfields` WHERE capcode = '000572040';
2018-03-03 15:54:15 database     DEBUG    SELECT * FROM `airfields` WHERE capcode = '000672096';
2018-03-03 15:55:48 database     DEBUG    SELECT * FROM `airfields` WHERE capcode = '000565552';
2018-03-03 15:55:52 database     DEBUG    SELECT * FROM `airfields` WHERE capcode = '000565936';
2018-03-03 15:55:56 database     DEBUG    SELECT * FROM `airfields` WHERE capcode = '001525176';
2018-03-03 16:10:12 database     DEBUG    SELECT * FROM `airfields` WHERE capcode = '000573248';
2018-03-03 16:10:16 database     DEBUG    SELECT * FROM `airfields` WHERE capcode = '000573224';
2018-03-03 16:10:19 database     DEBUG    SELECT * FROM `airfields` WHERE capcode = '000672104';
2018-03-03 16:17:09 database     DEBUG    SELECT * FROM `airfields` WHERE capcode = '000572304';
2018-03-03 16:17:12 database     DEBUG    SELECT * FROM `airfields` WHERE capcode = '000672008';
2018-03-03 16:20:53 database     DEBUG    SELECT * FROM `airfields` WHERE capcode = '000672088';
2018-03-03 16:25:14 database     DEBUG    SELECT * FROM `airfields` WHERE capcode = '000575152';
2018-03-03 16:25:16 database     DEBUG    SELECT * FROM `airfields` WHERE capcode = '000994493';
2018-03-03 16:25:19 database     DEBUG    SELECT * FROM `airfields` WHERE capcode = '000575112';
2018-03-03 16:25:22 database     DEBUG    SELECT * FROM `airfields` WHERE capcode = '000672120';
2018-03-03 16:26:25 database     DEBUG    SELECT * FROM `airfields` WHERE capcode = '000672024';
2018-03-03 16:30:54 database     DEBUG    SELECT * FROM `airfields` WHERE capcode = '000570472';
2018-03-03 16:31:02 database     DEBUG    SELECT * FROM `airfields` WHERE capcode = '001360920';
2018-03-03 16:31:54 database     DEBUG    SELECT * FROM `airfields` WHERE capcode = '000569912';
2018-03-03 16:31:58 database     DEBUG    SELECT * FROM `airfields` WHERE capcode = '000576000';
2018-03-03 16:32:01 database     DEBUG    SELECT * FROM `airfields` WHERE capcode = '000575968';
2018-03-03 16:32:04 database     DEBUG    SELECT * FROM `airfields` WHERE capcode = '000575120';
2018-03-03 16:32:07 database     DEBUG    SELECT * FROM `airfields` WHERE capcode = '000575896';
2018-03-03 16:32:10 database     DEBUG    SELECT * FROM `airfields` WHERE capcode = '000672120';
2018-03-03 16:32:13 database     DEBUG    SELECT * FROM `airfields` WHERE capcode = '000575112';
2018-03-03 16:32:20 database     DEBUG    SELECT * FROM `airfields` WHERE capcode = '001360920';
2018-03-03 16:32:26 database     DEBUG    SELECT * FROM `airfields` WHERE capcode = '000572168';
2018-03-03 16:47:45 database     DEBUG    SELECT * FROM `airfields` WHERE capcode = '001860657';
2018-03-03 16:47:45 database     DEBUG    SELECT * FROM `airfields` WHERE capcode = '000612124';
2018-03-03 16:47:45 database     DEBUG    SELECT * FROM `airfields` WHERE capcode = '000949941';
2018-03-03 16:54:08 database     DEBUG    SELECT * FROM `airfields` WHERE capcode = '000566696';
2018-03-03 16:54:22 database     DEBUG    SELECT * FROM `airfields` WHERE capcode = '000381394';
2018-03-03 16:59:33 database     DEBUG    SELECT * FROM `airfields` WHERE capcode = '001907579';
2018-03-03 17:04:25 database     DEBUG    SELECT * FROM `airfields` WHERE capcode = '000240921';
2018-03-03 17:08:46 database     DEBUG    SELECT * FROM `airfields` WHERE capcode = '001352976';
2018-03-03 17:08:50 database     DEBUG    SELECT * FROM `airfields` WHERE capcode = '001462128';
2018-03-03 17:08:52 database     DEBUG    SELECT * FROM `airfields` WHERE capcode = '000241129';
2018-03-03 17:08:56 database     DEBUG    SELECT * FROM `airfields` WHERE capcode = '000672096';
2018-03-03 17:11:30 database     DEBUG    SELECT * FROM `airfields` WHERE capcode = '000573680';
2018-03-03 17:11:34 database     DEBUG    SELECT * FROM `airfields` WHERE capcode = '000572608';
2018-03-03 17:11:38 database     DEBUG    SELECT * FROM `airfields` WHERE capcode = '000572600';
2018-03-03 17:11:42 database     DEBUG    SELECT * FROM `airfields` WHERE capcode = '000672104';
2018-03-03 17:11:46 database     DEBUG    SELECT * FROM `airfields` WHERE capcode = '000573320';
2018-03-03 17:15:22 database     DEBUG    SELECT * FROM `airfields` WHERE capcode = '000571864';
2018-03-03 17:15:25 database     DEBUG    SELECT * FROM `airfields` WHERE capcode = '000571840';
2018-03-03 17:15:28 database     DEBUG    SELECT * FROM `airfields` WHERE capcode = '000672096';
2018-03-03 17:15:40 database     DEBUG    SELECT * FROM `airfields` WHERE capcode = '000571840';
2018-03-03 17:15:43 database     DEBUG    SELECT * FROM `airfields` WHERE capcode = '000672096';
2018-03-03 17:19:02 database     DEBUG    SELECT * FROM `airfields` WHERE capcode = '000565264';
2018-03-03 17:21:29 database     DEBUG    SELECT * FROM `airfields` WHERE capcode = '000568904';
2018-03-03 17:21:34 database     DEBUG    SELECT * FROM `airfields` WHERE capcode = '000568952';
2018-03-03 17:21:39 database     DEBUG    SELECT * FROM `airfields` WHERE capcode = '001312112';
2018-03-03 17:21:44 database     DEBUG    SELECT * FROM `airfields` WHERE capcode = '000568848';
2018-03-03 17:21:49 database     DEBUG    SELECT * FROM `airfields` WHERE capcode = '000672064';
2018-03-03 17:21:53 database     DEBUG    SELECT * FROM `airfields` WHERE capcode = '001845560';
2018-03-03 17:21:57 database     DEBUG    SELECT * FROM `airfields` WHERE capcode = '000568384';
2018-03-03 17:25:05 database     DEBUG    SELECT * FROM `airfields` WHERE capcode = '000240497';
2018-03-03 17:26:29 database     DEBUG    SELECT * FROM `airfields` WHERE capcode = '001004648';
2018-03-03 17:28:03 database     DEBUG    SELECT * FROM `airfields` WHERE capcode = '000240609';
2018-03-03 17:30:12 database     DEBUG    SELECT * FROM `airfields` WHERE capcode = '000240529';
2018-03-03 17:31:27 database     DEBUG    SELECT * FROM `airfields` WHERE capcode = '000577936';
2018-03-03 17:32:40 database     DEBUG    SELECT * FROM `airfields` WHERE capcode = '000568952';
2018-03-03 17:57:23 database     DEBUG    SELECT * FROM `airfields` WHERE capcode = '000577656';
2018-03-03 17:57:28 database     DEBUG    SELECT * FROM `airfields` WHERE capcode = '000672136';
2018-03-03 17:58:49 database     DEBUG    SELECT * FROM `airfields` WHERE capcode = '000570328';
2018-03-03 17:58:55 database     DEBUG    SELECT * FROM `airfields` WHERE capcode = '000570248';
2018-03-03 17:59:02 database     DEBUG    SELECT * FROM `airfields` WHERE capcode = '000570344';
2018-03-03 17:59:08 database     DEBUG    SELECT * FROM `airfields` WHERE capcode = '000570168';
2018-03-03 17:59:14 database     DEBUG    SELECT * FROM `airfields` WHERE capcode = '000570264';
2018-03-03 17:59:21 database     DEBUG    SELECT * FROM `airfields` WHERE capcode = '000570360';
2018-03-03 17:59:27 database     DEBUG    SELECT * FROM `airfields` WHERE capcode = '000571944';
2018-03-03 17:59:33 database     DEBUG    SELECT * FROM `airfields` WHERE capcode = '000570288';
2018-03-03 17:59:40 database     DEBUG    SELECT * FROM `airfields` WHERE capcode = '000570376';
2018-03-03 17:59:46 database     DEBUG    SELECT * FROM `airfields` WHERE capcode = '000570312';
2018-03-03 17:59:48 database     DEBUG    SELECT * FROM `airfields` WHERE capcode = '000569792';
2018-03-03 17:59:55 database     DEBUG    SELECT * FROM `airfields` WHERE capcode = '000570136';
2018-03-03 18:00:04 database     DEBUG    SELECT * FROM `airfields` WHERE capcode = '000570232';
2018-03-03 18:00:14 database     DEBUG    SELECT * FROM `airfields` WHERE capcode = '000570408';
2018-03-03 18:00:21 database     DEBUG    SELECT * FROM `airfields` WHERE capcode = '000570440';
2018-03-03 18:00:22 database     DEBUG    SELECT * FROM `airfields` WHERE capcode = '001766584';
2018-03-03 18:06:08 database     DEBUG    SELECT * FROM `airfields` WHERE capcode = '000577656';
2018-03-03 18:06:12 database     DEBUG    SELECT * FROM `airfields` WHERE capcode = '000672136';
2018-03-03 18:09:01 database     DEBUG    SELECT * FROM `airfields` WHERE capcode = '000567856';
2018-03-03 18:09:04 database     DEBUG    SELECT * FROM `airfields` WHERE capcode = '000567848';
2018-03-03 18:09:07 database     DEBUG    SELECT * FROM `airfields` WHERE capcode = '000672056';
2018-03-03 18:09:19 database     DEBUG    SELECT * FROM `airfields` WHERE capcode = '000568032';
2018-03-03 18:12:37 database     DEBUG    SELECT * FROM `airfields` WHERE capcode = '000241657';
2018-03-03 18:18:48 database     DEBUG    SELECT * FROM `airfields` WHERE capcode = '000571200';
2018-03-03 18:19:42 database     DEBUG    SELECT * FROM `airfields` WHERE capcode = '000566472';
2018-03-03 18:19:45 database     DEBUG    SELECT * FROM `airfields` WHERE capcode = '001353024';
2018-03-03 18:19:48 database     DEBUG    SELECT * FROM `airfields` WHERE capcode = '000566160';
2018-03-03 18:19:51 database     DEBUG    SELECT * FROM `airfields` WHERE capcode = '000672048';
2018-03-03 18:24:09 database     DEBUG    SELECT * FROM `airfields` WHERE capcode = '001816184';
2018-03-03 18:24:09 root         DEBUG    b_return: True
2018-03-03 18:24:09 root         DEBUG    row     : {'lat': -36.428467, 'short_name': 'AIRSHP', 'capcode': '001816184', 'lng': 145.390488, 'name': 'PDD - Shepparton'}
2018-03-03 18:24:09 root         DEBUG    count   : 1
2018-03-03 18:24:09 root         DEBUG    Alert           :ALERT
2018-03-03 18:24:09 root         DEBUG    Fnumber         :F180301004
2018-03-03 18:24:09 root         DEBUG    IncidentType    :G&SC1
2018-03-03 18:24:09 root         DEBUG    AssignmentArea  :KYAB4
2018-03-03 18:24:09 root         DEBUG    Dispatch channel:520 
2018-03-03 18:24:09 root         DEBUG    Map ref         :SVNE 8362 E5
2018-03-03 18:24:09 root         DEBUG    Latitude        :-36.3059159
2018-03-03 18:24:09 root         DEBUG    Longitude       :145.0437140
2018-03-03 18:24:09 root         DEBUG    Remaining msg   :TREE FIRE BEHIND CALLERS ADDRESS$12 CROW CR KYABRAM /MELLIS ST (243803) AIRSHP BOYAB CMGUM CTGAL HEL331
2018-03-03 18:24:09 root         DEBUG    parseOK         :True
2018-03-03 18:24:09 root         DEBUG    firecall        :True
2018-03-03 18:24:09 database     DEBUG    SELECT * FROM `airfield_bomber_reloading` ORDER BY `name`
2018-03-03 18:24:09 database     DEBUG    SELECT * FROM `airfield_aws` WHERE short_name = 'AIRSHP';
2018-03-03 18:24:12 weather      DEBUG    AWS for parsing is Shepparton
2018-03-03 18:24:12 weather      DEBUG    Shepparton at 896
2018-03-03 18:24:12 weather      DEBUG    FFDI: 32
2018-03-03 18:24:12 weather      DEBUG    GFDI: 16
2018-03-03 18:24:18 database     DEBUG    SELECT * FROM `airfields` WHERE capcode = '000672136';
2018-03-03 18:24:22 database     DEBUG    SELECT * FROM `airfields` WHERE capcode = '002070888';
2018-03-03 18:24:26 database     DEBUG    SELECT * FROM `airfields` WHERE capcode = '000535116';
2018-03-03 18:24:31 database     DEBUG    SELECT * FROM `airfields` WHERE capcode = '000080088';
2018-03-03 18:43:52 database     DEBUG    SELECT * FROM `airfields` WHERE capcode = '000561264';
2018-03-03 18:43:55 database     DEBUG    SELECT * FROM `airfields` WHERE capcode = '000561280';
2018-03-03 18:43:58 database     DEBUG    SELECT * FROM `airfields` WHERE capcode = '001213680';
2018-03-03 18:44:01 database     DEBUG    SELECT * FROM `airfields` WHERE capcode = '000672008';
2018-03-03 18:45:21 database     DEBUG    SELECT * FROM `airfields` WHERE capcode = '000240545';
2018-03-03 18:45:29 database     DEBUG    SELECT * FROM `airfields` WHERE capcode = '000240385';
2018-03-03 18:47:57 database     DEBUG    SELECT * FROM `airfields` WHERE capcode = '000560736';
2018-03-03 18:48:01 database     DEBUG    SELECT * FROM `airfields` WHERE capcode = '000560704';
2018-03-03 18:48:05 database     DEBUG    SELECT * FROM `airfields` WHERE capcode = '000577656';
2018-03-03 18:48:08 database     DEBUG    SELECT * FROM `airfields` WHERE capcode = '000672136';
2018-03-03 18:48:11 database     DEBUG    SELECT * FROM `airfields` WHERE capcode = '001861072';
2018-03-03 18:48:15 database     DEBUG    SELECT * FROM `airfields` WHERE capcode = '000672008';
2018-03-03 18:48:39 database     DEBUG    SELECT * FROM `airfields` WHERE capcode = '001816176';
2018-03-03 18:48:39 root         DEBUG    b_return: True
2018-03-03 18:48:39 root         DEBUG    row     : {'lat': -37.068035, 'short_name': 'AIRSWL', 'capcode': '001816176', 'lng': 142.74173, 'name': 'PDD - Stawell'}
2018-03-03 18:48:39 root         DEBUG    count   : 1
2018-03-03 18:48:39 root         DEBUG    Alert           :ALERT
2018-03-03 18:48:39 root         DEBUG    Fnumber         :F180301021
2018-03-03 18:48:39 root         DEBUG    IncidentType    :G&SC1
2018-03-03 18:48:39 root         DEBUG    AssignmentArea  :LAHA2
2018-03-03 18:48:39 root         DEBUG    Dispatch channel:517 
2018-03-03 18:48:39 root         DEBUG    Map ref         :SVSW 350 E5
2018-03-03 18:48:39 root         DEBUG    Latitude        :-37.0310294
2018-03-03 18:48:39 root         DEBUG    Longitude       :142.3415911
2018-03-03 18:48:39 root         DEBUG    Remaining msg   :GRASS FIRE 2568 NORTHERN GRAMPIANS RD WARTOOK /ROSES GAP RD //OSULLIVANS RD (193008) AIRSWL BDG372 BOM354 BOM355 CBPEN CLAHA
2018-03-03 18:48:39 root         DEBUG    parseOK         :True
2018-03-03 18:48:39 root         DEBUG    firecall        :True
2018-03-03 18:48:39 database     DEBUG    SELECT * FROM `airfield_bomber_reloading` ORDER BY `name`
2018-03-03 18:48:39 database     DEBUG    SELECT * FROM `airfield_aws` WHERE short_name = 'AIRSWL';
2018-03-03 18:48:42 weather      DEBUG    AWS for parsing is Horsham AWS
2018-03-03 18:48:42 weather      DEBUG    Horsham AWS at 192
2018-03-03 18:48:42 weather      DEBUG    FFDI: 26
2018-03-03 18:48:42 weather      DEBUG    GFDI: 30
2018-03-03 18:48:42 weather      DEBUG    AWS for parsing is Stawell
2018-03-03 18:48:42 weather      DEBUG    Stawell at 320
2018-03-03 18:48:42 weather      DEBUG    FFDI: 14
2018-03-03 18:48:42 weather      DEBUG    GFDI: 12
2018-03-03 18:48:45 database     DEBUG    SELECT * FROM `airfields` WHERE capcode = '000575456';
2018-03-03 18:48:47 database     DEBUG    SELECT * FROM `airfields` WHERE capcode = '000575448';
2018-03-03 18:48:52 database     DEBUG    SELECT * FROM `airfields` WHERE capcode = '000672120';
2018-03-03 18:48:56 database     DEBUG    SELECT * FROM `airfields` WHERE capcode = '000080496';
2018-03-03 18:50:53 database     DEBUG    SELECT * FROM `airfields` WHERE capcode = '000565088';
2018-03-03 18:52:25 database     DEBUG    SELECT * FROM `airfields` WHERE capcode = '000575488';
2018-03-03 18:52:29 database     DEBUG    SELECT * FROM `airfields` WHERE capcode = '000575448';
2018-03-03 18:52:32 database     DEBUG    SELECT * FROM `airfields` WHERE capcode = '000672120';
2018-03-03 18:54:28 database     DEBUG    SELECT * FROM `airfields` WHERE capcode = '000572184';
2018-03-03 18:55:22 database     DEBUG    SELECT * FROM `airfields` WHERE capcode = '000003209';
2018-03-03 18:57:02 database     DEBUG    SELECT * FROM `airfields` WHERE capcode = '000003227';
2018-03-03 18:58:15 database     DEBUG    SELECT * FROM `airfields` WHERE capcode = '000575504';
2018-03-03 18:58:19 database     DEBUG    SELECT * FROM `airfields` WHERE capcode = '000575448';
2018-03-03 18:58:22 database     DEBUG    SELECT * FROM `airfields` WHERE capcode = '000672120';
2018-03-03 18:59:31 database     DEBUG    SELECT * FROM `airfields` WHERE capcode = '001213680';
2018-03-03 18:59:34 database     DEBUG    SELECT * FROM `airfields` WHERE capcode = '000672008';
2018-03-03 19:01:15 database     DEBUG    SELECT * FROM `airfields` WHERE capcode = '000566216';
2018-03-03 19:01:19 database     DEBUG    SELECT * FROM `airfields` WHERE capcode = '000566280';
2018-03-03 19:01:21 database     DEBUG    SELECT * FROM `airfields` WHERE capcode = '000566160';
2018-03-03 19:01:25 database     DEBUG    SELECT * FROM `airfields` WHERE capcode = '000672048';
2018-03-03 19:03:06 database     DEBUG    SELECT * FROM `airfields` WHERE capcode = '000567328';
2018-03-03 19:03:18 database     DEBUG    SELECT * FROM `airfields` WHERE capcode = '000003200';
2018-03-03 19:03:49 database     DEBUG    SELECT * FROM `airfields` WHERE capcode = '001017576';
2018-03-03 19:04:30 database     DEBUG    SELECT * FROM `airfields` WHERE capcode = '000241001';
2018-03-03 19:04:48 database     DEBUG    SELECT * FROM `airfields` WHERE capcode = '001171636';
2018-03-03 19:04:48 database     DEBUG    SELECT * FROM `airfields` WHERE capcode = '.40_ABCDE';
2018-03-03 19:05:15 database     DEBUG    SELECT * FROM `airfields` WHERE capcode = '000240609';
2018-03-03 19:05:58 database     DEBUG    SELECT * FROM `airfields` WHERE capcode = '000566248';
2018-03-03 19:06:00 database     DEBUG    SELECT * FROM `airfields` WHERE capcode = '000566336';
2018-03-03 19:06:04 database     DEBUG    SELECT * FROM `airfields` WHERE capcode = '000566792';
2018-03-03 19:06:07 database     DEBUG    SELECT * FROM `airfields` WHERE capcode = '001353000';
2018-03-03 19:06:10 database     DEBUG    SELECT * FROM `airfields` WHERE capcode = '000672048';
2018-03-03 19:06:13 database     DEBUG    SELECT * FROM `airfields` WHERE capcode = '000566736';
2018-03-03 19:06:16 database     DEBUG    SELECT * FROM `airfields` WHERE capcode = '000672048';
2018-03-03 19:07:55 database     DEBUG    SELECT * FROM `airfields` WHERE capcode = '000240593';
2018-03-03 19:12:10 database     DEBUG    SELECT * FROM `airfields` WHERE capcode = '001215384';
2018-03-03 19:12:10 database     DEBUG    SELECT * FROM `airfields` WHERE capcode = '000080121';
2018-03-03 19:12:10 database     DEBUG    SELECT * FROM `airfields` WHERE capcode = '001122219';
2018-03-03 19:12:10 database     DEBUG    SELECT * FROM `airfields` WHERE capcode = '000561244';
2018-03-03 19:12:10 database     DEBUG    SELECT * FROM `airfields` WHERE capcode = '000305919';
2018-03-03 19:27:32 database     DEBUG    SELECT * FROM `airfields` WHERE capcode = '000350592';
2018-03-03 19:27:32 database     DEBUG    SELECT * FROM `airfields` WHERE capcode = '000147162';
2018-03-03 19:27:32 database     DEBUG    SELECT * FROM `airfields` WHERE capcode = '000187804';
2018-03-03 19:27:32 database     DEBUG    SELECT * FROM `airfields` WHERE capcode = '001127382';
2018-03-03 19:28:17 database     DEBUG    SELECT * FROM `airfields` WHERE capcode = '000572136';
2018-03-03 19:28:20 database     DEBUG    SELECT * FROM `airfields` WHERE capcode = '001327056';
2018-03-03 19:28:24 database     DEBUG    SELECT * FROM `airfields` WHERE capcode = '001462128';
2018-03-03 19:28:28 database     DEBUG    SELECT * FROM `airfields` WHERE capcode = '000672096';
2018-03-03 19:29:35 database     DEBUG    SELECT * FROM `airfields` WHERE capcode = '000162146';
2018-03-03 19:30:25 database     DEBUG    SELECT * FROM `airfields` WHERE capcode = '000240609';
2018-03-03 19:32:12 database     DEBUG    SELECT * FROM `airfields` WHERE capcode = '000240273';
2018-03-03 19:32:15 database     DEBUG    SELECT * FROM `airfields` WHERE capcode = '000562896';
2018-03-03 19:34:40 database     DEBUG    SELECT * FROM `airfields` WHERE capcode = '000240273';
2018-03-03 19:36:36 database     DEBUG    SELECT * FROM `airfields` WHERE capcode = '000571504';
2018-03-03 19:36:39 database     DEBUG    SELECT * FROM `airfields` WHERE capcode = '000571384';
2018-03-03 19:36:41 database     DEBUG    SELECT * FROM `airfields` WHERE capcode = '000672088';
2018-03-03 19:36:49 database     DEBUG    SELECT * FROM `airfields` WHERE capcode = '000566920';
2018-03-03 19:36:53 database     DEBUG    SELECT * FROM `airfields` WHERE capcode = '001353072';
2018-03-03 19:36:57 database     DEBUG    SELECT * FROM `airfields` WHERE capcode = '000566760';
2018-03-03 19:37:01 database     DEBUG    SELECT * FROM `airfields` WHERE capcode = '000566736';
2018-03-03 19:37:04 database     DEBUG    SELECT * FROM `airfields` WHERE capcode = '000672048';
2018-03-03 19:37:08 database     DEBUG    SELECT * FROM `airfields` WHERE capcode = '000566160';
2018-03-03 19:39:41 database     DEBUG    SELECT * FROM `airfields` WHERE capcode = '000572264';
2018-03-03 19:39:47 database     DEBUG    SELECT * FROM `airfields` WHERE capcode = '000565552';
2018-03-03 19:39:50 database     DEBUG    SELECT * FROM `airfields` WHERE capcode = '001353040';
2018-03-03 19:39:53 database     DEBUG    SELECT * FROM `airfields` WHERE capcode = '001525176';
2018-03-03 19:42:22 database     DEBUG    SELECT * FROM `airfields` WHERE capcode = '000240273';
2018-03-03 19:43:24 database     DEBUG    SELECT * FROM `airfields` WHERE capcode = '000240497';
2018-03-03 19:44:34 database     DEBUG    SELECT * FROM `airfields` WHERE capcode = '000565104';
2018-03-03 19:44:37 database     DEBUG    SELECT * FROM `airfields` WHERE capcode = '000565728';
2018-03-03 19:44:40 database     DEBUG    SELECT * FROM `airfields` WHERE capcode = '000565136';
2018-03-03 19:44:43 database     DEBUG    SELECT * FROM `airfields` WHERE capcode = '000565080';
2018-03-03 19:44:46 database     DEBUG    SELECT * FROM `airfields` WHERE capcode = '001525176';
2018-03-03 19:44:49 database     DEBUG    SELECT * FROM `airfields` WHERE capcode = '000565640';
2018-03-03 19:45:26 database     DEBUG    SELECT * FROM `airfields` WHERE capcode = '001171636';
2018-03-03 19:45:26 database     DEBUG    SELECT * FROM `airfields` WHERE capcode = '.40_ABCDE';
2018-03-03 19:45:26 database     DEBUG    SELECT * FROM `airfields` WHERE capcode = '001685648';
2018-03-03 19:46:05 database     DEBUG    SELECT * FROM `airfields` WHERE capcode = '000568032';
2018-03-03 19:47:29 database     DEBUG    SELECT * FROM `airfields` WHERE capcode = '000565280';
2018-03-03 19:47:33 database     DEBUG    SELECT * FROM `airfields` WHERE capcode = '001798320';
2018-03-03 19:47:37 database     DEBUG    SELECT * FROM `airfields` WHERE capcode = '001353040';
2018-03-03 19:47:41 database     DEBUG    SELECT * FROM `airfields` WHERE capcode = '000565240';
2018-03-03 19:47:45 database     DEBUG    SELECT * FROM `airfields` WHERE capcode = '001525176';
2018-03-03 19:52:17 database     DEBUG    SELECT * FROM `airfields` WHERE capcode = '000240713';
2018-03-03 19:53:40 database     DEBUG    SELECT * FROM `airfields` WHERE capcode = '000623712';
2018-03-03 19:53:40 database     DEBUG    SELECT * FROM `airfields` WHERE capcode = '002016857';
2018-03-03 19:53:40 database     DEBUG    SELECT * FROM `airfields` WHERE capcode = '001839498';
2018-03-03 19:53:40 database     DEBUG    SELECT * FROM `airfields` WHERE capcode = '001469116';
2018-03-03 19:53:40 database     DEBUG    SELECT * FROM `airfields` WHERE capcode = '000412878';
2018-03-03 20:20:04 database     DEBUG    SELECT * FROM `airfields` WHERE capcode = '000581784';
2018-03-03 20:20:08 database     DEBUG    SELECT * FROM `airfields` WHERE capcode = '000581656';
2018-03-03 20:20:10 database     DEBUG    SELECT * FROM `airfields` WHERE capcode = '000581632';
2018-03-03 20:20:14 database     DEBUG    SELECT * FROM `airfields` WHERE capcode = '000672160';
2018-03-03 20:21:07 database     DEBUG    SELECT * FROM `airfields` WHERE capcode = '000240289';
2018-03-03 20:22:45 database     DEBUG    SELECT * FROM `airfields` WHERE capcode = '000569440';
2018-03-03 20:22:48 database     DEBUG    SELECT * FROM `airfields` WHERE capcode = '000569576';
2018-03-03 20:22:51 database     DEBUG    SELECT * FROM `airfields` WHERE capcode = '000672072';
2018-03-03 20:22:54 database     DEBUG    SELECT * FROM `airfields` WHERE capcode = '000569400';
2018-03-03 20:24:09 database     DEBUG    SELECT * FROM `airfields` WHERE capcode = '001856916';
2018-03-03 20:30:50 database     DEBUG    SELECT * FROM `airfields` WHERE capcode = '001013065';
2018-03-03 20:32:22 database     DEBUG    SELECT * FROM `airfields` WHERE capcode = '001013065';
2018-03-03 20:32:29 database     DEBUG    SELECT * FROM `airfields` WHERE capcode = '000571104';
2018-03-03 20:32:32 database     DEBUG    SELECT * FROM `airfields` WHERE capcode = '001353112';
2018-03-03 20:32:35 database     DEBUG    SELECT * FROM `airfields` WHERE capcode = '000571016';
2018-03-03 20:32:38 database     DEBUG    SELECT * FROM `airfields` WHERE capcode = '000672088';
2018-03-03 20:32:41 database     DEBUG    SELECT * FROM `airfields` WHERE capcode = '000571104';
2018-03-03 20:32:44 database     DEBUG    SELECT * FROM `airfields` WHERE capcode = '000571016';
2018-03-03 20:32:48 database     DEBUG    SELECT * FROM `airfields` WHERE capcode = '000672088';
2018-03-03 20:33:50 database     DEBUG    SELECT * FROM `airfields` WHERE capcode = '000578360';
2018-03-03 20:33:54 database     DEBUG    SELECT * FROM `airfields` WHERE capcode = '000578392';
2018-03-03 20:33:59 database     DEBUG    SELECT * FROM `airfields` WHERE capcode = '000579112';
2018-03-03 20:34:03 database     DEBUG    SELECT * FROM `airfields` WHERE capcode = '000578304';
2018-03-03 20:34:06 database     DEBUG    SELECT * FROM `airfields` WHERE capcode = '000672136';
2018-03-03 20:34:09 database     DEBUG    SELECT * FROM `airfields` WHERE capcode = '001806696';
2018-03-03 20:34:12 database     DEBUG    SELECT * FROM `airfields` WHERE capcode = '000672144';
2018-03-03 20:34:26 database     DEBUG    SELECT * FROM `airfields` WHERE capcode = '000560976';
2018-03-03 20:34:31 database     DEBUG    SELECT * FROM `airfields` WHERE capcode = '000561072';
2018-03-03 20:34:36 database     DEBUG    SELECT * FROM `airfields` WHERE capcode = '000560960';
2018-03-03 20:34:41 database     DEBUG    SELECT * FROM `airfields` WHERE capcode = '000560952';
2018-03-03 20:34:45 database     DEBUG    SELECT * FROM `airfields` WHERE capcode = '000672112';
2018-03-03 20:35:16 database     DEBUG    SELECT * FROM `airfields` WHERE capcode = '001353064';
2018-03-03 20:35:19 database     DEBUG    SELECT * FROM `airfields` WHERE capcode = '000566792';
2018-03-03 20:35:22 database     DEBUG    SELECT * FROM `airfields` WHERE capcode = '000571104';
2018-03-03 20:35:25 database     DEBUG    SELECT * FROM `airfields` WHERE capcode = '000566736';
2018-03-03 20:35:28 database     DEBUG    SELECT * FROM `airfields` WHERE capcode = '000672048';
2018-03-03 20:35:31 database     DEBUG    SELECT * FROM `airfields` WHERE capcode = '000571016';
2018-03-03 20:35:35 database     DEBUG    SELECT * FROM `airfields` WHERE capcode = '000672088';
2018-03-03 20:36:12 database     DEBUG    SELECT * FROM `airfields` WHERE capcode = '001643177';
2018-03-03 20:37:54 database     DEBUG    SELECT * FROM `airfields` WHERE capcode = '000568240';
2018-03-03 20:37:54 database     DEBUG    SELECT * FROM `airfields` WHERE capcode = '000225018';
2018-03-03 20:37:55 database     DEBUG    SELECT * FROM `airfields` WHERE capcode = '001477406';
2018-03-03 20:41:11 database     DEBUG    SELECT * FROM `airfields` WHERE capcode = '000907556';
2018-03-03 20:41:11 database     DEBUG    SELECT * FROM `airfields` WHERE capcode = '001145542';
2018-03-03 20:43:25 database     DEBUG    SELECT * FROM `airfields` WHERE capcode = '000672048';
2018-03-03 20:43:28 database     DEBUG    SELECT * FROM `airfields` WHERE capcode = '001477091';
2018-03-03 20:55:03 database     DEBUG    SELECT * FROM `airfields` WHERE capcode = '000963760';
2018-03-03 20:55:03 database     DEBUG    SELECT * FROM `airfields` WHERE capcode = '000714481';
2018-03-03 20:55:03 database     DEBUG    SELECT * FROM `airfields` WHERE capcode = '001404133';
2018-03-03 21:00:34 database     DEBUG    SELECT * FROM `airfields` WHERE capcode = '000578392';
2018-03-03 21:00:38 database     DEBUG    SELECT * FROM `airfields` WHERE capcode = '000577992';
2018-03-03 21:00:41 database     DEBUG    SELECT * FROM `airfields` WHERE capcode = '000672136';
2018-03-03 21:00:44 database     DEBUG    SELECT * FROM `airfields` WHERE capcode = '000578304';
2018-03-03 21:00:47 database     DEBUG    SELECT * FROM `airfields` WHERE capcode = '000672136';
2018-03-03 21:05:10 database     DEBUG    SELECT * FROM `airfields` WHERE capcode = '001830552';
2018-03-03 21:05:10 database     DEBUG    SELECT * FROM `airfields` WHERE capcode = '001988561';
2018-03-03 21:05:10 database     DEBUG    SELECT * FROM `airfields` WHERE capcode = '001750789';
2018-03-03 21:09:54 database     DEBUG    SELECT * FROM `airfields` WHERE capcode = '001362144';
2018-03-03 21:12:10 database     DEBUG    SELECT * FROM `airfields` WHERE capcode = '001856916';
2018-03-03 21:14:44 database     DEBUG    SELECT * FROM `airfields` WHERE capcode = '001327056';
2018-03-03 21:24:29 database     DEBUG    SELECT * FROM `airfields` WHERE capcode = '000561264';
2018-03-03 21:25:04 database     DEBUG    SELECT * FROM `airfields` WHERE capcode = '000566904';
2018-03-03 21:25:08 database     DEBUG    SELECT * FROM `airfields` WHERE capcode = '001353064';
2018-03-03 21:25:13 database     DEBUG    SELECT * FROM `airfields` WHERE capcode = '001353000';
2018-03-03 21:25:17 database     DEBUG    SELECT * FROM `airfields` WHERE capcode = '000566736';
2018-03-03 21:25:20 database     DEBUG    SELECT * FROM `airfields` WHERE capcode = '000672048';
2018-03-03 21:26:38 database     DEBUG    SELECT * FROM `airfields` WHERE capcode = '000240545';
2018-03-03 21:26:42 database     DEBUG    SELECT * FROM `airfields` WHERE capcode = '000240713';
2018-03-03 21:31:53 database     DEBUG    SELECT * FROM `airfields` WHERE capcode = '001688682';
2018-03-03 21:31:53 database     DEBUG    SELECT * FROM `airfields` WHERE capcode = '001126380';
2018-03-03 21:31:53 database     DEBUG    SELECT * FROM `airfields` WHERE capcode = '000851198';
2018-03-03 21:47:27 database     DEBUG    SELECT * FROM `airfields` WHERE capcode = '001312120';
2018-03-03 21:47:30 database     DEBUG    SELECT * FROM `airfields` WHERE capcode = '000573224';
2018-03-03 21:47:33 database     DEBUG    SELECT * FROM `airfields` WHERE capcode = '000672104';
2018-03-03 21:47:36 database     DEBUG    SELECT * FROM `airfields` WHERE capcode = '000576600';
2018-03-03 21:47:39 database     DEBUG    SELECT * FROM `airfields` WHERE capcode = '000576480';
2018-03-03 21:47:41 database     DEBUG    SELECT * FROM `airfields` WHERE capcode = '000672128';
2018-03-03 21:58:55 database     DEBUG    SELECT * FROM `airfields` WHERE capcode = '001375009';
2018-03-03 21:58:55 database     DEBUG    SELECT * FROM `airfields` WHERE capcode = '000464860';
2018-03-03 21:58:55 database     DEBUG    SELECT * FROM `airfields` WHERE capcode = '000408918';
2018-03-03 22:00:09 database     DEBUG    SELECT * FROM `airfields` WHERE capcode = '001856916';
2018-03-03 22:00:53 database     DEBUG    SELECT * FROM `airfields` WHERE capcode = '000576480';
2018-03-03 22:00:58 database     DEBUG    SELECT * FROM `airfields` WHERE capcode = '000672128';
2018-03-03 22:01:03 database     DEBUG    SELECT * FROM `airfields` WHERE capcode = '001874552';
2018-03-03 22:02:27 database     DEBUG    SELECT * FROM `airfields` WHERE capcode = '000576520';
2018-03-03 22:04:46 database     DEBUG    SELECT * FROM `airfields` WHERE capcode = '001171636';
2018-03-03 22:04:46 database     DEBUG    SELECT * FROM `airfields` WHERE capcode = '.40_ABCDE';
2018-03-03 22:05:47 database     DEBUG    SELECT * FROM `airfields` WHERE capcode = '000576648';
2018-03-03 22:05:50 database     DEBUG    SELECT * FROM `airfields` WHERE capcode = '000576480';
2018-03-03 22:05:53 database     DEBUG    SELECT * FROM `airfields` WHERE capcode = '000672128';
2018-03-03 22:08:07 database     DEBUG    SELECT * FROM `airfields` WHERE capcode = '000571424';
2018-03-03 22:08:12 database     DEBUG    SELECT * FROM `airfields` WHERE capcode = '000571392';
2018-03-03 22:08:16 database     DEBUG    SELECT * FROM `airfields` WHERE capcode = '000571384';
2018-03-03 22:08:19 database     DEBUG    SELECT * FROM `airfields` WHERE capcode = '000569128';
2018-03-03 22:08:24 database     DEBUG    SELECT * FROM `airfields` WHERE capcode = '000569144';
2018-03-03 22:08:28 database     DEBUG    SELECT * FROM `airfields` WHERE capcode = '000569160';
2018-03-03 22:08:32 database     DEBUG    SELECT * FROM `airfields` WHERE capcode = '000569096';
2018-03-03 22:08:37 database     DEBUG    SELECT * FROM `airfields` WHERE capcode = '000572472';
2018-03-03 22:08:41 database     DEBUG    SELECT * FROM `airfields` WHERE capcode = '001845968';
2018-03-03 22:08:45 database     DEBUG    SELECT * FROM `airfields` WHERE capcode = '000572456';
2018-03-03 22:08:50 database     DEBUG    SELECT * FROM `airfields` WHERE capcode = '000672088';
2018-03-03 22:08:53 database     DEBUG    SELECT * FROM `airfields` WHERE capcode = '000569008';
2018-03-03 22:08:55 database     DEBUG    SELECT * FROM `airfields` WHERE capcode = '000242001';
2018-03-03 22:08:58 database     DEBUG    SELECT * FROM `airfields` WHERE capcode = '000672064';
2018-03-03 22:09:02 database     DEBUG    SELECT * FROM `airfields` WHERE capcode = '000711696';
2018-03-03 22:09:06 database     DEBUG    SELECT * FROM `airfields` WHERE capcode = '000672096';
2018-03-03 22:09:24 database     DEBUG    SELECT * FROM `airfields` WHERE capcode = '000577992';
2018-03-03 22:09:27 database     DEBUG    SELECT * FROM `airfields` WHERE capcode = '000672136';
2018-03-03 22:10:20 database     DEBUG    SELECT * FROM `airfields` WHERE capcode = '000578304';
2018-03-03 22:10:23 database     DEBUG    SELECT * FROM `airfields` WHERE capcode = '000672136';
2018-03-03 22:35:41 database     DEBUG    SELECT * FROM `airfields` WHERE capcode = '000578376';
2018-03-03 22:42:02 database     DEBUG    SELECT * FROM `airfields` WHERE capcode = '000003218';
2018-03-03 22:52:02 database     DEBUG    SELECT * FROM `airfields` WHERE capcode = '000572608';
2018-03-03 22:52:05 database     DEBUG    SELECT * FROM `airfields` WHERE capcode = '000571728';
2018-03-03 22:52:08 database     DEBUG    SELECT * FROM `airfields` WHERE capcode = '000672104';
2018-03-03 22:52:11 database     DEBUG    SELECT * FROM `airfields` WHERE capcode = '000572600';
2018-03-03 22:52:42 database     DEBUG    SELECT * FROM `airfields` WHERE capcode = '001352976';
2018-03-03 22:57:30 database     DEBUG    SELECT * FROM `airfields` WHERE capcode = '000579536';
2018-03-03 22:57:33 database     DEBUG    SELECT * FROM `airfields` WHERE capcode = '000672144';
2018-03-03 22:58:15 database     DEBUG    SELECT * FROM `airfields` WHERE capcode = '001327056';
2018-03-03 23:35:44 database     DEBUG    SELECT * FROM `airfields` WHERE capcode = '000672096';
2018-03-03 23:42:10 database     DEBUG    SELECT * FROM `airfields` WHERE capcode = '001353072';
2018-03-03 23:42:15 database     DEBUG    SELECT * FROM `airfields` WHERE capcode = '000566160';
2018-03-03 23:42:21 database     DEBUG    SELECT * FROM `airfields` WHERE capcode = '000672048';
2018-03-03 23:46:04 database     DEBUG    SELECT * FROM `airfields` WHERE capcode = '001353112';
2018-03-03 23:46:07 database     DEBUG    SELECT * FROM `airfields` WHERE capcode = '000571016';
2018-03-03 23:46:09 database     DEBUG    SELECT * FROM `airfields` WHERE capcode = '000672088';
